0.745985  0.533587356421
0.770017  0.525459658674

0.732686  0.557551416069
0.748499  0.542400212535

0.725273  0.560272936369
0.742603  0.54506038667

0.715098  0.574991390752
0.73191  0.561144934014

0.703676  0.588417893246
0.726542  0.574406232986

0.687659  0.616513820167
0.719408  0.605674920135

0.675547  0.634770315198
0.718008  0.615234983578

0.661399  0.651651787806
0.71561  0.626551696242

0.61528  0.701541184933
0.700492  0.663397455227

0.596159  0.710630235398
0.683885  0.666520067106

0.572368  0.736956232967
0.677858  0.685571698064

0.563002  0.744285089999
0.671959  0.694965454053

0.55635  0.747804405526
0.67336  0.698841512348

0.546265  0.757961155314
0.674386  0.706272243235

0.542396  0.762010047414
0.673707  0.712962172114

0.540964  0.758502303622
0.664619  0.710058475641

0.535438  0.764853155228
0.668408  0.711478668076

0.534755  0.761426236406
0.665878  0.712496159446

0.530754  0.767473019421
0.663825  0.713602899546

0.533811  0.761410326006
0.667667  0.71149101756

0.528001  0.769394432969
0.666758  0.71744886117

0.52774  0.76863415206
0.660766  0.716393724947

0.52587  0.769112099209
0.659684  0.716001811306

0.525107  0.768230913907
0.659293  0.712737237287

0.523053  0.771822791568
0.65797  0.71749073758

0.522448  0.77090275304
0.659425  0.716006688345

0.522104  0.771064809728
0.656997  0.716707519233

0.520585  0.773457000607
0.658437  0.719790625479

0.518328  0.777575858074
0.666315  0.721241597007

0.517735  0.779272985998
0.64755  0.720488132872

0.512566  0.779434194082
0.651971  0.721949547648

0.508914  0.779980208086
0.655092  0.721190416388

0.506951  0.780532542448
0.653918  0.724916012667

0.504878  0.781220110157
0.653799  0.724361978092

0.503212  0.785235273368
0.650453  0.728096646916

0.503098  0.785083684806
0.647715  0.723595185386

0.503652  0.7818917731
0.65145  0.723777469776

0.503506  0.782125036821
0.643237  0.722225068009

0.500759  0.786243177258
0.648298  0.72701218057

0.500008  0.784388979097
0.650535  0.722844671318

0.499647  0.786071615052
0.645822  0.727703733649

0.499227  0.786378155873
0.646282  0.72605799417

0.49916  0.786028116291
0.643469  0.726078453893

0.497699  0.787264262389
0.645433  0.728195053894

0.497462  0.788357998957
0.642096  0.7262443712

0.499308  0.785205718513
0.640916  0.726026068935

0.497233  0.788074717276
0.641772  0.726735834211

0.49669  0.787461158159
0.642897  0.725709018754

0.50642  0.781019278149
0.652973  0.722789947989

0.506141  0.781895610075
0.634961  0.723098536863

0.499554  0.787995350421
0.637182  0.724911590778

0.494897  0.789250723469
0.641998  0.7276140637

0.494179  0.789959889008
0.636714  0.728582582361

0.49235  0.790540618872
0.637793  0.72823055989

0.491721  0.791511279041
0.635231  0.729473403483

0.490416  0.79278140146
0.641617  0.731885835262

0.489539  0.791645626842
0.640502  0.728783290222

0.489256  0.78953841863
0.641876  0.726532015254

0.488434  0.793725690766
0.639059  0.732269134564

0.488987  0.791980044659
0.63525  0.727650906216

0.488425  0.790108676261
0.63683  0.724374866081

0.487225  0.792825600479
0.638646  0.729082780791

0.486914  0.793380720369
0.639229  0.729189595199

0.48658  0.792390490246
0.638079  0.728645156658

0.486236  0.792472337031
0.635214  0.728140400382

0.485795  0.793468210412
0.640022  0.729350408678

0.48543  0.793137474884
0.638806  0.730762702906

0.485283  0.794048306441
0.636822  0.728889029376

0.494176  0.790841937114
0.635499  0.726688673644

0.487297  0.793596681299
0.639197  0.728768404891

0.485335  0.794648580132
0.636692  0.731257361272

0.483901  0.794966242058
0.633039  0.731037200049

0.483501  0.795566566363
0.632412  0.732287604909

0.482341  0.797516023784
0.643941  0.733825942541

0.480401  0.79862143392
0.639478  0.734339395575

0.479892  0.797613259557
0.639026  0.733453566647

0.479302  0.796777067039
0.634275  0.731267353274

0.47897  0.797890829614
0.632268  0.734672025169

0.478637  0.795889707278
0.633506  0.732209294196

0.478733  0.795120452361
0.632495  0.729630508025

0.478365  0.797320722821
0.631526  0.731372235148

0.477821  0.796772663209
0.638461  0.732877768378

0.480662  0.791424088684
0.625368  0.72894139487

0.47703  0.798573633986
0.634211  0.736668740952

0.476768  0.798859067984
0.632046  0.736044890257

0.477425  0.797747055275
0.624917  0.735084207963

0.477646  0.797365576084
0.626697  0.730826182963

0.475744  0.798655446619
0.633603  0.73504695793

0.481912  0.799472971152
0.629869  0.730220168475

0.480446  0.795431280145
0.628196  0.728413735883

0.475941  0.800835517482
0.634931  0.733915604654

0.474956  0.800239120071
0.639248  0.738190217168

0.474046  0.799255872192
0.631549  0.732996231891

0.474445  0.79967390816
0.62297  0.737359520512

0.472624  0.799894470414
0.623889  0.735100000803

0.472566  0.801985066835
0.626531  0.734900469719

0.471654  0.80016722852
0.623894  0.735094954616

0.472107  0.797626162884
0.621008  0.733533865115

0.47091  0.799837803089
0.628311  0.735920298289

0.470344  0.800693814591
0.62447  0.739240990517

0.470264  0.799481694768
0.624323  0.737176054385

0.471258  0.798753906275
0.618407  0.736921621542

0.470462  0.801232253834
0.62052  0.737518957433

0.46914  0.801539729048
0.626054  0.737754131417

0.469895  0.800458280757
0.62043  0.738217286347

0.468941  0.80222604132
0.625315  0.738573929833

0.468496  0.801757902998
0.622959  0.738561792786

0.468877  0.800604153634
0.619364  0.736203062922

0.477036  0.798997127764
0.639129  0.729937998177

0.474254  0.799627758703
0.632837  0.738106019869

0.47121  0.800456279172
0.621582  0.738692293791

0.470588  0.801852820291
0.615488  0.740865701668

0.46898  0.800182236627
0.616009  0.738721630967

0.468646  0.800691012997
0.618115  0.740891526433

0.46692  0.803015877536
0.61677  0.741793149773

0.466629  0.802248722646
0.616326  0.738997843468

0.465718  0.802685769529
0.614445  0.742884271704

0.465669  0.8034240617
0.615139  0.740527228032

0.468024  0.799233564599
0.612035  0.737991804253

0.465311  0.804271329711
0.613108  0.741682092242

0.464276  0.805908070023
0.618254  0.743920680019

0.464315  0.805598219304
0.613858  0.744338060487

0.464241  0.804181231527
0.613843  0.741636879895

0.463525  0.803898954476
0.614001  0.74306592074

0.464269  0.803415225355
0.609485  0.743934153482

0.463034  0.805965713714
0.613494  0.745357061492

0.463589  0.806492326916
0.612434  0.745766188419

0.463507  0.803700893681
0.61297  0.743093639945

0.468717  0.803898864217
0.631319  0.739582611176

0.467623  0.802715208216
0.633006  0.74161540753

0.464914  0.801572760158
0.617681  0.740175172688

0.463076  0.803840624648
0.614882  0.742205867833

0.462207  0.807630371359
0.615879  0.745725294838

0.461657  0.805783347114
0.614632  0.743824897629

0.46118  0.806709734127
0.608794  0.745964379176

0.460602  0.808265148153
0.613932  0.747439007246

