0.146214  0.718973305083
0.214688  0.702373375213
0.218423  0.699263724065

0.145658  0.717640541152
0.212474  0.701802631397
0.216231  0.698876436446

0.145355  0.717067258692
0.212197  0.701001933916
0.215731  0.698222190929

0.145122  0.716923749886
0.211871  0.701112142448
0.215204  0.698747603757

0.14491  0.716912910309
0.211803  0.70085841953
0.215017  0.697997923857

0.144726  0.716060257042
0.211687  0.700196968493
0.214997  0.697713581982

0.144539  0.715315743378
0.211926  0.699769263326
0.215511  0.696900141941

0.144387  0.715516238893
0.211994  0.699308086301
0.215321  0.696679062543

0.144236  0.714777693941
0.211978  0.698639659517
0.215  0.696600963876

0.144113  0.716248628636
0.211642  0.699962426006
0.214584  0.698639494018

0.143954  0.71603508069
0.2124  0.699967298476
0.215937  0.69724314577

0.14381  0.715610566511
0.212116  0.699210684311
0.215519  0.697301329324

0.143677  0.715939177063
0.212243  0.699252417851
0.215444  0.697666837164

0.143559  0.71668286009
0.212247  0.699902493697
0.215521  0.698189429933

0.143431  0.716332292686
0.212291  0.699777458477
0.21538  0.698184198604

0.143304  0.717159781156
0.212523  0.700316621831
0.215802  0.69841577318

0.143172  0.717156430205
0.212554  0.700024564754
0.215756  0.698014769184

0.143066  0.716940310028
0.212689  0.69992496604
0.216346  0.697265273654

0.142944  0.717098642632
0.212369  0.700098933644
0.2156  0.697794780255

0.14284  0.71757570553
0.212652  0.700602684199
0.215396  0.697211190751

0.142739  0.717549655722
0.212715  0.70048732566
0.21572  0.697416493711

0.142621  0.718707003633
0.212435  0.70151525321
0.215256  0.698044318357

0.142496  0.718862561913
0.212868  0.701617491278
0.21603  0.698564348742

0.14239  0.717478542297
0.212836  0.700437254055
0.215909  0.697023020617

0.142272  0.718779563277
0.21282  0.701685079897
0.215849  0.697832256254

0.142182  0.719036745613
0.213027  0.701740707911
0.216167  0.698698980767

0.142068  0.719071124362
0.213083  0.70154473083
0.216043  0.698158550266

0.141974  0.719867859713
0.213258  0.702215112035
0.216193  0.698402397794

0.141869  0.719509634896
0.21304  0.701934373777
0.216506  0.697572973056

0.141778  0.720198887592
0.213146  0.70252170195
0.216549  0.698625847589

0.14175  0.720419578625
0.213108  0.702746963704
0.21617  0.698817886348

0.141732  0.720704905437
0.213062  0.703068236828
0.216143  0.698800307272

0.141718  0.720258853593
0.213164  0.702618599968
0.216389  0.698538162664

0.141707  0.720205024327
0.213236  0.702602466436
0.216539  0.698342486812

0.141695  0.720454447477
0.213093  0.702712892469
0.216382  0.69835149894

0.141679  0.720585729417
0.21314  0.702930933956
0.216267  0.698553375871

0.141674  0.720638578068
0.213166  0.702799069313
0.216433  0.698551008416

0.141657  0.72075367268
0.213189  0.703012184177
0.216318  0.698771978535

0.141647  0.720810240648
0.213195  0.70303968833
0.216321  0.698602958595

0.141635  0.720801067337
0.21319  0.702938984841
0.216315  0.69867675595

0.141624  0.72053668865
0.213282  0.702542651893
0.21661  0.698309496002

0.141612  0.720692837324
0.21321  0.702873009142
0.216415  0.698738251254

0.141603  0.7206105022
0.213287  0.702616039877
0.216629  0.698391855535

0.141593  0.720781969148
0.213259  0.703059446559
0.216487  0.698681364815

0.141583  0.720785535504
0.213379  0.70274491408
0.216649  0.698420012788

0.14157  0.720971428654
0.213315  0.702964349985
0.21641  0.698747036236

0.141561  0.720920134508
0.213202  0.702875359821
0.216237  0.69842354544

0.14155  0.720968351936
0.213391  0.702976484649
0.216462  0.698298573047

0.141537  0.72113836938
0.213283  0.703057505648
0.216373  0.69827776474

0.141529  0.721066525001
0.213297  0.70304814277
0.216352  0.698543075424

0.141519  0.721331986013
0.213217  0.703376975828
0.216274  0.698899752395

