0.0482501  0.919558520676
0.0460327  0.915565720984
0.0462754  0.923165890972

0.0408576  0.930271265637
0.0386076  0.921685964176
0.0383813  0.928143433674

0.0376955  0.933954523457
0.0352034  0.924227966161
0.0351023  0.930379686712

0.0353084  0.936166357787
0.0335937  0.925786130431
0.0331952  0.931417739972

0.0335374  0.937033841425
0.0317242  0.925731452007
0.0307457  0.931571635687

0.0321819  0.937530621636
0.0303035  0.926459689079
0.0286465  0.931166407235

0.0310808  0.937873305332
0.0292546  0.927049073595
0.0274673  0.931299294547

0.0302351  0.938224474842
0.0284893  0.927410830573
0.0266802  0.931084860808

0.02949  0.938406564865
0.0276575  0.927816969742
0.025521  0.931089942065

0.0288906  0.938587676131
0.0269477  0.927783951096
0.0244462  0.931058126763

0.0283828  0.938776910539
0.0263796  0.927975839908
0.0240255  0.931177172571

0.0279434  0.938942442443
0.0260685  0.927947856339
0.0236153  0.931055513558

0.0275832  0.93903963547
0.025823  0.927943310252
0.0232114  0.930709448593

0.0272428  0.939140058531
0.0255012  0.927942776897
0.0229987  0.931290886638

0.0269276  0.939247272626
0.0252019  0.928065361931
0.0226271  0.931426221408

0.02668  0.939259700116
0.0249712  0.928159050499
0.022548  0.931026532074

0.0264423  0.93925887637
0.0247369  0.928224001718
0.0223645  0.931040481237

0.0262445  0.939325405741
0.0245272  0.928271823915
0.0221948  0.930778460915

0.0260457  0.939384973517
0.0243795  0.928264246317
0.0219965  0.930943736879

0.0258901  0.93941826932
0.0242151  0.928417651802
0.0220748  0.930938609849

0.0257177  0.939440579604
0.0240205  0.928417486071
0.0218203  0.930929282924

0.0255587  0.939458776114
0.0240099  0.928433947368
0.0217097  0.931101018149

0.025413  0.939479993085
0.0238181  0.928546787018
0.021625  0.931123282093

0.0252834  0.939511280451
0.0237331  0.928636735968
0.0215957  0.931117519733

0.025153  0.939495874421
0.0235694  0.928619642045
0.0214889  0.931128074247

0.0250344  0.939498146148
0.0234191  0.928519978228
0.0214715  0.930987040882

0.0249117  0.939518426612
0.0233595  0.928735545934
0.0214322  0.931001894986

0.0247974  0.939536765157
0.0232205  0.928778501429
0.0212402  0.930981555531

0.0246884  0.939569345228
0.0231627  0.928862061083
0.0211664  0.930994150269

0.0245835  0.939575661601
0.0230147  0.929041430989
0.0211364  0.930997225974

0.0244795  0.939601259952
0.0228277  0.928942953539
0.0211013  0.930990127687

0.0243872  0.939644644756
0.0228115  0.929091511089
0.0211163  0.930989423389

0.0242945  0.939673806849
0.0227519  0.92906907244
0.0209737  0.931360269627

0.024208  0.939716205326
0.0227127  0.929023627446
0.0208778  0.93098808376

0.0241175  0.939755876552
0.0226159  0.929110667381
0.0209041  0.931364172771

0.0240383  0.939769892275
0.0225309  0.929083721331
0.0209572  0.931368014344

0.0239526  0.939798047729
0.0225178  0.92937758729
0.0208248  0.931369935131

0.0238771  0.939843198019
0.0226219  0.929514700088
0.0208092  0.931373776705

0.0238087  0.939875886726
0.0223979  0.929453096779
0.0207257  0.931373776705

0.0237366  0.93993256174
0.022381  0.929619462329
0.0207339  0.931369873561

0.0236595  0.939947047512
0.0223201  0.929840894189
0.020711  0.931371794348

0.0235931  0.940028341435
0.0222862  0.930271769304
0.0207179  0.931369873561

0.0235251  0.940023862693
0.0222736  0.930153829883
0.0206301  0.931518582674

0.0234678  0.940026928272
0.022335  0.930241684756
0.0205977  0.931222380936

0.0233951  0.940054803077
0.0221885  0.930165800529
0.0205974  0.931226222509

0.0233333  0.940109020039
0.0221288  0.930417468179
0.0206016  0.931375635921

0.0232746  0.940183049449
0.0220457  0.930655637633
0.020662  0.931525049333

0.023209  0.940245896996
0.0221315  0.930731766605
0.020645  0.931523128547

0.0231488  0.940319499244
0.0220185  0.930798078018
0.0205765  0.931523128547

0.0230901  0.94032519393
0.0219207  0.930668946215
0.0205721  0.931523128547

0.0230315  0.940374146
0.0219109  0.93086952671
0.0205696  0.931523128547

0.0229714  0.940386001437
0.0219948  0.930998164014
0.0205701  0.931510718519

0.0229232  0.940425900706
0.0219201  0.931011618775
0.0205633  0.931510718519

0.0228562  0.940460047851
0.0218258  0.931029949486
0.0205701  0.931363225894

0.0228069  0.940550912556
0.0218124  0.931088583718
0.0206411  0.931219636412

0.0227484  0.94051874774
0.0217423  0.931042511288
0.0205714  0.931217654055

0.0226926  0.940525611045
0.0217665  0.931077222025
0.0205815  0.931514621663

0.0226383  0.940624624298
0.0217593  0.931140053531
0.0206075  0.931217654055

0.0225801  0.940606307674
0.0216954  0.931191260456
0.0206189  0.931217654055

0.022527  0.940646150961
0.0216979  0.931324654802
0.020582  0.931219636412

0.0224785  0.940656073787
0.021662  0.931324708651
0.0205525  0.931219636412

0.0224225  0.940693628193
0.0216685  0.931454311818
0.0205503  0.931219636412

0.0223715  0.940792191323
0.021657  0.931470156888
0.0206077  0.931219636412

0.0223229  0.940813640381
0.0216106  0.93150485564
0.0205798  0.931219636412

0.0222699  0.940767635386
0.021622  0.931382654758
0.0205103  0.931219636412

0.022218  0.940857669209
0.0215858  0.93154132592
0.0205101  0.93133626484

0.0221696  0.940875422652
0.0215153  0.931551241311
0.0204994  0.931219636412

0.0221284  0.940879182766
0.0215307  0.931599949227
0.0205512  0.931735350191

0.0220614  0.94091714503
0.0214685  0.931580232712
0.0205039  0.931585936779

0.0220112  0.941050555177
0.0215001  0.931617580352
0.0205466  0.931542662554

0.021959  0.941069299003
0.0215206  0.931768616664
0.0205548  0.931702565206

0.0219134  0.940971716475
0.0214265  0.931521320661
0.0204533  0.931438444153

0.0218552  0.941064344003
0.0214237  0.931625901394
0.020541  0.931556993368

0.0218125  0.941070903828
0.0214292  0.931725333016
0.0205176  0.931585936779

0.0217637  0.94109580679
0.0213608  0.93159408881
0.0204833  0.931556993368

0.021707  0.941162948417
0.021367  0.931804775761
0.0204869  0.93144036494

0.0216648  0.941272136135
0.0214431  0.932079880775
0.0205358  0.931692075966

0.0216142  0.94119957066
0.0213539  0.931964364381
0.0205434  0.931556993368

0.0215602  0.941270126324
0.0213248  0.932005389502
0.0205157  0.931409500742

0.0215053  0.941352196965
0.0212955  0.932417174119
0.0205779  0.931395169928

0.0214644  0.941346260754
0.0213129  0.932394902854
0.0205232  0.931406875657

0.0214074  0.941429633031
0.0213485  0.932276859394
0.0205912  0.931555072581

0.0213639  0.94143374044
0.0214578  0.932409800881
0.0205799  0.93140495487

0.0213066  0.941557173643
0.0213179  0.932493823624
0.020581  0.931540037468

0.0212542  0.941510854663
0.0212655  0.932451116965
0.0205753  0.931552447496

0.0212042  0.94160555771
0.0214782  0.932470811464
0.0206051  0.931392544843

0.0211499  0.941591624674
0.021273  0.932458339034
0.0206291  0.93140495487

0.0211027  0.941612983765
0.0212767  0.932624188588
0.0205997  0.93140495487

