0.470758  0.499388869005
0.502527  0.499784878131

0.392282  0.613463909179
0.467415  0.578728842741

0.363375  0.694471393954
0.450965  0.629897184421

0.33728  0.727724180134
0.433929  0.656633328811

0.325464  0.739121876742
0.424874  0.663995191009

0.316741  0.754828698554
0.412592  0.678944479646

0.310691  0.763889478407
0.408071  0.684898380601

0.306694  0.770728136069
0.399978  0.691453812851

0.301903  0.771370696948
0.396903  0.693543156216

0.298918  0.773487619949
0.394077  0.695959876654

0.297026  0.777069481209
0.391001  0.700323777355

0.295499  0.775891634605
0.389164  0.701090125537

0.294603  0.785327195383
0.386791  0.708978872832

0.293687  0.77784099065
0.38605  0.702401404887

0.292628  0.775702313627
0.385953  0.700344702517

0.291742  0.783187719281
0.382888  0.707723204622

0.29031  0.781931699224
0.382728  0.706497002917

0.290207  0.785378119016
0.380913  0.710220975566

0.289246  0.781087681378
0.381198  0.705935886962

0.288957  0.787600197075
0.380131  0.711731027378

0.28781  0.782349903803
0.380086  0.70680542923

0.287356  0.786925378849
0.3775  0.71137223004

0.287082  0.780960451738
0.37882  0.706208427954

0.286419  0.784799771676
0.376863  0.709763357851

0.286216  0.788372429802
0.376332  0.712375976133

0.285157  0.782522141751
0.374649  0.708402465816

0.28478  0.784840263511
0.373372  0.710463416474

0.28422  0.786853402656
0.373277  0.712456495749

0.283646  0.787851171414
0.372327  0.714077984439

0.283395  0.785659734374
0.373573  0.711192126036

0.282834  0.784399986808
0.370061  0.711364275232

0.282442  0.78638227097
0.371728  0.711544538975

0.282182  0.7878792696
0.371842  0.714036427358

0.281785  0.79431735539
0.368377  0.720883598816

0.281134  0.786280359788
0.36932  0.713544432223

0.280486  0.791751301698
0.366385  0.719153930197

0.280464  0.794863652127
0.365721  0.722038200361

0.279884  0.791337436127
0.366414  0.719343305933

0.279612  0.794877288471
0.365416  0.723006135685

0.27938  0.795938257235
0.36524  0.724049892916

0.278895  0.792672994486
0.364786  0.72179910781

0.27843  0.792358657618
0.365671  0.72038658937

0.278289  0.79115133288
0.365543  0.718396560601

0.277999  0.791583754931
0.365348  0.719353984862

0.277736  0.79426912074
0.363863  0.723788634851

0.277772  0.797700343738
0.363676  0.726238853169

0.277077  0.798356863197
0.36345  0.726671632877

0.277029  0.799920227497
0.362232  0.733157885761

0.276525  0.7941706276
0.36206  0.726240391854

0.276291  0.79938342056
0.360375  0.732769888968

0.276231  0.798151391155
0.362157  0.730446406596

0.276127  0.804717528994
0.35998  0.738535892711

0.275539  0.79943078853
0.361143  0.733625207384

0.275862  0.806776312155
0.359727  0.741755964455

0.275409  0.799222090466
0.360864  0.732718108336

0.275232  0.799472990701
0.360023  0.732907251509

0.275027  0.80337892129
0.359914  0.737403714174

0.274761  0.801586564687
0.360303  0.735739876497

0.274508  0.804462121183
0.359231  0.740976956603

0.274609  0.801218789013
0.358507  0.73778801226

0.274212  0.803129633551
0.358585  0.738797670022

0.274291  0.806875996307
0.358075  0.746594122531

0.27406  0.808864311525
0.358667  0.748468539324

0.273811  0.803649673229
0.358965  0.742313746127

0.27343  0.80298222113
0.358579  0.738807266902

0.273369  0.807203549553
0.356777  0.747472405797

0.27319  0.806866000583
0.357533  0.743112831196

0.273251  0.80728116706
0.357612  0.744502868082

0.273246  0.809798334427
0.356893  0.750303034367

0.272998  0.803476629737
0.357476  0.742263654837

0.273229  0.811937846737
0.356278  0.755673695707

0.272667  0.804891126757
0.357471  0.742559928325

0.27235  0.808565147061
0.356685  0.747459114552

0.27218  0.80997463187
0.355612  0.748038420651

0.272333  0.803044613913
0.355494  0.743163848343

0.272171  0.805507952235
0.35656  0.744865096615

0.271887  0.810314760088
0.356755  0.751486219504

0.271708  0.807168848705
0.356487  0.745820284589

0.271929  0.803367298957
0.356487  0.740428971837

0.271617  0.812419207755
0.355732  0.754223765655

0.271795  0.80378292543
0.35856  0.740102447539

0.271385  0.809433136796
0.35539  0.749412170492

0.271384  0.809802336571
0.356408  0.74932755147

0.271029  0.811950857829
0.353987  0.753549044778

0.27101  0.807155973825
0.355661  0.746302073773

0.271022  0.807438651918
0.356213  0.749309574879

0.270764  0.810172147783
0.354604  0.750076774414

0.2707  0.813429050328
0.354429  0.754118101448

0.270695  0.806930247349
0.355298  0.745595429333

0.27062  0.811229648004
0.35607  0.749224975718

0.270423  0.808147666022
0.355334  0.747600820998

0.270166  0.807779921022
0.354355  0.746239696995

0.270036  0.811219399167
0.354418  0.749816924897

0.269937  0.810546901138
0.353155  0.751049182054

