0.410215  0.719510032701
0.338444  0.693355384607
0.463801  0.687591203536

0.39757  0.732427238221
0.332204  0.704141519113
0.463068  0.695428820046

0.383588  0.75090044151
0.325755  0.71855791181
0.466653  0.707809123629

0.371034  0.770896919717
0.315945  0.737629065476
0.471985  0.724733565357

0.386746  0.749105208718
0.327483  0.716136696985
0.46747  0.700329580398

0.366027  0.768569762866
0.314434  0.734254295726
0.467273  0.718759101889

0.352365  0.782754328151
0.315123  0.741509979858
0.469205  0.725994303158

0.340303  0.796222549465
0.315622  0.751150130781
0.470888  0.733217371901

0.32964  0.802280314468
0.312731  0.752854020587
0.474708  0.7374660636

0.318832  0.821448309991
0.317065  0.768609580503
0.477947  0.755047686346

0.31101  0.820242258132
0.314261  0.763094182492
0.480053  0.749142050407

0.301583  0.835479606369
0.32173  0.776242055892
0.482058  0.761406308075

0.294023  0.83540965799
0.319947  0.774933058942
0.480306  0.758945049712

0.294814  0.836670767072
0.321389  0.770180458929
0.484002  0.757432069452

0.285507  0.852172279548
0.334699  0.786909551944
0.491937  0.771060924963

0.291282  0.849792840549
0.369337  0.791593172374
0.51327  0.776897182661

0.28172  0.853912505904
0.374719  0.789733885412
0.497607  0.776351358571

0.274446  0.862784280978
0.383252  0.796992333947
0.502154  0.783339409382

0.268233  0.867519098342
0.388698  0.799752320739
0.505804  0.781198288895

0.263782  0.869906884015
0.392201  0.799134775561
0.512602  0.784416797705

0.258811  0.871078962298
0.396837  0.798793341676
0.508122  0.779345802764

0.253342  0.878363568948
0.406697  0.805472631897
0.510673  0.786664907881

0.250515  0.881331050925
0.410374  0.807135877172
0.517674  0.787522440202

0.246102  0.883292425555
0.415465  0.80875687112
0.51935  0.790979701227

0.241925  0.889122851063
0.428716  0.812389547331
0.531014  0.798256699017

0.240077  0.889809543817
0.425559  0.813063444184
0.525455  0.795935171172

0.237776  0.890757624583
0.432047  0.812491755989
0.535715  0.7962983751

0.232698  0.892142845809
0.446593  0.811960666614
0.538118  0.79712770822

0.231109  0.891381356885
0.442296  0.810825653871
0.542332  0.794057056554

0.22689  0.896322329833
0.450702  0.813372062265
0.542199  0.798209703794

0.22409  0.898574006461
0.464086  0.816041775758
0.546328  0.800643698128

0.231146  0.893297077885
0.436717  0.81244178784
0.538446  0.797795407582

0.220189  0.900956407551
0.459346  0.817957647632
0.54332  0.801330437805

0.217296  0.904033418009
0.48086  0.821057933412
0.554177  0.804859807449

0.214441  0.905377691919
0.487666  0.819560308603
0.560833  0.804631854343

0.215427  0.905037539256
0.492006  0.82028512931
0.560344  0.80355113904

0.211711  0.905678374728
0.47295  0.819298418433
0.552406  0.803402583441

0.210876  0.908114022505
0.480813  0.82171494223
0.570893  0.805695184472

0.208064  0.91089158739
0.501031  0.824593509864
0.570105  0.8069012237

0.205588  0.908582337604
0.503078  0.821987450509
0.565575  0.807339595082

0.203193  0.911146223027
0.511768  0.823537738529
0.571254  0.807982568784

0.203705  0.912354094313
0.524992  0.826783093755
0.580353  0.806792940939

0.200658  0.912643301691
0.521938  0.825796752448
0.5793  0.80687692848

0.198927  0.917059642044
0.537442  0.828629395857
0.585282  0.809582093223

0.201219  0.912112045857
0.516157  0.825701483578
0.585587  0.805392400726

0.198164  0.915551680396
0.525363  0.828266329831
0.595829  0.809134697145

0.195186  0.912849256573
0.541228  0.825382614696
0.592305  0.804425192881

0.194719  0.913758593324
0.53665  0.826490580576
0.583599  0.806776871699

0.193206  0.915487006066
0.538235  0.825697560814
0.592913  0.807825853025

0.191072  0.915509090713
0.566934  0.826937393661
0.601193  0.809521746241

0.189476  0.916656565356
0.560137  0.827931725254
0.597054  0.808816268196

0.191997  0.915078522147
0.538897  0.825381670619
0.598104  0.804759729169

