0.275023  0.766809165848
0.299716  0.713854616011
0.28463  0.718677364175

0.253231  0.781886123136
0.273999  0.732249026385
0.261706  0.738290877697

0.242858  0.788281517115
0.262172  0.736175712912
0.249543  0.744698886976

0.235589  0.795096491803
0.254592  0.740424943114
0.244015  0.745653387366

0.230212  0.797802861231
0.248165  0.741872156801
0.238498  0.747078301244

0.226016  0.79729297004
0.243406  0.740301578164
0.235249  0.743644237123

0.223023  0.799418044505
0.241375  0.742845273296
0.234548  0.74673082998

0.220205  0.801371597411
0.237426  0.742858124782
0.230127  0.741409776038

0.217802  0.800886138346
0.234656  0.741543312509
0.22732  0.737589466942

0.215685  0.802967469558
0.231693  0.743280206685
0.22553  0.740757422336

0.213949  0.802558400546
0.230613  0.741209241327
0.226706  0.738325797516

0.212089  0.804366634774
0.22747  0.743367222786
0.22429  0.737259997662

0.210449  0.806361321594
0.226618  0.743784359948
0.224335  0.736427316643

0.209042  0.805883164948
0.225051  0.744337174817
0.222253  0.73696080743

0.207825  0.807024798923
0.225109  0.745296723967
0.226135  0.735870872243

0.206332  0.809293175239
0.223368  0.748121488612
0.224035  0.73747725102

0.205164  0.808312383227
0.22149  0.748041045398
0.221592  0.738366790785

0.203869  0.809440812928
0.221433  0.748400129089
0.221944  0.737763570056

0.202764  0.810887563106
0.22045  0.750865478723
0.221878  0.739243746136

0.201976  0.811485099916
0.218436  0.752872460585
0.21832  0.74175185294

0.200691  0.81203069891
0.218329  0.752635761176
0.219489  0.742917915866

0.199819  0.814301423383
0.217706  0.755659485749
0.217683  0.746448396258

0.198609  0.813961798262
0.217056  0.755757340027
0.219717  0.744982547923

0.197694  0.813995285923
0.216172  0.756356454304
0.219886  0.746381218925

0.1966  0.814829068591
0.215783  0.756188441902
0.219719  0.747372553009

0.195586  0.815928889974
0.214081  0.758162259964
0.219206  0.745819188073

0.194799  0.816207479372
0.213079  0.758565623511
0.218602  0.745748744846

0.193688  0.816925683718
0.213055  0.761433821809
0.21862  0.749820796971

0.192792  0.816763784068
0.212636  0.759791565229
0.219279  0.749394407267

0.191713  0.817459101647
0.211687  0.761173660654
0.218239  0.749962283303

0.190916  0.819400573612
0.210679  0.76377764841
0.218255  0.74799079805

0.189848  0.818733099456
0.210759  0.762672011464
0.2193  0.747406960795

0.188933  0.820333296546
0.210457  0.76405893894
0.219705  0.750055550678

0.187932  0.820791059288
0.209788  0.764963397058
0.218909  0.751631545302

0.18705  0.821944229556
0.208657  0.7670128427
0.217926  0.752258708378

0.186111  0.822586807254
0.208332  0.766911443677
0.217972  0.751648914578

0.18512  0.822512367084
0.207381  0.767113695204
0.218805  0.752250482006

0.184379  0.824719458497
0.207067  0.770756121978
0.217876  0.755418517505

0.183306  0.825129130311
0.206929  0.771217899784
0.217934  0.756817199257

0.182335  0.826180098556
0.205682  0.773078446588
0.217239  0.754884965163

0.181521  0.827643320134
0.205087  0.774945310308
0.218223  0.757034392917

0.180603  0.826458061247
0.204649  0.772766181545
0.21693  0.754010539499

0.179846  0.828186603673
0.204319  0.774908616736
0.217311  0.756023790194

0.178843  0.827213015536
0.204134  0.773624776087
0.216999  0.757047281877

0.177898  0.827362023129
0.203976  0.774152615203
0.216499  0.75641299225

0.17755  0.828479976042
0.202898  0.774950507293
0.215205  0.753290075034

0.176094  0.83055479344
0.202822  0.777285951106
0.216809  0.756798427428

0.17548  0.830393720318
0.20261  0.776708424411
0.217174  0.757311261469

0.174571  0.832625815894
0.202573  0.779820889275
0.216281  0.756639427427

0.174314  0.831244087102
0.202645  0.777740142806
0.216091  0.753664947112

0.17302  0.830420999836
0.201467  0.777059342551
0.215916  0.754533044961

0.172043  0.832843814683
0.200292  0.779855764619
0.215198  0.7536072451

0.171601  0.833928527178
0.200513  0.782123453265
0.216041  0.755304583751

0.170465  0.834374748734
0.200121  0.782469572006
0.215991  0.756966247594

0.169638  0.836512411579
0.200488  0.785107884932
0.216166  0.761107882757

0.168783  0.836142427425
0.200464  0.783900567451
0.215799  0.758774187513

0.16796  0.835609438911
0.20006  0.782911779261
0.215059  0.756915907762

0.167258  0.837324590145
0.200519  0.784090106479
0.215158  0.758787390202

0.166476  0.83688635125
0.200046  0.783537042166
0.216456  0.757307128476

0.165662  0.837719820298
0.199167  0.785624404355
0.215278  0.756113690566

0.164993  0.838549504963
0.1996  0.78654460742
0.214774  0.757678679754

0.164242  0.839205177818
0.199367  0.786715961362
0.215955  0.757571559571

0.163451  0.839384407752
0.199788  0.786035453157
0.216464  0.757323717341

0.162699  0.841396460988
0.198353  0.788990791465
0.214723  0.761411188301

0.162002  0.84218868814
0.198723  0.790708409617
0.216235  0.762280609314

0.161224  0.840777857039
0.198562  0.788309482141
0.21535  0.758722438803

0.160538  0.841752011005
0.198008  0.788651478898
0.217074  0.758859554769

0.159868  0.842491134581
0.198669  0.789607448112
0.21484  0.760803306942

0.159129  0.842574242563
0.198413  0.789190297207
0.214949  0.757447393716

0.158459  0.844065363574
0.19827  0.790081351074
0.215279  0.759817860499

0.157748  0.844929501643
0.198072  0.791049735463
0.216427  0.759875776268

0.157241  0.843774419363
0.197922  0.790291324128
0.21698  0.759660929384

0.156455  0.845519153893
0.197954  0.791603087052
0.216575  0.760095969231

0.155779  0.846977864783
0.198464  0.79332866322
0.216725  0.762151966759

0.155134  0.846946496567
0.198611  0.792920319255
0.217014  0.759567927591

0.15448  0.847138833765
0.198683  0.792762072152
0.217374  0.760327050624

0.153837  0.848164740843
0.198928  0.793742007872
0.217768  0.760709759843

0.153209  0.847056760542
0.198684  0.792559952993
0.218765  0.759712025776

0.152603  0.848494800886
0.198216  0.794094737396
0.216566  0.760651346703

0.152005  0.849857152332
0.198675  0.795357746707
0.218914  0.762541516624

0.151359  0.849217993577
0.198326  0.793822227836
0.217966  0.760147760993

0.15082  0.850493746292
0.198196  0.795190659207
0.21873  0.761829915528

0.150167  0.852039301322
0.199078  0.796657507433
0.219741  0.762436435333

0.14956  0.85218009205
0.198785  0.796584518226
0.218498  0.761582353248

0.149019  0.85051293307
0.19816  0.794706465559
0.219228  0.759351039736

0.148488  0.853122794142
0.198293  0.797242880447
0.220058  0.761172881995

0.147898  0.853427710665
0.198352  0.796911210187
0.221166  0.763050666733

