0.147863  0.831676533335
0.156492  0.797846384652
0.148891  0.804745898979

0.135007  0.855248764088
0.142797  0.814843078958
0.134163  0.818443842371

0.129086  0.862369626906
0.136775  0.818364512064
0.127349  0.820289209138

0.124742  0.867295813668
0.132632  0.819890684726
0.123399  0.820918994493

0.121032  0.868187634115
0.128508  0.820931742557
0.119297  0.82204442719

0.117225  0.867424654254
0.12327  0.820287591111
0.114635  0.820877474174

0.11372  0.869333047187
0.118913  0.822414398582
0.110176  0.822731528364

0.111558  0.871296457266
0.116398  0.824492423421
0.107624  0.824598962586

0.109937  0.871497818492
0.11428  0.825316101665
0.10556  0.825928937433

0.108636  0.872707869911
0.113104  0.826057189299
0.104411  0.82683670833

0.10761  0.873169376985
0.112032  0.825914858652
0.103271  0.826251446033

0.106642  0.873630952186
0.11102  0.826226060805
0.102789  0.825844560051

0.105789  0.874866228594
0.110227  0.827491531723
0.101883  0.826654129346

0.105065  0.874718113364
0.109623  0.826486730278
0.101868  0.825816364157

0.104337  0.874757467612
0.108618  0.826392754802
0.101089  0.825052013093

0.103708  0.875465226535
0.107984  0.826684459039
0.100991  0.826132462926

0.103111  0.875683045729
0.107492  0.826859572812
0.100621  0.82518231986

0.102535  0.876139156351
0.106696  0.827338149708
0.100263  0.825768539893

0.101996  0.876593470599
0.10631  0.827346814457
0.100008  0.825804896871

0.101512  0.876373067612
0.105915  0.826838016873
0.0994772  0.82585393682

0.101053  0.877134692477
0.105341  0.82746634497
0.0997943  0.826128062845

0.100658  0.876969131172
0.104831  0.826986148168
0.099467  0.824548780844

0.100198  0.877386599565
0.104329  0.827875733217
0.0991435  0.824811002599

0.0998096  0.877372523495
0.103936  0.827591673939
0.0991245  0.82467185653

0.0994129  0.877623429607
0.103614  0.827800039824
0.09855  0.82516429908

0.0990724  0.877618987769
0.103517  0.827950313387
0.0988357  0.824555457543

0.0986888  0.878030818738
0.103165  0.827872651118
0.0986354  0.825292966005

0.09835  0.878328636438
0.102751  0.827729138097
0.0985149  0.825325427493

0.0980202  0.878387436357
0.102595  0.828033388125
0.0983993  0.82486889276

0.0976903  0.878434214911
0.102297  0.827922672221
0.0984326  0.825102935346

0.0973598  0.878933289035
0.102242  0.828165889259
0.0983497  0.825574233168

0.0970696  0.879009969761
0.101806  0.828375701255
0.0977665  0.825520886684

0.096745  0.879488828176
0.101561  0.829022181438
0.0981944  0.825783147981

0.0964586  0.879335094612
0.101502  0.828856348878
0.0980037  0.825437994973

0.0961578  0.879346407368
0.101286  0.82920865296
0.0981367  0.825468842236

0.095869  0.879679958422
0.101333  0.829248106992
0.0980703  0.825792079656

0.0956074  0.879646292787
0.101176  0.828834611229
0.0978327  0.825618611777

0.0953576  0.880088856951
0.100927  0.830116136973
0.0980984  0.825620913095

0.0949982  0.880215131136
0.100979  0.829874337853
0.0979238  0.825763444451

0.0947313  0.880841717451
0.100694  0.830422403257
0.0980959  0.825885903797

0.0944567  0.880921909423
0.100498  0.830503672392
0.0981897  0.826396533174

0.0941823  0.88080786475
0.100238  0.830716261054
0.0979522  0.826132546671

0.0939011  0.881298393279
0.100202  0.831352297214
0.097998  0.826207196138

0.0936129  0.880984778145
0.100207  0.830918992257
0.098003  0.826102052416

0.0933563  0.881272280154
0.100174  0.830571590396
0.098001  0.825894190394

0.0930893  0.881553106512
0.0998744  0.831606493967
0.0978845  0.825457872678

0.0928144  0.881515458644
0.0998289  0.831656560744
0.0983387  0.825403902364

0.0925413  0.881937077548
0.0997817  0.832288482374
0.0982099  0.826144100995

0.0922866  0.882711686792
0.0994781  0.8336395852
0.0983625  0.82734937558

0.0920355  0.882233335934
0.0991298  0.832737282256
0.0980708  0.825776810807

0.0917581  0.882026423833
0.0992709  0.832393217803
0.0984064  0.82573030553

0.0914765  0.882672502496
0.0993683  0.832828182853
0.0983364  0.826685591754

0.0912172  0.882695287661
0.0991431  0.833304294043
0.0980603  0.826966682475

0.0909353  0.882891874481
0.098844  0.833925368774
0.0983038  0.826871018827

0.0906808  0.883456949828
0.0987977  0.835018817719
0.0983941  0.827173909724

0.0904378  0.883767280465
0.0987879  0.834564294477
0.0981392  0.827263415829

0.0901918  0.883213113504
0.0988516  0.833183809221
0.0981071  0.825730321429

0.0899061  0.883923098359
0.0985135  0.83545337621
0.0980991  0.82715051469

0.0896518  0.884349229368
0.0985358  0.835587253465
0.0982405  0.827874403069

0.0893725  0.884486856436
0.0982413  0.835207446384
0.0980834  0.826875963036

0.0891198  0.88465218048
0.0982755  0.836153773467
0.0980992  0.827547078759

0.0888912  0.884821484795
0.0982786  0.835283318082
0.0981407  0.827000571477

0.0885953  0.88537767283
0.0981935  0.836650503057
0.098195  0.827277772104

0.0883565  0.885293472338
0.097896  0.836908795392
0.0979072  0.827601645811

0.0881016  0.885681495663
0.0978274  0.837175324964
0.0977452  0.827712913153

0.0878445  0.885540934064
0.0975833  0.837794052111
0.0981809  0.828090846604

0.0875874  0.886240514029
0.0976994  0.837723491702
0.0981721  0.82847391762

0.087336  0.88604152812
0.0973885  0.837847128608
0.097711  0.827615466077

0.0870748  0.88606149621
0.0973235  0.837626823484
0.098083  0.828036296643

0.08682  0.886352873911
0.0975693  0.83744920773
0.0980467  0.827733886884

0.0865766  0.887041041026
0.0972852  0.839017204052
0.0976553  0.82890018155

0.0863231  0.886779669935
0.0973049  0.8387694514
0.0979619  0.828708868793

0.0860971  0.886748346268
0.0972126  0.838010484208
0.0978111  0.828163566717

0.0858421  0.887402400621
0.0972005  0.839705892983
0.0977728  0.828662385289

0.0856285  0.887873938381
0.0971729  0.8402360851
0.0973209  0.82930763411

0.0853828  0.887855308551
0.0968914  0.839510992536
0.0979764  0.829336175572

0.0851403  0.887724870908
0.0968094  0.839666307136
0.0975637  0.828262522539

0.084902  0.888168580565
0.0965543  0.83981366
0.0977766  0.829039753813

0.0846451  0.88833111738
0.0966996  0.840369755452
0.0970661  0.829295548659

0.0844015  0.888932843433
0.0966146  0.841203577793
0.0975864  0.829029081237

0.0841552  0.888863206124
0.0964811  0.840191051889
0.0976592  0.829404485628

0.0839424  0.889083869673
0.0965608  0.840770267767
0.0977012  0.828866297418

0.0836928  0.889829582219
0.0963308  0.842299475229
0.0978895  0.829421302894

0.0834445  0.890097380357
0.096428  0.842831778589
0.0972333  0.830596021805

0.0832217  0.889182568024
0.0963532  0.841063154687
0.0975351  0.829279339965

0.0829881  0.889565182696
0.0962251  0.842094928313
0.0976587  0.829145899337

0.0827264  0.889633085066
0.0959939  0.841885456831
0.0974406  0.82918312902

0.0825104  0.890131609056
0.0959309  0.841831239121
0.0972168  0.829311338155

