0.239266  0.513221139421
0.298088  0.512342292304
0.257672  0.517153161441

0.226035  0.51957239217
0.283912  0.517932821548
0.245797  0.525081297189

0.215214  0.531751975591
0.269157  0.527463748494
0.233824  0.535469853115

0.209572  0.542058589602
0.261036  0.536079398001
0.227847  0.546702343849

0.206296  0.544633828773
0.257644  0.538006188485
0.224971  0.546856265404

0.204084  0.547940000144
0.255795  0.540474860466
0.223199  0.551444911833

0.202434  0.553202046054
0.253467  0.544462091669
0.221396  0.556474702717

0.201123  0.553185739122
0.251621  0.544320605938
0.220181  0.555997139933

0.199946  0.555546377878
0.2509  0.546143724447
0.218909  0.558782618351

0.199035  0.558946676149
0.249752  0.549058104682
0.218212  0.561481498678

0.198088  0.554367030298
0.248793  0.54466474044
0.217568  0.556592697234

0.197366  0.555939813059
0.247663  0.546320376153
0.216957  0.555310065954

0.19649  0.556140846521
0.246666  0.545922081925
0.216613  0.555839183572

0.195779  0.555759111663
0.246265  0.545891879233
0.21597  0.55597495787

0.195104  0.559656294906
0.245367  0.548439861902
0.215877  0.558175874646

0.194477  0.559231363492
0.244315  0.548316153492
0.215576  0.557496112551

0.193841  0.558397757145
0.244039  0.547527395462
0.215061  0.557108873157

0.193195  0.560617074069
0.243208  0.549552317188
0.214878  0.559652219576

0.192665  0.557017784038
0.242507  0.545687383704
0.214778  0.553539231902

0.192026  0.561227283793
0.241889  0.549344100157
0.214893  0.55998353713

0.191464  0.560792077217
0.241239  0.548320404252
0.214596  0.556813700547

0.190903  0.561330944936
0.240302  0.549022108485
0.215117  0.558502757242

0.190358  0.562719440506
0.239849  0.550228046537
0.214572  0.559222605275

0.189862  0.561627140769
0.239229  0.549687907172
0.214136  0.558358245418

0.1893  0.56666013414
0.238363  0.554503954684
0.214414  0.563874785218

0.188743  0.562874619462
0.238504  0.550399638223
0.21418  0.558008355105

0.188278  0.564464440831
0.237377  0.551616194964
0.213331  0.562589332714

0.187701  0.564916560014
0.236761  0.552239854947
0.214023  0.561782450142

0.18788  0.565218197832
0.236161  0.553546363693
0.214657  0.561364872355

0.187166  0.563849021349
0.236169  0.551622100404
0.213994  0.558785875315

0.186623  0.565366844317
0.235353  0.553279361727
0.213146  0.560625594683

0.186075  0.567222977443
0.234364  0.555473114417
0.213495  0.563599173656

0.185469  0.565335455111
0.234847  0.553910482572
0.213805  0.559256922535

0.184929  0.569294450597
0.234366  0.557338415128
0.214298  0.563554445599

0.184588  0.568717057014
0.233534  0.557141103917
0.214345  0.564168778948

0.184027  0.567670235804
0.233983  0.555266416743
0.213979  0.561043631577

0.183684  0.570482051555
0.232809  0.558325552328
0.214458  0.566191177264

0.182968  0.568115174033
0.233126  0.556425229551
0.214539  0.561997350693

0.18251  0.569348549595
0.232095  0.557443026731
0.212997  0.564430394452

0.181903  0.570307307721
0.231627  0.558796392524
0.213713  0.565916872238

0.181367  0.570981015928
0.231027  0.55919685476
0.213953  0.566855708761

0.180882  0.570120452042
0.232385  0.558033042564
0.214661  0.565305734475

0.1804  0.574323952284
0.230793  0.562978167382
0.2146  0.569411879227

0.17979  0.571508929255
0.23091  0.559643039623
0.214917  0.56556257814

0.179275  0.572080121385
0.230446  0.560391065075
0.214485  0.566713984634

0.178683  0.571209683736
0.230674  0.559630114022
0.214652  0.56560031661

0.178126  0.572078393074
0.229818  0.560614480286
0.214874  0.565460234869

0.177591  0.574745923427
0.22864  0.56401643778
0.214802  0.570181433753

0.177083  0.574754873062
0.228879  0.564177307068
0.214751  0.570182858651

0.176543  0.576612976663
0.228081  0.566147080532
0.214548  0.570412050455

0.175929  0.575716616754
0.227735  0.564539690231
0.214186  0.569927670408

0.175425  0.576438321426
0.227933  0.566009305807
0.214143  0.570678574878

0.174847  0.578676118724
0.227086  0.568649061635
0.215077  0.573008262408

