0.0847328  0.511796359502
0.0749941  0.510993393277

0.0709059  0.603720287161
0.0644957  0.56927474046

0.0674692  0.640596554557
0.0612959  0.602264113647

0.066072  0.69767641596
0.0596312  0.658690976078

0.0653938  0.740426674663
0.0589865  0.703370304483

0.0656342  0.741875253736
0.0589948  0.707140610462

0.0651876  0.774775134343
0.058511  0.737532872153

0.0647118  0.790042367228
0.0581382  0.754830838641

0.064622  0.794858098827
0.0579028  0.760920445761

0.0648273  0.790742653819
0.0580387  0.75527818809

0.0646891  0.794347098551
0.0578706  0.759956018543

0.0644761  0.789248392725
0.0577272  0.75373199367

0.064658  0.790551559635
0.0578114  0.757644562863

0.064463  0.792562190687
0.0577278  0.758838390553

0.0642439  0.795298874968
0.0574607  0.759951322038

0.0645388  0.795973316088
0.0576139  0.762396615256

0.0644601  0.794760549244
0.0575581  0.761378451079

0.0643419  0.799729584783
0.0573758  0.765267047478

0.0641813  0.801335929534
0.0572056  0.768303951155

