1.05899  0.494847870154
1.05376  0.495082933665

1.04206  0.495205063867
1.03669  0.496562690465

1.03159  0.495471486365
1.02782  0.497287028187

1.0228  0.495583319349
1.02111  0.497226485171

1.0013  0.495803045974
1.00354  0.497571314083

0.994111  0.496084924404
0.998213  0.498024255577

0.974304  0.49697669243
0.984609  0.499916307333

0.966022  0.497320199433
0.981638  0.500802476681

0.944133  0.498620073704
0.9666  0.50313165399

0.922049  0.501388087569
0.950696  0.507125521579

0.897391  0.503912587654
0.929663  0.510191367587

0.880581  0.510162899292
0.924887  0.516742332681

0.863942  0.520116994585
0.91414  0.526835336011

0.85011  0.527676420132
0.895621  0.534977035893

0.822745  0.557121178662
0.892707  0.555618173189

0.809435  0.561917045553
0.879777  0.563296069022

0.782176  0.595512907357
0.875637  0.590779955472

0.76719  0.612985941307
0.870045  0.603620845602

0.755055  0.625679360744
0.862243  0.612867909546

0.747724  0.635241496615
0.859512  0.619880159577

0.738556  0.647687250081
0.85719  0.626908833601

0.734419  0.65414468784
0.855487  0.627831899638

0.729498  0.65858926908
0.853215  0.63333025268

0.723943  0.659868853063
0.846415  0.633516104561

0.719532  0.678267545354
0.851339  0.640698138961

0.714317  0.670808836739
0.84348  0.639785403925

0.711112  0.670470849661
0.839814  0.641498322078

0.707515  0.67929978706
0.839751  0.645293189639

0.703202  0.687781205213
0.838335  0.65104478559

0.701232  0.687706735932
0.838309  0.649310768111

0.696104  0.690565551849
0.8337  0.654343552141

0.692618  0.699558210218
0.834051  0.658085072925

0.692468  0.695524684874
0.832054  0.659127170972

0.690963  0.693524869823
0.830384  0.65720286881

0.686882  0.702152592758
0.829091  0.661969112064

0.683544  0.702827300801
0.8264  0.661467761473

0.68198  0.700428183871
0.824415  0.661321505644

0.679436  0.701323337303
0.823469  0.659673010955

0.675892  0.7125399969
0.822971  0.671640370808

0.674282  0.705483527912
0.821629  0.662633502989

0.670002  0.714121313862
0.819508  0.671200830601

0.66867  0.719044459775
0.820394  0.669589673735

0.667167  0.722291403412
0.820487  0.675939687555

0.664128  0.724185674941
0.820885  0.678230421895

0.663416  0.722633664259
0.818532  0.678076504817

0.663362  0.721731512082
0.817849  0.678196623053

0.65986  0.723682442081
0.817031  0.68158228431

0.657773  0.721619344542
0.813449  0.677570846725

0.655508  0.733295778957
0.816019  0.688144646724

0.65395  0.732405505496
0.81505  0.683672116156

0.651915  0.73304918204
0.813906  0.686774905614

0.650746  0.730927335969
0.812597  0.686797593589

0.64861  0.730179410872
0.811664  0.684708602831

0.647152  0.730336186402
0.808468  0.683172951559

0.644228  0.736253434705
0.811706  0.690212151175

0.644358  0.734049093253
0.808311  0.688250481774

0.642117  0.740125663163
0.811473  0.695588896091

0.641265  0.733918712127
0.8079  0.691156091552

0.637623  0.739748164445
0.80825  0.695168268865

0.638037  0.739461009296
0.807689  0.695427647766

0.635034  0.745642962151
0.809587  0.701676793026

0.631648  0.750413757955
0.808369  0.702112072271

0.631175  0.749182355276
0.808589  0.706168263174

0.629946  0.750020062651
0.808168  0.705254760491

0.628618  0.753960154225
0.807867  0.707623077405

0.627865  0.752492061317
0.808007  0.707228951994

0.625074  0.755958779238
0.809031  0.710282578828

0.623757  0.757326048587
0.811395  0.712207522886

0.623239  0.754988115744
0.810096  0.710684246967

0.62338  0.749806201351
0.808391  0.706536694954

