0.0842964  0.51469661702
0.0746331  0.512061283236

0.0715811  0.601600421004
0.0649397  0.569310045031

0.0675129  0.641316813235
0.0614213  0.603804268501

0.0658003  0.702031872
0.0593635  0.66488966567

0.0653601  0.731210647577
0.0590235  0.691638645792

0.0654454  0.751617846842
0.0588428  0.716489042379

0.06511  0.779242699278
0.0584606  0.745927261262

0.0647703  0.782988287213
0.0581334  0.750750734054

0.064704  0.787683397924
0.0579744  0.755110779991

0.0646133  0.79249920317
0.0578266  0.760726243399

0.064564  0.793051214525
0.0578217  0.759570455558

0.0644542  0.78839164224
0.0578312  0.756101305902

0.0646073  0.793521320072
0.0578909  0.760270215373

0.0645815  0.797869647492
0.0578054  0.764391367721

0.064472  0.795842530134
0.0576019  0.76293111419

0.0646154  0.792357211152
0.0576743  0.757839045294

0.0642316  0.796319192208
0.0574785  0.759149486423

0.0645139  0.80209938073
0.0574676  0.768215741961

0.064228  0.805470789967
0.0572464  0.771678974912

0.0642061  0.806873176483
0.0572057  0.77226559667

0.0639691  0.803743184142
0.0570348  0.768909423872

0.06401  0.80860273904
0.0570612  0.771916204574

0.064145  0.811454921462
0.057076  0.774457741189

0.0641296  0.816412806002
0.0570187  0.780078575863

0.0638041  0.821411444004
0.056838  0.784867014601

0.0638131  0.819786319437
0.0568601  0.781174207018

0.0638234  0.823398742924
0.0567304  0.785281499166

0.0634518  0.812770545302
0.0564964  0.77473973478

0.0633613  0.826373113877
0.0565431  0.783531397422

0.0634945  0.825977307265
0.0566249  0.782629027655

0.063427  0.834507017604
0.0564714  0.79155949577

0.063459  0.831034816407
0.0566908  0.784767262135

0.0637251  0.832714913613
0.0568053  0.788150280924

0.0633023  0.833408715651
0.0565434  0.788006023551

0.0636463  0.836497146554
0.0567048  0.792510708995

0.0631105  0.837222693685
0.05639  0.792451780734

0.06321  0.839070219676
0.0564667  0.793219549816

0.0631677  0.841431988995
0.0564659  0.795086085617

0.0632484  0.84209357697
0.0564944  0.795672638444

0.0632254  0.842540010188
0.0564685  0.795596597768

0.0630973  0.840741713352
0.0563341  0.794730976992

0.0629614  0.840177438084
0.0562543  0.79183886171

0.0629703  0.854855144117
0.0562516  0.809642200221

0.0631037  0.844303955111
0.0563859  0.797518241813

0.0631707  0.85374374566
0.0564689  0.806123044046

0.0630388  0.853726238227
0.0563493  0.806804572644

0.0628385  0.850264713121
0.056299  0.801148149184

0.0626734  0.843777531369
0.0562092  0.792077759205

0.0628207  0.842595409672
0.0562725  0.79247629696

0.0629052  0.845297126135
0.0563213  0.791239792052

0.0627759  0.850414606173
0.056239  0.799405229006

0.06282  0.860610926468
0.0561871  0.812180610406

0.0631322  0.854769093731
0.0564604  0.804822678859

0.0630125  0.851448483999
0.0564211  0.800897610656

0.0626017  0.853425524341
0.0562287  0.801775246105

0.0628823  0.841660180454
0.056388  0.787599309937

0.0626563  0.859130361475
0.0562968  0.806457603518

0.0630473  0.84679016794
0.0565225  0.788287615386

0.0628762  0.854417790377
0.0564278  0.799964626445

0.0627693  0.848811517969
0.0561967  0.796458758116

0.0626718  0.850660386401
0.0563022  0.796176937912

0.0626447  0.845189746492
0.0561625  0.789756797076

0.0624857  0.860949704781
0.0560428  0.809214064583

0.0625472  0.856360668222
0.0560465  0.801458041814

0.0624554  0.857619047279
0.0560896  0.803366437219

0.062407  0.853876942115
0.0561067  0.796641002322

0.0624989  0.838290092749
0.0562507  0.779894406662

0.0623655  0.858542921396
0.0560572  0.80459948647

0.0624634  0.85449746016
0.0561198  0.798869824497

0.0621941  0.852751348959
0.0559867  0.795549299062

0.0621906  0.863882649232
0.0559305  0.80837876597

0.06227  0.845110953376
0.0560156  0.787137472281

0.0623022  0.845286684348
0.0560212  0.78834298972

0.0625469  0.848608159873
0.0561714  0.787197669943

0.0624864  0.857171084425
0.0561283  0.800327999121

0.0623397  0.857151205705
0.0560593  0.797960144995

0.0623698  0.861849250731
0.0560201  0.804548952277

0.0622143  0.85769218051
0.055937  0.798056184954

0.06256  0.85416179923
0.0562324  0.792352964224

0.0621799  0.867645554048
0.0559868  0.809970331056

0.0625684  0.85381289327
0.056324  0.793845008231

0.0623747  0.851534375694
0.0561273  0.793485720025

0.0624214  0.853122273555
0.0561448  0.793612318559

0.0623131  0.856260359051
0.0560446  0.797902993063

