1.27806  0.270782921532
0.423946  0.377229509864

0.118573  0.513182161754
0.165648  0.499801064282

0.227251  0.419073629402
0.152072  0.45160652006

0.14138  0.448634723082
0.163308  0.474637540729

2.71844  0.341613447949
0.138052  0.480486303155

0.0948605  0.658983024957
0.120201  0.518761741454

0.136446  0.603221861846
0.11121  0.586652282657

0.151925  0.563377490379
0.097977  0.634739524954

0.105831  0.680940955855
0.0988446  0.617552447313

0.218777  0.422643745144
0.0905614  0.661625568179

0.0821938  0.80559751848
0.086887  0.691610342992

0.07896  0.616280918992
0.0859776  0.698254841835

0.100291  0.576815935696
0.0865307  0.723862978576

0.0795588  0.846792388898
0.0856295  0.72074184372

0.241949  0.421789891088
0.0849813  0.739633967646

0.065717  0.777514546051
0.0826856  0.75103605488

0.0805625  0.815341895175
0.0812091  0.763721337084

0.085547  0.780527947333
0.0814847  0.762631602726

0.0686065  0.808522446497
0.0826715  0.753146600393

0.10729  0.789295125165
0.0812821  0.76137120361

0.0727061  0.795932992129
0.0802532  0.767975208547

0.076956  0.853539811408
0.0808778  0.776041921247

0.0644377  0.757936971975
0.0800945  0.767569401579

0.087566  0.749924203837
0.079936  0.777174170939

0.0915528  0.626288336954
0.08023  0.751560247103

0.123569  0.663516072891
0.0814145  0.740340581225

0.118276  0.807278200186
0.0796342  0.756856882339

0.0843021  0.79298935969
0.07955  0.777258486433

0.0751316  0.813452793631
0.0801099  0.766245546128

0.101132  0.639071706893
0.0798849  0.762193649892

0.102754  0.767048727842
0.0793902  0.771421939308

0.127988  0.390885630499
0.0796122  0.767109607471

0.115532  0.500793650794
0.0796187  0.755710721289

0.0879138  0.794122851105
0.0799022  0.774007474769

0.0890319  0.815589996236
0.078846  0.76834981537

0.102576  0.637871680838
0.0792328  0.793493493759

0.0900242  0.340220113486
0.079392  0.783755406966

0.0914561  0.68921970816
0.0791101  0.782406705893

0.112794  0.751678876679
0.0795445  0.792822426196

0.162334  0.449342614076
0.0790378  0.790802309899

0.0757322  0.853515544285
0.0785612  0.77217956875

0.0908156  0.556471449743
0.0788081  0.769870565951

0.102622  0.789644462986
0.0790616  0.766890642032

0.0709179  0.819352773494
0.0790581  0.781488508326

0.0288688  0.805334942143
0.0799525  0.793612894166

0.0861511  0.885752130111
0.0802019  0.780621377882

0.0585354  0.649339680008
0.0793732  0.79758906001

0.0841806  0.821673585982
0.0799368  0.78332628344

0.0932766  0.806370816158
0.0794375  0.792966663003

0.0912796  0.808411048489
0.0797249  0.780094117389

0.111924  0.704829508031
0.0791871  0.801004581309

0.421519  0.339934804331
0.0793892  0.80231433198

0.087469  0.85370125623
0.0804343  0.798022798747

0.104707  0.798071912454
0.0800127  0.796107381284

0.0654779  0.737918154847
0.079571  0.791593831107

0.115728  0.565859835223
0.0805881  0.785424335095

0.0710958  0.895666244548
0.0797077  0.802099291348

11.8939  0.333333333333
0.0795701  0.801808721209

0.0851425  0.815933734731
0.080062  0.798634725151

0.084748  0.74954554646
0.0802962  0.793333586817

0.0777292  0.881736526946
0.0792855  0.798818304232

0.123078  0.620541791119
0.0793244  0.800206717879

0.0892572  0.889386915635
0.0795762  0.789025861769

0.0804765  0.841017282922
0.079535  0.804675871476

0.0889484  0.763078683902
0.079455  0.794064467477

0.110415  0.794084947311
0.0795546  0.801183112392

0.087026  0.865656565657
0.0795033  0.801704587277

0.131697  0.723605481567
0.0796195  0.789927229149

0.109764  0.798452406002
0.0792533  0.802058245635

0.0654121  0.772616760319
0.0799519  0.796816312543

0.0812632  0.897598697599
0.0795321  0.799672263451

0.106048  0.79888664094
0.0798578  0.800720494478

0.115481  0.800534443627
0.0792867  0.806879152445

0.101218  0.857936500486
0.0799602  0.792434770973

0.0846662  0.552171022526
0.079659  0.79945871781

0.114824  0.449489924117
0.0798091  0.795620567015

0.098469  0.865197130801
0.0800101  0.802102209536

0.0799921  0.839612417926
0.0793846  0.793097067751

0.0808958  0.843777665695
0.0796707  0.796141931064

0.078625  0.888021386522
0.0797646  0.795068352389

0.0743721  0.890189804512
0.0794984  0.798023290876

