0.107667  0.548765543234
0.097888  0.53583357011

0.0971294  0.620229846745
0.0905039  0.594258193868

0.091698  0.675371896227
0.0855679  0.6381695769

0.0895975  0.719953833815
0.0826641  0.68203613993

0.0884611  0.745063444339
0.0819379  0.702293619697

0.0880402  0.758880401301
0.0816914  0.714495729018

0.0878541  0.765920499066
0.0816972  0.720967650172

0.0874247  0.78231254863
0.0811501  0.739743047014

0.0870722  0.794213074956
0.0805573  0.754276467538

0.0867914  0.800722414154
0.0800732  0.76169998445

0.0862288  0.807794577066
0.0793962  0.767037661101

0.0863308  0.810290243375
0.0789437  0.772173224616

0.0860228  0.821664216869
0.0786285  0.78465935086

0.085617  0.83168883044
0.0782599  0.796346561891

0.0857812  0.837167737101
0.0784152  0.803223336781

0.0848643  0.840987635988
0.0777371  0.807845472893

0.0844067  0.846444584729
0.0773585  0.813592296826

0.0847259  0.846878812984
0.0776786  0.813974183603

0.0844995  0.848902022508
0.0775523  0.81529543988

0.0840819  0.852193221612
0.0772733  0.816782367191

0.0841917  0.853892727036
0.0773825  0.818292574674

0.0837173  0.854717370349
0.0769936  0.817987054516

0.0836684  0.855347694402
0.0769677  0.818663056638

0.0834646  0.857255520865
0.0768536  0.819961455873

0.0836907  0.858157003209
0.0771136  0.820463619228

0.0832956  0.861614799074
0.0767615  0.822325890535

0.0830001  0.863502155651
0.0766163  0.823441291901

0.0835523  0.861852267308
0.0769902  0.821153258911

0.0833294  0.85939499876
0.0769623  0.818163632011

0.0834221  0.861333105799
0.0769538  0.818859731823

0.0826784  0.863861095771
0.07639  0.821326684784

0.083124  0.865247631738
0.0767845  0.821864932301

0.082783  0.859847627067
0.0766292  0.816600473371

0.0829976  0.860453066232
0.0768062  0.816597000436

0.0825865  0.862243405019
0.0765701  0.817144595285

0.0829838  0.863724905276
0.0768764  0.818826421869

0.0824904  0.86616030528
0.0764718  0.820559384825

0.0823569  0.867406373578
0.0763652  0.820754710677

0.0822982  0.866342747596
0.0763329  0.819680352514

0.0825156  0.866466989057
0.0765094  0.819031869448

0.0824876  0.864874399426
0.0765562  0.816973011522

0.0824866  0.865072709786
0.0765756  0.816393770001

0.0823348  0.863900523356
0.0765731  0.814084746636

0.0826057  0.864755344241
0.0767238  0.813510992094

0.0822743  0.867610093439
0.0764966  0.815520197976

0.0826819  0.862085514011
0.0767849  0.810123330911

0.0824355  0.863434623481
0.0767139  0.810414762471

0.0823795  0.865844469059
0.0766822  0.812460175652

0.0820457  0.862760099187
0.0763532  0.809159789445

0.0822472  0.864008478754
0.0764894  0.810577636042

0.0818602  0.862732595256
0.0763234  0.80892292655

0.0822621  0.857672049805
0.0766011  0.804316291156

0.0822017  0.869399989195
0.0765185  0.814333604016

0.0821143  0.861527215043
0.0764711  0.807383765455

0.0822207  0.861861958354
0.0767048  0.805908505592

0.0820926  0.865673938975
0.0765102  0.810697341988

0.0822114  0.865646352107
0.0766446  0.810270485526

0.0823397  0.85751001937
0.0768986  0.802007246666

0.0821042  0.860766709756
0.0766106  0.805495543289

0.0819022  0.862782213604
0.0765383  0.805597268837

0.0820851  0.854270081261
0.0766793  0.796972194944

0.0820038  0.8621580731
0.076589  0.804265851821

0.0818113  0.861093092716
0.0764825  0.802461766732

0.0819893  0.865110401401
0.0766537  0.806426909816

0.0820635  0.85644214209
0.076697  0.79803227421

0.0818919  0.862949671576
0.0765293  0.803930090283

0.0817422  0.853589193317
0.0765104  0.794390014101

0.0819006  0.857984361347
0.0766203  0.797925031741

0.0818159  0.857577980812
0.0766225  0.79742301385

0.0817349  0.855557512314
0.0765614  0.795349493267

0.0820598  0.852727160675
0.076765  0.792804747758

0.0816626  0.852691759118
0.0765451  0.79224431537

0.0815643  0.852031822783
0.0764922  0.792044610075

0.0816133  0.851716638191
0.0765338  0.792415357183

0.081434  0.852747316372
0.0763104  0.793336950081

0.0816153  0.850138935329
0.0766065  0.788990050111

0.0815303  0.854044744737
0.0765236  0.793075759591

0.081629  0.854502796179
0.0765834  0.793622458745

0.0815903  0.851417944563
0.076614  0.790107068591

0.0813619  0.85421622746
0.0763897  0.793746756214

0.0815657  0.852274225082
0.0765515  0.790460058592

0.0819828  0.850111916542
0.0768485  0.787909545726

0.0816084  0.853132909361
0.0765906  0.791418915018

0.0817332  0.853663053817
0.0767666  0.791366656639

0.0813736  0.854819568552
0.0764158  0.794062611617

0.0814331  0.850557936467
0.0765397  0.788342258585

0.081419  0.851619325441
0.0764679  0.789377112077

0.0813234  0.855869798572
0.076373  0.793904571127

