0.118586  0.773718469971
0.224727  0.729086720745
0.218511  0.719961185953

0.118321  0.771407171003
0.224606  0.727970967323
0.218134  0.717386260872

0.117996  0.773484491605
0.225511  0.728940947727
0.220666  0.718595641516

0.117717  0.773836160257
0.225919  0.729662119401
0.219826  0.719122739709

0.117469  0.774069016635
0.22598  0.729398669063
0.220084  0.718682291771

0.11738  0.774344194365
0.226605  0.72956908155
0.221066  0.71863152829

0.117306  0.775177575736
0.226823  0.730803183506
0.221012  0.719736580983

0.117251  0.775594620469
0.22697  0.730365211685
0.221386  0.720037509654

0.1172  0.77573574868
0.227336  0.730244745271
0.221901  0.719396448976

0.117153  0.776536469234
0.227001  0.731005566155
0.221347  0.719829299729

0.117114  0.776835546286
0.227735  0.731474539313
0.222061  0.720961276958

0.117056  0.77664239399
0.227613  0.731255438684
0.222103  0.719315218

0.117014  0.777368036206
0.227707  0.731590567956
0.222085  0.721665817865

0.116969  0.776944412365
0.227573  0.731389096081
0.22195  0.720364403959

0.116936  0.777454951941
0.227415  0.731700235339
0.221528  0.720228175524

0.116888  0.777944757481
0.227725  0.731826045353
0.222123  0.721314406725

0.116843  0.778430704572
0.227751  0.732528834828
0.22209  0.721504296352

0.116807  0.778732446023
0.227909  0.732801081768
0.222352  0.72138704743

0.116769  0.778550291621
0.227721  0.732430911092
0.221688  0.721599412005

0.116736  0.778884869723
0.228055  0.732750411677
0.221804  0.721284454602

0.116691  0.779125660928
0.228292  0.732991255331
0.222234  0.722082565861

0.116655  0.778690067129
0.227963  0.732818967584
0.221772  0.721373772609

0.116611  0.779184082138
0.228438  0.732399700627
0.22215  0.721154452156

0.116574  0.778795107832
0.228479  0.732658592994
0.222486  0.720533232348

0.116538  0.778805269202
0.228278  0.732339523992
0.221949  0.720862806928

0.116508  0.778940739358
0.228534  0.732462105076
0.222419  0.721297934653

0.116469  0.779497293703
0.228587  0.732961000021
0.222311  0.722485601673

0.116424  0.779472927231
0.228528  0.732674596309
0.222179  0.721305123105

0.116394  0.779410711984
0.228596  0.732527159046
0.222121  0.721553246611

0.116359  0.779836772892
0.228637  0.733451854707
0.222021  0.721799017073

0.116328  0.780127502066
0.228533  0.733271857848
0.222223  0.721635372655

0.116293  0.779979895224
0.228421  0.733488791881
0.222003  0.72160347019

0.116256  0.779780229817
0.228702  0.7329035089
0.222165  0.721538495296

0.116217  0.780068524932
0.228858  0.733079147024
0.222494  0.72213853691

0.116182  0.780771691193
0.228779  0.733952145132
0.222483  0.722404744071

0.116155  0.780798360674
0.228462  0.734031799781
0.22213  0.722377123348

0.116115  0.781153413527
0.228738  0.734140157066
0.222694  0.7234545721

0.116084  0.780898747769
0.228811  0.733884037416
0.222564  0.722179216996

0.116052  0.7813882424
0.229042  0.734098436871
0.222715  0.722607078939

0.116014  0.780794512414
0.22894  0.73350937379
0.222728  0.722057978931

0.11598  0.781367633733
0.229165  0.734362755671
0.222887  0.722968917166

0.115954  0.780566917401
0.229059  0.733798262526
0.222961  0.721616955357

0.115912  0.781255381591
0.228995  0.733897036856
0.222801  0.722328031705

0.115882  0.781273388547
0.229132  0.73387760157
0.22299  0.722724059469

0.115846  0.781825928049
0.229138  0.734379121011
0.223182  0.722630619214

0.115817  0.782115212363
0.229129  0.73438850094
0.222618  0.723026098747

0.115775  0.781703501156
0.229097  0.734382605843
0.222882  0.722476826033

0.115753  0.781464094899
0.229069  0.73450439921
0.222678  0.722168710137

0.11572  0.782361307734
0.229546  0.73461267217
0.223292  0.722577669148

0.11569  0.782399186462
0.229142  0.734625060023
0.222785  0.722367698512

0.115677  0.781777551234
0.228876  0.734263763623
0.222606  0.722110699238

0.115616  0.781959066651
0.22923  0.734669026116
0.223133  0.723134813945

0.115584  0.781782880762
0.229078  0.734763326704
0.222926  0.722299719841

0.115549  0.782250899288
0.22926  0.734610640069
0.223145  0.723150490515

0.115517  0.781684576256
0.229426  0.734162514813
0.223068  0.722015237576

0.115488  0.781410391414
0.229424  0.734007336702
0.223303  0.721537345078

0.115454  0.782414439485
0.229497  0.734835116154
0.223204  0.722485050272

0.115418  0.782062736096
0.229246  0.734943594453
0.223171  0.722590666187

0.115389  0.782728094158
0.229565  0.735150024449
0.222887  0.723230835321

0.115359  0.782569589911
0.229587  0.73529458494
0.223482  0.723388643725

0.115326  0.782517517366
0.229484  0.735060810251
0.22322  0.723118869628

0.115293  0.78204738515
0.229895  0.734645933162
0.223646  0.722658904843

0.115262  0.782647635668
0.229704  0.734771597779
0.223549  0.722863888774

0.115237  0.783177856703
0.229611  0.735462986162
0.22334  0.723747816332

0.115202  0.782344799101
0.229665  0.734440822075
0.223607  0.722503227195

0.115172  0.783186142252
0.229839  0.735167229416
0.223659  0.723609510221

0.115138  0.7833740301
0.229726  0.735469618497
0.223903  0.723644573171

0.115118  0.78260764354
0.230086  0.734416261549
0.224043  0.72278630553

0.115077  0.783206168324
0.229843  0.735101565101
0.223574  0.723234923979

0.115048  0.783334024007
0.229541  0.735383732303
0.223276  0.723356446051

0.11501  0.783485390587
0.229998  0.735053801463
0.223867  0.723238627236

0.114984  0.783284341732
0.229984  0.735477924659
0.223928  0.722778892886

0.114954  0.783253909769
0.229871  0.735043959582
0.22352  0.722697865206

0.11492  0.783575300644
0.229734  0.735817660609
0.223434  0.723775279005

0.114888  0.783638218592
0.22991  0.736055089694
0.223619  0.723482488205

0.114854  0.78348263268
0.229916  0.735543226632
0.223672  0.723436539953

0.114828  0.784098455976
0.229983  0.736145832119
0.223689  0.723980041722

0.114798  0.78403244729
0.230029  0.735829292142
0.223599  0.724184040318

0.114768  0.783548246989
0.23006  0.735162115041
0.223557  0.723200384285

0.114751  0.783814884554
0.230296  0.735498115875
0.223772  0.723618144393

0.114745  0.783772736907
0.23039  0.73542818828
0.223857  0.72350902125

0.114738  0.783867106254
0.230363  0.735723746846
0.223895  0.723312377017

0.114733  0.78397562352
0.230396  0.735591408971
0.223828  0.723433256166

0.114729  0.783922502727
0.230356  0.735869116997
0.223785  0.723025299886

0.114725  0.783998438774
0.230341  0.735665282093
0.223709  0.723348882217

0.11472  0.783816479472
0.23044  0.735384072782
0.223811  0.723088208525

0.114719  0.784206734739
0.23046  0.73590789966
0.223839  0.723817086601

0.114713  0.7839715836
0.230535  0.735637827513
0.223988  0.723015710238

0.11471  0.78416652094
0.230568  0.735811919864
0.224034  0.723301572252

0.114704  0.784002359935
0.230389  0.735784324749
0.22381  0.723255672342

0.114699  0.784003416655
0.230502  0.735549362533
0.223917  0.723330052754

0.114696  0.783814409288
0.230446  0.735511520939
0.223918  0.723148050356

0.114693  0.784062254139
0.230483  0.735535079674
0.22395  0.723221381856

0.114689  0.783842087297
0.230528  0.735468166789
0.223963  0.722899403841

0.114687  0.783718472789
0.230425  0.735434321329
0.223898  0.723148030641

0.114682  0.783738032112
0.230404  0.735481333047
0.223837  0.723059905007

0.114679  0.783878104395
0.23055  0.73571484952
0.224046  0.723185548295

0.114675  0.78375268537
0.230463  0.735456278898
0.223977  0.723175547311

0.114671  0.783823924811
0.230449  0.735550144859
0.223973  0.723133553667

0.114668  0.7838397666
0.230481  0.735656077395
0.223971  0.723131007008

0.114665  0.78406852051
0.230423  0.735850496667
0.223903  0.723621332996

0.114661  0.784158244554
0.230529  0.735847109103
0.223978  0.72323335131

0.11466  0.783947112174
0.230601  0.735615426883
0.224005  0.722897513537

0.114655  0.784227861924
0.23062  0.735975428726
0.223975  0.723475542374

0.114651  0.784107861957
0.230441  0.735965126034
0.223879  0.723544291722

0.114648  0.783927449853
0.230568  0.73567612601
0.223992  0.723178754132

0.114644  0.783877185847
0.230509  0.735528940977
0.223915  0.723434145438

0.114641  0.784021753375
0.230507  0.735827250799
0.223917  0.723560389963

0.114639  0.784057857956
0.230632  0.73570734169
0.224106  0.723813106631

0.114635  0.784069836678
0.230555  0.73592580723
0.224  0.723960294573

0.114632  0.783946678183
0.230476  0.7358103726
0.223919  0.723506890014

0.114629  0.783988063333
0.230448  0.735825558366
0.223888  0.723805024205

0.114625  0.784075974283
0.230566  0.735822171439
0.223982  0.723620565593

0.114622  0.784009972372
0.230559  0.735653358579
0.223946  0.723299141165

0.11462  0.784003648658
0.230671  0.7357790452
0.224159  0.723708810448

0.114616  0.783858676294
0.230649  0.735538608265
0.224215  0.723343137695

0.114613  0.783922973569
0.230614  0.735682471103
0.224177  0.723281075634

0.114609  0.784072924171
0.230722  0.735771284481
0.224271  0.723628689382

0.114605  0.783966405335
0.230696  0.73566936599
0.224259  0.723331904793

0.114604  0.784224178672
0.230657  0.73597291181
0.224251  0.723715725764

0.114599  0.784002818158
0.230592  0.735712180934
0.224152  0.723334229821

0.114596  0.784129799071
0.230744  0.735636907359
0.224217  0.723706470891

0.114593  0.784030355103
0.230802  0.735495575099
0.224291  0.723415058126

0.114589  0.784080322105
0.230638  0.735707546057
0.224095  0.723533613747

0.114586  0.784157617002
0.230568  0.7358658798
0.224057  0.723699696838

0.114583  0.78428273953
0.230647  0.73593259145
0.224122  0.723537380245

0.11458  0.78432008784
0.230726  0.735803533339
0.224167  0.723624216838

0.114581  0.784228329821
0.230418  0.735992767721
0.223852  0.723546181524

0.114573  0.784197052835
0.230609  0.735994048176
0.224078  0.72321465931

0.114571  0.784243151971
0.230528  0.736044000264
0.22401  0.723199842868

0.114567  0.784266659534
0.23069  0.735874202115
0.224162  0.723663833102

0.114565  0.784245713467
0.230652  0.735903705063
0.224153  0.72373181976

0.114561  0.784289064524
0.230666  0.736090006665
0.224264  0.723778174067

0.114557  0.784366002931
0.230687  0.735858103362
0.224213  0.7236657489

0.114554  0.784385663402
0.2307  0.73605894818
0.2242  0.723594668749

0.114551  0.784446275828
0.230561  0.736250989816
0.224063  0.723882786278

0.114549  0.784482993214
0.230687  0.736106434199
0.224216  0.723952586848

0.114545  0.784430039825
0.230749  0.735980677753
0.224276  0.723887364113

0.114542  0.784558269516
0.230757  0.736029982229
0.224329  0.724060323334

0.114539  0.784520739378
0.230742  0.736035764984
0.224271  0.724088542184

0.114536  0.784347025994
0.230742  0.735969552875
0.224271  0.723773313146

0.114533  0.784428899008
0.230632  0.736130402385
0.224144  0.724114700218

0.114529  0.784232036143
0.23069  0.735765150855
0.22425  0.723503981178

0.114527  0.784352338669
0.23069  0.73573791853
0.224317  0.723725921756

0.114526  0.784432413999
0.230594  0.736056476127
0.224145  0.723908586069

0.114521  0.784410699738
0.230682  0.736033012542
0.224275  0.723730907035

0.114519  0.784424476082
0.230745  0.735904990527
0.224354  0.723851524943

