0.208249  0.434815524417
0.508001  0.377215296225

1.14424  0.412643097643
0.290539  0.447563136514

1.56865  0.418139963076
0.238286  0.513515208459

0.314713  0.434797635325
0.43233  0.485701026919

2.33175  0.31838550669
0.453201  0.48089833578

0.293692  0.44787068317
1.09549  0.426610892058

1.77456  0.344912031083
0.651096  0.448911227629

0.107235  0.526684175652
0.472522  0.495151977754

0.0827524  0.719482884278
0.298805  0.510463466429

1.7982  0.343318649632
0.490696  0.468461856652

0.121952  0.602380261248
0.311802  0.467726878141

0.202853  0.447765180146
0.460319  0.491105886009

0.105047  0.668899614841
0.100908  0.608141294051

0.211195  0.456470850674
0.133676  0.573097228772

0.131576  0.757770946177
0.112113  0.680281232763

0.0756048  0.676039780693
0.105155  0.617595034981

0.0816059  0.906812701452
0.0873575  0.671216829021

0.0770367  0.705426710557
0.0894372  0.662915280289

0.116452  0.502202295286
0.0880249  0.68829095797

0.129315  0.597652304771
0.0864752  0.689532093203

0.0888699  0.669829105969
0.0913612  0.652025342868

0.118477  0.724260514259
0.0849232  0.698901688988

0.0807803  0.807901576098
0.0805983  0.742354491755

0.105913  0.628110583696
0.0793851  0.759780565414

0.126709  0.608792621515
0.0809354  0.748272376524

0.0212676  0.672267580664
0.0822197  0.734421719532

0.0760805  0.677662837806
0.0799908  0.758659993965

0.136762  0.489016738065
0.080719  0.746074377687

0.0906537  0.770319633008
0.0799862  0.755426951776

0.0912414  0.844250663901
0.079857  0.764791495523

0.139264  0.679780349167
0.0783547  0.776761948063

0.087908  0.607766784884
0.0798715  0.758945637381

0.0820288  0.887655723993
0.0808351  0.766042117592

0.100871  0.87436408907
0.0783658  0.788219105914

0.0712288  0.897896608367
0.0802106  0.77101088688

0.0834304  0.842562516683
0.0807328  0.772180037605

0.079964  0.828379552956
0.0810003  0.762296026421

0.0390287  0.874180881646
0.0800485  0.768923500745

0.0876839  0.697560524211
0.079496  0.772236725581

0.11214  0.469200122191
0.0786073  0.794652614908

0.0744143  0.9240340537
0.0790507  0.778620592078

0.102732  0.831650503986
0.0786684  0.780156670198

0.0986767  0.648807760489
0.0841861  0.723699584091

0.0952737  0.876167417037
0.0787357  0.797896397598

0.0908535  0.85022998583
0.0782609  0.798091340198

0.0975951  0.840860514077
0.0809176  0.755943585672

0.0820091  0.896273614222
0.0778514  0.787814192973

0.102597  0.788907312851
0.0790023  0.783735122196

0.0789919  0.580535991857
0.0774152  0.801692650863

0.127459  0.539799620554
0.079945  0.767272157945

0.0666309  0.882657001967
0.0779271  0.787773263135

0.0899789  0.885368561725
0.0798209  0.772150587081

0.105462  0.711843851979
0.0791757  0.780738124313

0.143532  0.443736398369
0.0793964  0.780805332248

0.0989093  0.738942893358
0.0786927  0.789781385309

0.0733097  0.888095238095
0.0789965  0.790357861061

0.163545  0.431059350311
0.0770324  0.79506376113

0.0945509  0.88601353574
0.0784515  0.786615456916

0.0901443  0.813500894263
0.0778084  0.793034620284

0.0614299  0.836225450632
0.0781619  0.803166500394

0.0948183  0.847048778528
0.0781426  0.798217044423

0.0881102  0.714551979023
0.0779209  0.807612677597

0.0700344  0.931967606144
0.0775974  0.808515196386

0.0935004  0.897961643247
0.0776646  0.801600460717

0.0846104  0.902770699425
0.0776872  0.80409719715

0.0715262  0.83512605042
0.0788534  0.782746696562

0.0973337  0.878027257819
0.0779581  0.802421715862

0.0840705  0.798538839526
0.0780765  0.790888746291

0.0735024  0.680501361869
0.0773898  0.798675158143

0.0769281  0.856954228707
0.0775743  0.807111648536

0.105453  0.857012992491
0.0775951  0.798875514307

0.100265  0.770845951948
0.0781925  0.7879856009

0.080741  0.857742273864
0.0777969  0.793330066905

0.110462  0.910259519767
0.0775611  0.807861864458

0.182369  0.403064864182
0.0775921  0.801923025941

0.0858215  0.583924063069
0.0772306  0.80360341832

0.172566  0.37907864323
0.0777743  0.801085633066

0.101429  0.73641722953
0.0790282  0.768203178961

0.0915841  0.90296402885
0.0769855  0.799216962155

4.70033  0.339571068124
0.0773567  0.79501435522

0.0837882  0.808603701343
0.0778299  0.794697600842

0.0912345  0.870512262421
0.0774513  0.789356656238

0.125371  0.413508021919
0.0775254  0.791839431694

0.0917446  0.848145863706
0.0770404  0.802497627413

0.0897903  0.686483212549
0.0781663  0.793880260438

0.0949721  0.794331055839
0.0773857  0.809497902499

0.223931  0.413446973468
0.0773812  0.803390592271

0.130799  0.385442614169
0.0767922  0.805398232181

0.0694789  0.76023733776
0.0775967  0.793792529024

0.0715226  0.878274687868
0.0772844  0.802465810083

0.0536242  0.768395053705
0.0774172  0.806259220798

0.0813525  0.540537568691
0.0771261  0.804072698198

0.0606112  0.901788995013
0.0774028  0.796566230307

