0.221935  0.522969444116
0.285612  0.534988484516
0.251539  0.543016674881

0.204471  0.530842719592
0.26064  0.544922155882
0.22871  0.56062310768

0.199548  0.538142344191
0.25445  0.551213841675
0.222763  0.569837564241

0.197089  0.536886092177
0.251711  0.548900914258
0.220501  0.563753070116

0.195334  0.540708263126
0.248837  0.55221222884
0.218661  0.568476953067

0.193925  0.543373422718
0.246788  0.554573058723
0.216548  0.567483001445

0.192782  0.543672617574
0.245311  0.553775329639
0.215765  0.566118416568

0.191719  0.5423061648
0.244067  0.552983967415
0.214562  0.566672739771

0.190726  0.543456993165
0.24268  0.553486325691
0.214048  0.565637082825

0.189798  0.543966996606
0.241868  0.55400864081
0.213209  0.565894100557

0.188942  0.544425924775
0.241248  0.554400894852
0.213658  0.563273803121

0.188063  0.547354534551
0.239942  0.557238413888
0.212521  0.566389811372

0.187184  0.5470125442
0.239385  0.5571768894
0.212157  0.566798364217

0.186247  0.550249539014
0.2382  0.560058729913
0.211684  0.56845926542

0.185366  0.548450010224
0.237451  0.557405336556
0.211864  0.566678268528

0.18447  0.55019617842
0.23646  0.559450256275
0.21161  0.568122336466

0.183582  0.553955118799
0.236046  0.56347334225
0.211352  0.573290447262

0.182613  0.556328585568
0.2344  0.565791735749
0.211507  0.577153933269

0.181727  0.556643518174
0.23375  0.566544081542
0.211455  0.578202439877

0.180778  0.559536941656
0.232463  0.569183756764
0.211826  0.584828030782

0.179772  0.561551188948
0.232489  0.571106754899
0.211546  0.584994660581

0.178836  0.565514427497
0.231103  0.574393547686
0.211812  0.591999071973

0.177784  0.571796060144
0.229859  0.581168419529
0.211364  0.600348869337

0.176836  0.577624372651
0.229607  0.587783313413
0.21175  0.607743657455

0.175789  0.579563213696
0.228425  0.589214106226
0.211353  0.610380770688

0.174708  0.586545545246
0.22748  0.596991970298
0.211195  0.619333293329

0.173639  0.589204318766
0.227304  0.600183497437
0.211681  0.623016904507

0.172593  0.595648168081
0.226742  0.606840407401
0.210839  0.628866913324

0.17136  0.600923843901
0.225349  0.611458482117
0.210674  0.630887396597

0.170239  0.60872128131
0.224399  0.619128275409
0.209677  0.639156871308

0.169177  0.613115100235
0.22378  0.622905579024
0.208878  0.642782901427

0.168119  0.613446664579
0.222489  0.623553604111
0.209608  0.63902627088

0.167153  0.624203368794
0.222403  0.634360429704
0.207949  0.650442886861

0.165916  0.621320767267
0.222002  0.630619200788
0.209682  0.646907495828

0.164832  0.628439100389
0.221877  0.63692350744
0.209182  0.650744368038

0.163914  0.63514969919
0.220966  0.643065364096
0.208778  0.655725074934

0.162722  0.636205786562
0.21952  0.644850229394
0.208903  0.654150059494

0.161784  0.637608919849
0.219315  0.647504424383
0.20844  0.656731866615

0.160832  0.640753688571
0.219128  0.65036449787
0.209001  0.658059232641

0.159871  0.642771303069
0.219062  0.650796874622
0.209193  0.658102012117

0.158894  0.646074494769
0.21886  0.654827675301
0.207982  0.661343577955

0.157948  0.646999507701
0.218025  0.655066864865
0.207744  0.662840242331

0.157147  0.649853951561
0.219099  0.658365081517
0.208695  0.664600526807

0.156208  0.651814838787
0.216568  0.659926243821
0.208355  0.665139326535

0.155369  0.654459121132
0.21656  0.663539822247
0.207837  0.668420414674

0.154453  0.655913844537
0.216203  0.663985681953
0.207989  0.668691155562

0.153633  0.661024507161
0.21504  0.66941336123
0.207892  0.671867499359

0.152786  0.659949830145
0.215748  0.667638376517
0.208492  0.673226571556

0.152028  0.664298795132
0.215033  0.671243875621
0.206926  0.677335370668

0.151216  0.666967509922
0.215598  0.673009172588
0.208157  0.679516004819

0.150434  0.666954561433
0.215825  0.672782017107
0.208472  0.681081168401

0.14962  0.666930585866
0.21407  0.673326526847
0.207816  0.68043776934

0.148965  0.668620563303
0.213466  0.674275927377
0.207737  0.681689310522

0.148168  0.672222564488
0.213685  0.678547956744
0.207996  0.683086419217

0.147441  0.673374029968
0.213456  0.679591440666
0.206819  0.688367569308

0.146732  0.672587193067
0.21336  0.677949751609
0.207582  0.685883725035

0.146023  0.676018383355
0.213266  0.681534452469
0.207023  0.68802387083

0.145295  0.67603620338
0.212224  0.680906739849
0.206714  0.687356039727

0.14463  0.677188682066
0.21284  0.68111870452
0.207393  0.687479978488

0.143919  0.681094064184
0.212978  0.685127142289
0.207505  0.690917990537

0.143219  0.678947405832
0.212541  0.682391075454
0.207758  0.690424239464

0.142617  0.680622226018
0.212283  0.684807751384
0.207092  0.691014688344

0.141939  0.687889031538
0.212458  0.69179101733
0.207908  0.697181822332

0.141283  0.687149137892
0.212497  0.690838121905
0.20758  0.695646250404

0.140669  0.689703044901
0.212085  0.693513499943
0.206663  0.696965905216

0.140077  0.690483102796
0.212594  0.692507888341
0.206453  0.697611839135

0.139386  0.69105692357
0.21294  0.692008648282
0.206771  0.699907204579

0.138779  0.693226874629
0.212896  0.694121281235
0.206741  0.701256305766

0.138139  0.69498784991
0.212726  0.696494136607
0.207652  0.702115473839

0.137565  0.695775249162
0.211712  0.696993212173
0.206342  0.701233454494

0.136983  0.695282652339
0.212942  0.695928971016
0.20754  0.700557204153

0.13641  0.698804787929
0.212466  0.699017661851
0.20727  0.702386975118

0.135834  0.699650343596
0.213225  0.699402064436
0.208355  0.704742075466

0.135249  0.700753173543
0.213671  0.700328345883
0.208666  0.703875304832

0.13469  0.702178875468
0.213208  0.700753294568
0.207891  0.705987223329

0.134166  0.703016938926
0.213357  0.701583023331
0.20815  0.705869496602

0.133622  0.70415719785
0.212608  0.702598826859
0.207277  0.706220714629

0.133066  0.706534782359
0.213648  0.703472543404
0.207973  0.707914605717

0.132529  0.705637137573
0.213373  0.703720337821
0.208498  0.709483217516

0.132045  0.706849322245
0.214388  0.703441836028
0.20844  0.707884916354

0.131458  0.709660711316
0.214244  0.705665327374
0.208656  0.709689945436

0.130932  0.707503639936
0.213648  0.703850240184
0.208481  0.708137848836

0.130416  0.712503996754
0.214046  0.708052766976
0.208293  0.709245753216

0.129927  0.711320898937
0.214011  0.707414293896
0.209461  0.710303583711

0.129447  0.714341560552
0.214034  0.708988729419
0.208822  0.709785232052

0.128969  0.71519642976
0.214242  0.709808574422
0.209328  0.710845452965

0.128471  0.716577513541
0.213853  0.710746176336
0.208638  0.710632038514

0.127973  0.717607598518
0.214523  0.711676380934
0.209696  0.711184991871

0.1275  0.716870286785
0.215322  0.711491749345
0.210704  0.711029053295

0.127  0.719141982909
0.214755  0.712626015988
0.209237  0.711433680441

0.12655  0.721309137592
0.214493  0.714151952726
0.209541  0.714553663355

0.126109  0.721753857468
0.214844  0.713701419712
0.208974  0.713053316141

0.125622  0.722127310698
0.214957  0.713480804815
0.20994  0.713120849902

0.125167  0.720502789959
0.214746  0.712179558048
0.210073  0.710928228861

0.124706  0.72494675137
0.215383  0.715481442795
0.210116  0.713917283575

0.124252  0.724106299953
0.215703  0.714385770074
0.209824  0.713866998126

0.123826  0.724685086386
0.215524  0.714483238357
0.210506  0.713476429649

0.12338  0.726450656727
0.215542  0.715981126442
0.210943  0.71445053071

0.12296  0.728314428431
0.216049  0.718034918166
0.210788  0.71553097056

0.1225  0.727982984521
0.216628  0.717200058199
0.211309  0.714052826923

0.122134  0.728620512584
0.215935  0.718073461072
0.210059  0.714331013441

0.121676  0.732295228301
0.216534  0.720083111272
0.211167  0.717625776316

0.121316  0.732452678432
0.21714  0.719498655786
0.211363  0.718187792977

0.120852  0.733998548488
0.216753  0.722206974433
0.211373  0.71948978994

