0.232258  0.534441334145
0.289859  0.534230313004
0.244836  0.552414143522

0.220773  0.54590600866
0.276799  0.543260738865
0.232865  0.556658578308

0.21685  0.55010950374
0.271434  0.544312854751
0.229207  0.560288617979

0.214351  0.549586235731
0.267565  0.544620317852
0.227204  0.559574824285

0.212443  0.551089035236
0.265253  0.545231043965
0.226226  0.558171145802

0.210783  0.553922982497
0.261695  0.548579784282
0.225127  0.560565806333

0.209238  0.555521200895
0.259827  0.549967211185
0.224715  0.560000406343

0.207827  0.556926792864
0.258204  0.551476278675
0.22392  0.560482916313

0.206492  0.559946134342
0.256328  0.556162193693
0.223548  0.562337483006

0.205133  0.560565556593
0.255672  0.556425133199
0.223014  0.561654984792

0.203827  0.561583216803
0.254212  0.55691063988
0.221562  0.562031798007

0.202428  0.563077611532
0.253061  0.559144140201
0.222238  0.562129690489

0.201048  0.566119996245
0.252754  0.561860546509
0.220655  0.564784123225

0.199432  0.570487552856
0.250319  0.567202057635
0.221148  0.568492529

0.197807  0.575434330896
0.249608  0.572320643601
0.220668  0.576290593786

0.196049  0.581833340903
0.248199  0.57715158219
0.219498  0.580168297389

0.194269  0.592360563208
0.247385  0.588061274156
0.219199  0.594555389294

0.192308  0.602909975104
0.24678  0.596958199997
0.21879  0.604234946572

0.19034  0.613297411185
0.245318  0.607126485787
0.219199  0.613382887604

0.18839  0.619604358161
0.244285  0.612693066963
0.219302  0.621469392633

0.186405  0.628449205106
0.242706  0.619966660317
0.218733  0.628791714757

0.184603  0.631788053334
0.240723  0.624100174842
0.217486  0.631429392558

0.182744  0.63926854704
0.238798  0.630834102888
0.21837  0.636303235105

0.181201  0.640316115657
0.238491  0.632695099107
0.217766  0.637706614807

0.179436  0.642746399799
0.237303  0.634359217271
0.217743  0.639854089938

0.177869  0.645493164942
0.237303  0.637688984667
0.218283  0.641345579364

0.176295  0.648970224526
0.235914  0.641487641617
0.217686  0.645346785743

0.174765  0.652070653575
0.236376  0.643712039953
0.217745  0.646840544469

0.173318  0.655447435153
0.235966  0.645326000123
0.218476  0.647915965642

0.171855  0.656049643175
0.234859  0.646659763967
0.217461  0.648421564082

0.170427  0.658997973749
0.234887  0.649420194646
0.218341  0.650386496931

0.169077  0.660491921264
0.23605  0.65022033001
0.219019  0.652455815078

0.167692  0.664527173804
0.234969  0.654981196811
0.219403  0.653728624275

0.166398  0.666670414101
0.234456  0.656118272053
0.218258  0.656162425737

0.165125  0.669056255733
0.234026  0.660195096217
0.21886  0.658821718881

0.163885  0.670979857254
0.233063  0.661631057951
0.2187  0.657824734177

0.162606  0.672897203022
0.232849  0.663449328545
0.218109  0.660323672767

0.161452  0.675357132334
0.233221  0.665480253603
0.218959  0.660112705565

0.160175  0.677514277334
0.232543  0.66795593807
0.219675  0.660468908097

0.159052  0.67957670736
0.231611  0.670531456555
0.218325  0.662660713539

0.15781  0.680161490685
0.231987  0.671236528701
0.218799  0.660971769446

0.156753  0.682113495222
0.231056  0.674133737008
0.218074  0.664333990108

0.155607  0.685554173038
0.230869  0.675395589338
0.217834  0.66611582493

0.154537  0.688506416766
0.230208  0.677683375166
0.21823  0.668176893405

0.153452  0.686433665012
0.230692  0.675332989735
0.218669  0.66392254443

0.152414  0.691916559128
0.230638  0.680896704426
0.219871  0.669858265943

0.151385  0.690881119412
0.229395  0.680275515125
0.219904  0.66708240204

0.150379  0.693238491831
0.230454  0.683369047879
0.220197  0.668439442391

0.149401  0.695912285196
0.229946  0.685606332217
0.220962  0.670240300977

0.148436  0.69513631699
0.229893  0.683409951883
0.219957  0.66952972886

0.147448  0.699204037583
0.229507  0.686486901643
0.22087  0.673292932267

0.14654  0.699488429299
0.229448  0.687358039361
0.221217  0.672511887863

0.145603  0.701704032056
0.229461  0.689363427034
0.22134  0.674372324716

0.14466  0.702874734684
0.228959  0.689605250413
0.220951  0.674665304788

0.143786  0.702237585342
0.229733  0.687447216495
0.222613  0.673433194506

0.14291  0.705000207808
0.229334  0.690913075906
0.22229  0.673879992902

