0.308149  0.769375465546
0.439764  0.714429604494

0.291421  0.783690821519
0.421783  0.728761835905

0.282483  0.791614952232
0.415224  0.736309894028

0.275986  0.794786305024
0.406967  0.737714110458

0.271292  0.796895131709
0.401924  0.738906999378

0.267341  0.796801464914
0.399078  0.737871369936

0.26423  0.800427960495
0.395159  0.740750118613

0.261712  0.79896118264
0.393583  0.737609503568

0.259722  0.799291717032
0.391713  0.737812768863

0.258122  0.801153251677
0.390409  0.739141442579

0.256694  0.800138527809
0.388082  0.73819949872

0.255484  0.802207413991
0.386528  0.73951071969

0.254321  0.802645881392
0.385543  0.738974989297

0.253234  0.804730098101
0.387072  0.743791830693

0.252362  0.805843034269
0.38152  0.743876242938

0.251357  0.805228067083
0.383567  0.743346839901

0.250402  0.805155816706
0.382917  0.744589407608

0.249555  0.806441410577
0.380606  0.745138059976

0.248607  0.80648216272
0.382598  0.744412754371

0.247846  0.806197097231
0.38287  0.74565918534

0.247061  0.808948215417
0.379406  0.747907073437

0.246233  0.808018965466
0.377965  0.746748486637

0.245487  0.807821900941
0.379125  0.746269323212

0.244735  0.808738888911
0.38081  0.746533127064

0.244  0.809824615142
0.378363  0.748987328843

0.243218  0.810632690414
0.378299  0.750292217213

0.242613  0.810461349074
0.37931  0.749525597475

0.241822  0.813053876101
0.377096  0.752273184716

0.241219  0.811032059904
0.377307  0.750512387611

0.24052  0.814029887954
0.376852  0.754680983771

0.239861  0.81344285113
0.377283  0.752607429557

0.239292  0.814840958521
0.375971  0.755106402508

0.238618  0.814239571416
0.374165  0.753386462734

0.237933  0.814353589293
0.375031  0.753509541419

0.237503  0.81512618324
0.377327  0.755115664914

0.236646  0.814742551924
0.376133  0.755143156857

0.236002  0.816394565831
0.374794  0.756816213461

0.235428  0.815637519205
0.374857  0.755723298354

0.234825  0.81732642389
0.372976  0.758440127196

0.234195  0.817047859533
0.374834  0.757250202521

0.233619  0.81862948937
0.374627  0.760812508075

0.23303  0.819441052809
0.375701  0.761461430514

0.232651  0.818460660215
0.377687  0.760699956912

0.231957  0.817900295473
0.376304  0.759219776112

0.231336  0.818238080619
0.374052  0.760732931201

0.230859  0.819733330552
0.372674  0.762153547854

0.230416  0.819200400852
0.372269  0.760992832029

0.2297  0.819135350269
0.374551  0.761186970009

0.229131  0.821198202763
0.372409  0.764048548785

0.228572  0.823148006703
0.372235  0.765661615906

0.228063  0.822081673594
0.372903  0.765476175124

0.227568  0.82313133306
0.37288  0.767455308678

0.227021  0.823625780832
0.373077  0.76725549934

0.226527  0.822438523176
0.372777  0.76588584309

0.225942  0.823673800568
0.372597  0.767607471972

0.225455  0.824085464353
0.3734  0.767879563321

0.224992  0.824903359662
0.373974  0.769234699198

0.224421  0.825202501748
0.371701  0.770852029162

0.22401  0.825365454848
0.374009  0.770209897309

0.223438  0.826208342816
0.373948  0.771044002155

0.222982  0.825401164303
0.373334  0.76979363968

0.222411  0.827909395807
0.373505  0.772735517896

0.221988  0.827695203291
0.372799  0.77293769434

0.221523  0.826572931452
0.371365  0.770848693794

0.220988  0.828036475383
0.372563  0.772941515894

0.220556  0.826026142537
0.371358  0.76937131984

0.220038  0.828988228365
0.374347  0.774606252065

0.219532  0.82929711012
0.371434  0.775075826341

0.219187  0.830614534694
0.373444  0.777146765003

0.218943  0.828669932899
0.370763  0.774915775975

0.218202  0.82830645779
0.371845  0.77368590417

0.21779  0.830013903369
0.370425  0.775266208084

0.217159  0.829365012613
0.373549  0.775797885551

0.216736  0.830657147479
0.372575  0.776576555806

0.216413  0.830217413305
0.372794  0.776023232724

0.215821  0.830843270402
0.374972  0.777162373377

0.215414  0.831454324311
0.37288  0.778373854303

0.214925  0.832682156387
0.373036  0.780014409085

0.214415  0.832877750998
0.37372  0.779790622359

0.214004  0.830752146012
0.369828  0.776319071902

0.213693  0.830827258047
0.369342  0.775418409289

0.213032  0.833123969152
0.3714  0.779717736996

0.21254  0.834396026061
0.37308  0.780593985047

0.212193  0.834456626258
0.372731  0.780683540234

0.211723  0.833933227698
0.373666  0.780521570529

0.211252  0.835330858032
0.372363  0.781992817247

0.210852  0.834819321414
0.374595  0.780982427968

0.210547  0.834194588943
0.373358  0.781228816227

0.209916  0.836394634029
0.373815  0.782067038724

0.209496  0.837168714918
0.371973  0.784491074974

0.209078  0.836266372226
0.373064  0.782297395922

0.208647  0.836871241354
0.372642  0.783730673335

0.20817  0.83696862003
0.372281  0.782121168631

0.207707  0.836185721946
0.373738  0.783290959904

0.207289  0.837747128986
0.373733  0.784167264443

0.206939  0.83842931137
0.37276  0.784405802086

0.206495  0.837981553219
0.372314  0.783805613621

0.206014  0.837828989794
0.374734  0.783377911073

0.205567  0.838812888281
0.374701  0.784489495883

0.205157  0.838188739933
0.372195  0.782574084225

0.204772  0.839119805445
0.372484  0.783388416004

0.204476  0.841530840718
0.370673  0.78743508935

0.203898  0.840292416128
0.375456  0.786008980914

0.203477  0.842218680863
0.3755  0.78731590152

0.203054  0.840661718755
0.374666  0.785896968745

0.202716  0.840730029571
0.37673  0.784906755673

0.202267  0.842275413464
0.374052  0.786770049247

0.201882  0.840902260194
0.374821  0.784990850661

0.201525  0.843885930871
0.377096  0.788635449349

0.201137  0.842640861946
0.377166  0.787504923044

0.20069  0.843356030832
0.37752  0.78689723392

0.200366  0.842661820502
0.376547  0.787214220969

0.199998  0.843496508427
0.375667  0.787826584645

0.199554  0.845830260881
0.375644  0.789155076994

0.199301  0.843422892117
0.372666  0.786481678146

0.198753  0.844923177363
0.377282  0.788729294364

0.198496  0.843545262497
0.379317  0.788207192812

0.197952  0.844961252302
0.377506  0.787747721873

0.197662  0.845299684342
0.378019  0.789204509934

0.19735  0.846752263183
0.37892  0.789782975978

0.196943  0.844747935597
0.377078  0.787895156975

0.196503  0.846744986264
0.378577  0.790244319688

0.196189  0.845983198874
0.378447  0.788775977694

0.195907  0.846418632697
0.37586  0.790022999325

0.195496  0.847383528541
0.376915  0.790268727896

0.195108  0.846598699404
0.378259  0.790370208036

0.194731  0.847502639266
0.380801  0.790285375816

0.194398  0.848699208723
0.377216  0.791759007301

0.194087  0.847863301421
0.37562  0.790371777263

0.193721  0.848295230111
0.382292  0.790612333482

0.193318  0.848709122121
0.379426  0.791030545962

0.192954  0.849912473182
0.379356  0.792890932965

0.192703  0.850165032145
0.376417  0.79251756224

0.192274  0.847955606805
0.381112  0.789995499686

0.191882  0.850294335426
0.381097  0.79250524404

0.191696  0.850019082607
0.376639  0.790923066321

0.191302  0.849048827579
0.382469  0.792119408551

0.190947  0.849476244121
0.382112  0.792274135325

0.190669  0.851265125853
0.382103  0.793703857534

0.190313  0.849240059394
0.380766  0.790779423647

0.189948  0.84994766025
0.380631  0.791553514908

0.189626  0.850923807985
0.380831  0.792387517844

0.189319  0.849825235798
0.381309  0.791373214675

0.189013  0.850648971323
0.380061  0.792773395671

0.188696  0.851592494371
0.381546  0.793277893205

0.188418  0.852022738067
0.381274  0.794948005046

0.18809  0.851521348102
0.381792  0.792760520111

0.187781  0.852119152593
0.381192  0.793406192549

0.18749  0.854603547005
0.380718  0.795939319801

0.187086  0.853434995592
0.382603  0.793959278515

0.186797  0.853705634677
0.383736  0.79368536885

0.186691  0.852535911476
0.384114  0.792941007349

0.186581  0.853744861561
0.385229  0.794007398397

0.186505  0.854717205313
0.385694  0.794931331486

0.186434  0.853808462605
0.38599  0.794754760366

0.186368  0.85386465392
0.385869  0.794609808755

0.186332  0.852985194037
0.384374  0.793304716118

0.186261  0.853690515788
0.383729  0.794200789657

0.186195  0.854292971846
0.384951  0.794378468555

0.186154  0.853764961392
0.386775  0.79391619339

0.186103  0.853141832545
0.386897  0.793200328404

0.186042  0.853964476432
0.386202  0.794164769657

0.18601  0.854739034415
0.385067  0.795149982689

0.185982  0.853910116655
0.387478  0.793830900696

0.185899  0.85447724959
0.386161  0.794485223222

0.185878  0.852966104017
0.385824  0.793232463893

0.185833  0.853497050812
0.385183  0.79361171377

0.185786  0.853503725523
0.386917  0.793992832203

0.185725  0.854381590938
0.384993  0.794618285298

0.185709  0.853315853652
0.386831  0.79406431369

0.185623  0.854023282375
0.386172  0.794044479961

0.18559  0.854374915717
0.386229  0.794669654654

0.185539  0.854406178886
0.387428  0.794100757133

0.185505  0.855239023369
0.386218  0.795498512055

0.185457  0.854816348978
0.386729  0.794378041205

0.185428  0.854026890832
0.388407  0.79389760393

0.185383  0.854469405641
0.386379  0.794069051132

0.185338  0.855115010178
0.387501  0.794873818715

0.185313  0.855330082976
0.387361  0.794893209288

0.185259  0.854603208166
0.387239  0.794117167415

0.185215  0.854181109492
0.387273  0.793762287664

0.185177  0.854196197863
0.386416  0.794114295904

0.185139  0.854678519964
0.386949  0.794739818454

0.185082  0.85485167194
0.386569  0.794212681933

0.185049  0.85432179054
0.386957  0.793665274291

0.185017  0.855682286727
0.387504  0.795542667953

0.184969  0.855175831865
0.38785  0.795146197422

0.184926  0.85505656018
0.387874  0.794557093635

0.184892  0.854919879338
0.388248  0.794075266963

0.18488  0.853768581754
0.387371  0.793523880875

0.184815  0.854459864818
0.38722  0.793852553743

0.184765  0.855029839436
0.38783  0.794827536246

0.184743  0.854015650547
0.387551  0.79326755096

0.184715  0.855668477646
0.387563  0.795402247426

0.184669  0.853915896092
0.3871  0.793122195623

0.184615  0.855485197355
0.387617  0.794747022277

0.184579  0.855436406569
0.387798  0.794728718982

0.184545  0.854572036736
0.387093  0.793614904979

0.184499  0.854425253421
0.386692  0.793531007776

0.184463  0.855465627123
0.38751  0.795418825091

0.184426  0.855634060659
0.388909  0.795092356339

0.184394  0.854599990733
0.387385  0.794597934477

0.184344  0.854934743132
0.387545  0.79407188692

0.184309  0.85494042489
0.387344  0.794430194453

0.184283  0.854449939646
0.388664  0.793597586168

0.184238  0.85529005729
0.386883  0.795270530252

0.184201  0.855935667983
0.387694  0.794998119503

0.184166  0.856097703247
0.387695  0.79547798405

0.184118  0.855320684432
0.387414  0.795165474122

0.184155  0.854733832381
0.386772  0.794109448135

0.184051  0.855280419534
0.387401  0.79408459598

0.184028  0.854968296845
0.387893  0.794115037107

0.183981  0.856256654298
0.388182  0.795006139462

0.183977  0.854556800517
0.388716  0.793946587397

0.183924  0.855284769826
0.387453  0.795186406631

0.183873  0.856330577167
0.388276  0.795317416558

0.18384  0.856152772214
0.387947  0.795502395636

0.183802  0.855607670351
0.388845  0.795343012585

0.183776  0.855552620535
0.38701  0.794979768226

0.183743  0.855767260388
0.389391  0.795377213024

0.183684  0.855753897638
0.388102  0.795733127703

0.183692  0.854756419111
0.386543  0.794519775572

0.18361  0.855669462949
0.387968  0.794465614321

0.183585  0.855678338999
0.387449  0.794715538878

0.183543  0.854852557858
0.388074  0.794348360515

0.183513  0.855679273403
0.388403  0.79513017019

0.183504  0.855664649541
0.388477  0.795016082201

0.183497  0.85591629116
0.388397  0.79533965284

0.18349  0.85572571954
0.388598  0.795109262177

0.183486  0.856111595451
0.388492  0.79561038328

0.183477  0.855748475452
0.388908  0.795261118501

0.183472  0.855879884885
0.388759  0.795321061058

0.183468  0.855875581545
0.388826  0.795351487598

0.183467  0.855532396293
0.388464  0.795060563991

0.183457  0.855693488609
0.388651  0.795229447371

0.183457  0.855483064297
0.388826  0.794925684226

0.183449  0.855677224287
0.388708  0.79524540085

0.183445  0.856205161294
0.388882  0.795732958032

0.183443  0.855920263871
0.388285  0.795418050089

0.18344  0.855820901112
0.38883  0.795218204312

0.183433  0.855487749047
0.38883  0.794915283048

0.183431  0.85537770495
0.389126  0.794412942892

0.183422  0.855992351326
0.388919  0.795423757208

0.183422  0.855453023151
0.388626  0.794235203193

0.183417  0.855662435705
0.388609  0.794994064786

0.183411  0.855667859816
0.388584  0.794539821037

0.183411  0.856080880617
0.38908  0.795485621789

0.183402  0.855585085643
0.389339  0.79512888011

0.183398  0.855961457893
0.38892  0.795387770495

0.183393  0.855816553942
0.38893  0.795218659506

0.183391  0.855732809762
0.389094  0.795202821069

0.183388  0.856119852047
0.38945  0.795727078537

0.183382  0.85594621902
0.389264  0.795359467771

0.183377  0.855848901432
0.389058  0.795176604522

0.183374  0.855634233505
0.389327  0.795051752987

0.183375  0.85625524238
0.389694  0.795690038547

0.183366  0.856064422202
0.389392  0.795458066549

0.183366  0.855575811481
0.389288  0.795025702842

0.18336  0.855778050133
0.388988  0.795195628146

0.183354  0.85584991061
0.388998  0.795133486467

0.183352  0.855846140019
0.388595  0.79510183763

0.183352  0.855823333638
0.388226  0.794767237928

0.183352  0.856367261665
0.388567  0.795820667266

0.183343  0.855649669052
0.388987  0.794626167896

0.183339  0.855423714867
0.388945  0.794263621972

0.183334  0.855966174948
0.389318  0.794878175498

0.183327  0.856043620285
0.389108  0.795076213002

0.183323  0.855839568034
0.389133  0.794834171698

0.183322  0.856229745746
0.38919  0.795145003436

0.183317  0.85576848377
0.389226  0.794900822054

0.183313  0.855612612214
0.389117  0.794544149239

0.183312  0.855420521933
0.389129  0.79417027078

0.183307  0.856222600292
0.388801  0.795669043195

0.1833  0.855877481784
0.38937  0.795292504773

0.183297  0.856126900383
0.389518  0.795551028024

0.183291  0.855779671773
0.389212  0.79505348987

0.183288  0.855821491405
0.389122  0.795104305515

0.183285  0.856199378518
0.389112  0.795648879679

0.183282  0.856119726193
0.389277  0.795356651514

0.18328  0.856361768844
0.388963  0.795734855111

0.183275  0.855737624937
0.388853  0.795007649172

0.18327  0.855830544476
0.389047  0.795161437557

0.183267  0.856073867342
0.388892  0.795390150138

0.183265  0.856436180219
0.389201  0.795770486027

0.183258  0.855916686674
0.389319  0.795186294877

0.183256  0.855851457612
0.38904  0.795071271938

0.183251  0.856197057274
0.389322  0.79546099008

0.183248  0.855624587391
0.389511  0.794637943887

0.183244  0.855650750878
0.389584  0.795021206614

0.183241  0.855709735448
0.389577  0.794919395459

0.183241  0.855748071788
0.389801  0.795017820878

0.183236  0.855898134297
0.38941  0.794774247999

0.183228  0.855817446462
0.389448  0.795065832243

0.183225  0.856089532905
0.389411  0.795429015625

0.183225  0.855828024072
0.389142  0.795060965629

0.183219  0.856145145455
0.389072  0.795446443178

0.183215  0.856099354803
0.389179  0.795436217894

0.183212  0.856100279642
0.389275  0.79531206257

0.18321  0.856265392491
0.389025  0.795550080884

0.183205  0.85595651452
0.388975  0.795210864827

