0.621694  0.749126925468
1.01827  0.722099041091

0.622057  0.748159870401
1.02  0.720973719197

0.621491  0.746153953246
1.01917  0.719772012599

0.621258  0.743253021026
1.01693  0.712960007105

0.620603  0.745332379328
1.01774  0.717377299168

0.620991  0.745955786328
1.01591  0.719647268748

0.61939  0.751933241488
1.01911  0.723941871606

0.619429  0.748105103594
1.01671  0.71919783745

0.620012  0.747342765821
1.01723  0.720177314791

0.619032  0.751350445225
1.02004  0.723954853201

0.617168  0.751982269471
1.02322  0.72605356665

0.613882  0.75444725632
1.01705  0.722397806227

0.614381  0.751372422825
1.01974  0.723224201903

0.612694  0.746192583677
1.01527  0.717955234024

0.610741  0.751152798233
1.0174  0.720754265099

0.612105  0.743227071584
1.01176  0.712639736649

0.60879  0.761282097221
1.02083  0.72941403099

0.608918  0.758551227016
1.01977  0.728717718351

0.609163  0.756194406283
1.01726  0.727654610629

0.610844  0.751090312466
1.01499  0.722551782144

0.608675  0.756557810435
1.01895  0.727883865677

0.608521  0.75630687874
1.01856  0.726083866088

0.60846  0.754151467791
1.01616  0.723790506585

0.607703  0.756069146768
1.01801  0.725831969433

0.607719  0.755703531012
1.01864  0.725903046053

0.607966  0.753746499826
1.01661  0.724482463841

0.608329  0.752661264513
1.01624  0.723989250844

0.608347  0.748421585916
1.01572  0.718131103665

0.606938  0.755640513771
1.01646  0.725259288774

0.606477  0.754956865375
1.01826  0.724331360316

0.60863  0.735473252098
1.00712  0.705568351173

0.603831  0.759079667418
1.0173  0.725853570513

0.604633  0.748482075035
1.01143  0.714778888133

0.603187  0.753390077094
1.01349  0.721894598923

0.601875  0.756523264241
1.01432  0.724692760609

0.60163  0.755866155047
1.01181  0.723308283176

0.602331  0.750419887836
1.00911  0.718325812111

0.602431  0.743749812447
1.00569  0.710845107015

0.601005  0.752929594924
1.01011  0.720050170474

0.600477  0.758056279665
1.01016  0.72645901673

0.599616  0.758596545049
1.01106  0.725062706299

0.600017  0.758590060589
1.01132  0.725438352648

0.599451  0.75693513992
1.01188  0.722103620639

0.599356  0.761695226482
1.01236  0.727909433271

0.599671  0.754555520358
1.01098  0.721179840318

0.599992  0.754437722868
1.00974  0.722616526908

0.59885  0.758728877795
1.01117  0.725190316923

0.600215  0.752493869131
1.0087  0.721767664033

0.599391  0.753815057333
1.00945  0.721279465909

0.599708  0.752470006842
1.00781  0.719079411428

0.597984  0.766070860326
1.01337  0.732163510776

0.598517  0.7518255659
1.00391  0.717765328682

0.596507  0.756773676986
1.00674  0.723049900123

0.595994  0.752614087064
1.00228  0.716985236595

0.595547  0.759887634885
1.00391  0.726225534787

0.596102  0.742571683866
0.998813  0.705217358602

0.595411  0.748544864069
1.00006  0.712321603862

0.595623  0.747066134199
0.999376  0.710638716745

0.594019  0.754855063636
1.00131  0.71874944666

0.594896  0.752914668641
0.999953  0.717117440319

0.594603  0.755337674841
1.00274  0.72130518585

0.593385  0.760117075242
1.00472  0.72477780308

0.593573  0.757604074899
1.00121  0.721199188669

0.594169  0.754331165836
1.00096  0.718726610623

0.592492  0.764425781393
1.00443  0.729991198533

0.592833  0.764207893978
1.00459  0.730007413751

0.592717  0.762283043208
1.00458  0.727813711611

0.592601  0.761010165514
1.00389  0.726057377241

0.592648  0.760207755564
1.00342  0.72434445207

0.593166  0.757991780216
1.00323  0.723535739096

0.594019  0.746973852155
0.996562  0.708824942622

0.590764  0.768269916994
1.00363  0.731963357207

0.589201  0.77950108895
1.00597  0.745627851637

0.589874  0.766818939714
1.00101  0.732797651795

0.58887  0.768315225844
1.00137  0.730261358403

0.589725  0.761878467687
0.999699  0.725713155463

0.589221  0.767164287139
1.00071  0.731560785313

0.58987  0.760142578629
0.99786  0.725477718669

0.58942  0.754591122937
0.99528  0.716944433402

0.588142  0.763726965571
0.99978  0.727164542843

0.587778  0.7693882539
1.00107  0.733840414302

0.587959  0.766684848034
0.999433  0.731060759215

0.587562  0.771491046504
1.00271  0.737114169157

0.58758  0.770768750646
1.0003  0.736211088421

0.586824  0.772273548373
1.00176  0.736414110775

0.586801  0.772048321785
1.0018  0.7358099836

0.587493  0.767610204803
0.998824  0.731673065797

0.587437  0.766965252978
0.999429  0.729546807497

0.58701  0.7699336825
0.999114  0.733431535896

0.58681  0.771130865223
0.999209  0.735131379808

0.585376  0.78432217686
1.0049  0.749177383509

0.584443  0.795634426301
1.00633  0.764524358603

0.585241  0.778484353077
1.00101  0.74570438293

0.584902  0.777039832229
0.998485  0.740807635598

0.584141  0.784469695791
0.999458  0.748385913688

0.58389  0.779912546141
1.00028  0.74337988338

0.583465  0.779064936495
1.00007  0.742132346209

0.58341  0.782437920165
0.999944  0.747034688348

0.584061  0.776419483516
0.996163  0.740325568363

0.583456  0.779353956972
0.996609  0.742238264354

0.584341  0.777988658702
0.996144  0.742602131588

0.582787  0.784197379002
0.998714  0.747560421972

0.582924  0.784611051939
0.998267  0.750084687643

0.582661  0.787328020144
0.998003  0.751891165464

0.582577  0.788464192724
0.998821  0.752396567631

0.582982  0.78495321384
0.997215  0.748888425882

0.58241  0.785590264186
0.997901  0.750025623815

0.582551  0.784341482975
0.997493  0.748266637526

0.583208  0.781335542914
0.995892  0.745574057236

0.583458  0.774635343091
0.994138  0.736869806458

0.582703  0.771549670624
0.991144  0.732901228729

0.582169  0.774417078434
0.992106  0.733264447887

0.581241  0.784914070222
0.995477  0.748470028884

0.581126  0.786585957245
0.994812  0.749973157686

0.580709  0.788520454413
0.995462  0.753912855594

0.580972  0.778984819156
0.991494  0.740640056794

0.580386  0.788814200457
0.994347  0.752700575197

0.579604  0.789173358257
0.995161  0.752870416274

0.580233  0.789887173314
0.994296  0.754900917184

0.58091  0.782731944942
0.991288  0.747777944918

0.580024  0.778763601222
0.990028  0.738584159228

0.580062  0.780053593931
0.990814  0.741004207714

0.58049  0.772465179464
0.988113  0.73170617905

0.580032  0.782215741449
0.991165  0.743976036928

0.579536  0.782018981411
0.992039  0.742929696904

0.580307  0.775048425408
0.989598  0.735111838414

0.579669  0.782194100289
0.991153  0.742296000952

0.579615  0.785077388159
0.992055  0.747323284402

0.579546  0.782349612942
0.991503  0.74337920013

0.579594  0.781155833992
0.991038  0.742984368453

0.579639  0.802728258806
0.998949  0.773473224055

0.57935  0.776556532564
0.987192  0.735930345774

0.578204  0.796900278731
0.993795  0.759614385984

0.577412  0.805842959816
0.996331  0.770868417155

0.577554  0.805761524693
0.993988  0.771329123222

0.577587  0.800802797086
0.993489  0.765342169083

0.577754  0.791907559255
0.990235  0.755449232473

0.576903  0.800130306113
0.992997  0.764595312165

0.577033  0.797441180197
0.992511  0.761663424944

0.577364  0.792269372672
0.989871  0.755026612878

0.577459  0.793638397252
0.989939  0.757506079032

