0.588079  0.772695642752
0.658034  0.734067068091
0.766312  0.721814138727

0.580445  0.779480631443
0.653344  0.73733663901
0.763179  0.721709242531

0.576081  0.781601950873
0.651191  0.737557114153
0.763522  0.721396874182

0.5731  0.782438285988
0.649812  0.737398771982
0.76037  0.718859266913

0.570807  0.78464504874
0.65062  0.738740685788
0.760549  0.719208293687

0.56891  0.784846467902
0.650487  0.738202697937
0.758503  0.718366939513

0.567153  0.78547101645
0.648615  0.738530339781
0.758118  0.718318514658

0.565696  0.78554291061
0.648384  0.738059643887
0.757951  0.718024346936

0.564259  0.786460109223
0.648245  0.738503563609
0.756206  0.717080246193

0.563114  0.786763616464
0.647155  0.738025314794
0.754111  0.718470726311

0.561762  0.789669533225
0.648668  0.740889987464
0.756571  0.718758105472

0.560564  0.789175159133
0.649493  0.740179121664
0.757254  0.71779166994

0.559519  0.789107777631
0.649094  0.740200873339
0.756424  0.717254212575

0.558513  0.787666756611
0.647673  0.738714666063
0.754425  0.716630171577

0.557428  0.789735339527
0.648626  0.740802154656
0.756156  0.718061676416

0.556442  0.789223538785
0.648469  0.739796071755
0.755541  0.716832391204

