0.241572  0.511853109842
0.299508  0.510402100755
0.261372  0.512755203385

0.226008  0.522868332915
0.282554  0.520060127682
0.246624  0.527971399544

0.215845  0.533139453992
0.267794  0.528943946949
0.233546  0.540670290824

0.211038  0.541657019396
0.26142  0.535901445045
0.229059  0.548284650333

0.207517  0.543982669395
0.257981  0.537615913559
0.226087  0.549569729028

0.204931  0.547291613787
0.255569  0.539303442508
0.223751  0.550208452481

0.203047  0.55318350829
0.253144  0.544488792085
0.222297  0.55612848128

0.201606  0.553539442829
0.25169  0.54385532393
0.220093  0.556961687248

0.200383  0.555885499801
0.249858  0.545706342836
0.219569  0.558079016429

0.199284  0.559562751767
0.248173  0.548507603575
0.218832  0.561525754534

0.19825  0.555804441391
0.247569  0.544636599372
0.217589  0.556642065896

0.197286  0.558268219381
0.246797  0.546942141587
0.217494  0.559694766996

0.196416  0.558142900703
0.245809  0.546042660499
0.217088  0.558292236629

0.19559  0.558320699502
0.245127  0.546376014547
0.216919  0.557610289958

0.194854  0.561881689502
0.243481  0.548722431444
0.21595  0.561875365274

0.194084  0.56228540701
0.243658  0.549329583031
0.215713  0.56227670522

0.193348  0.561029795087
0.242581  0.548025477922
0.215738  0.559103762801

0.192587  0.563920961753
0.24128  0.550285639782
0.215625  0.560565865473

0.191997  0.559599500816
0.241178  0.546276780416
0.215934  0.556729622227

0.191243  0.564416443408
0.240498  0.55076805311
0.215623  0.562835311508

0.190639  0.563544581554
0.23984  0.549932138888
0.215346  0.559083965129

0.189962  0.564585864193
0.239891  0.550678293986
0.215414  0.561576890024

0.189319  0.566161105167
0.238139  0.551661572289
0.215393  0.563178500958

0.188727  0.564681428066
0.238287  0.550521852105
0.21522  0.562590500296

0.188041  0.569770433759
0.236344  0.555189622938
0.215028  0.568161106294

0.187428  0.566326438212
0.236706  0.551677511731
0.214895  0.564612018937

0.186884  0.567843095901
0.235127  0.553435627251
0.215773  0.562846793338

0.186266  0.56823178067
0.235631  0.554269351095
0.215222  0.564989449732

0.185598  0.569633583492
0.234673  0.555198305322
0.215089  0.565510129346

0.184979  0.568851806403
0.234431  0.554672822037
0.215807  0.564643981945

0.184348  0.57007798055
0.233301  0.556130692174
0.215059  0.566438678036

