0.835228  0.513950922028
0.865675  0.517995453448

0.806218  0.532494762158
0.846034  0.533052786701

0.792539  0.541832708236
0.837577  0.535777409864

0.782331  0.551291941695
0.831701  0.54031413093

0.772619  0.571473991665
0.832377  0.556254742323

0.764591  0.589756245388
0.852426  0.570537952323

0.752098  0.601184722653
0.86085  0.581088519442

0.744493  0.601553955798
0.864618  0.581964694866

0.727632  0.619674510063
0.846455  0.608134221361

0.720113  0.622491956289
0.843169  0.600260862824

0.709776  0.63840612244
0.838072  0.617139601853

0.69716  0.656396004446
0.827086  0.634823997805

0.69228  0.648788112782
0.81499  0.627097580535

0.673367  0.679257929579
0.809119  0.652594799218

0.669196  0.687535944036
0.8051  0.665474758202

0.663833  0.682287012139
0.798941  0.651408983248

0.656222  0.690064217731
0.795854  0.656992886426

0.65364  0.685655234852
0.791554  0.655208919458

0.647766  0.69412868196
0.786401  0.661466625899

0.651616  0.676843458406
0.785103  0.646581241937

0.641187  0.70325373173
0.786415  0.674695077403

0.640549  0.696485124424
0.780144  0.666046744369

0.634689  0.69704498953
0.777537  0.662798142714

0.631006  0.700872270196
0.773982  0.66065388096

0.627039  0.709744124369
0.774582  0.671502934865

0.621932  0.713165993112
0.772797  0.674307118243

0.621056  0.702941850934
0.769515  0.66913798695

0.616716  0.714393460379
0.76913  0.686368157263

0.612004  0.718392326644
0.76758  0.687372376229

0.607405  0.725931530151
0.765502  0.684925961185

0.606549  0.723566406645
0.764374  0.682507635986

0.608315  0.703980519253
0.763598  0.666122278335

0.602148  0.715652069749
0.760774  0.682222222319

0.598945  0.720220919449
0.760836  0.684525257466

0.59386  0.729250636958
0.760396  0.689772436157

0.593275  0.726135825192
0.758132  0.686231811483

0.5912  0.723344708865
0.760098  0.691008432811

0.592708  0.714234308164
0.755482  0.680601088807

0.584916  0.727686999728
0.756818  0.696854111239

0.583088  0.729650873682
0.75601  0.695815708489

0.576646  0.740236315266
0.755014  0.70140269799

0.576615  0.736667647949
0.757141  0.697041998596

0.57847  0.724416747661
0.75456  0.684004446974

0.571199  0.738494750843
0.753472  0.701292682938

0.567297  0.74533961892
0.751134  0.700407816458

0.570864  0.728335393198
0.750822  0.689058599084

0.568249  0.732367572833
0.750732  0.694915980268

0.567299  0.731299374536
0.746364  0.694397024826

0.562822  0.735903644415
0.748301  0.692170266016

0.568968  0.719873918229
0.748923  0.679655083169

0.561516  0.733285369386
0.74694  0.696254487855

0.560121  0.735069114804
0.746652  0.69740695795

0.555216  0.745226153808
0.744894  0.708250024765

0.552516  0.748621537355
0.743433  0.702677214393

0.556649  0.735005904535
0.744042  0.697993800247

0.547473  0.759221864695
0.74613  0.720971017681

0.550006  0.747389554851
0.740821  0.706470458939

0.546994  0.750826817728
0.739766  0.70575550886

0.543481  0.760633142526
0.740586  0.720143525833

0.550638  0.739458931037
0.737361  0.699243156605

0.541018  0.759151414952
0.736829  0.715060754422

0.542914  0.753990861351
0.736474  0.713548640882

0.540956  0.757602831547
0.735911  0.717883512912

0.543638  0.748568570066
0.73761  0.708982522824

0.536794  0.762815666144
0.733308  0.720895647166

0.535185  0.765295523623
0.732235  0.723658594512

0.536188  0.758792434262
0.731024  0.716232342699

0.531619  0.76906755625
0.730453  0.722434342081

0.538096  0.750807872467
0.730061  0.708006842584

0.534402  0.760561071843
0.729241  0.71904248913

0.533224  0.760212810026
0.727076  0.716882385803

0.534524  0.758176249727
0.727659  0.718069580834

0.533687  0.755177035398
0.72456  0.713528746881

0.526992  0.775174122443
0.724573  0.736778777627

0.531316  0.763802135729
0.724233  0.726982334481

0.525391  0.775809279141
0.723154  0.733074181613

0.530482  0.758290857793
0.722021  0.715747891266

0.524263  0.774810651494
0.721648  0.731703443262

0.528504  0.758825278465
0.718084  0.714055753687

0.525913  0.76420872666
0.717135  0.715786885721

