0.0882279  0.809281362559
0.24912  0.738931984905
0.245308  0.714664791193

0.0881699  0.809738707045
0.24911  0.739305950822
0.245121  0.715354025197

0.0881044  0.809687653221
0.249957  0.739537900377
0.245922  0.714319275277

0.0880473  0.810418634064
0.250036  0.740151672637
0.245854  0.715525638023

0.0879909  0.810328840256
0.250179  0.739957876509
0.246102  0.714672944762

0.0879339  0.810704651572
0.25028  0.740117083653
0.245971  0.714907815777

0.0878905  0.811004562667
0.250258  0.740524485565
0.245974  0.715177255579

0.0878345  0.811345359552
0.250618  0.740781870704
0.246184  0.715359560225

0.0877875  0.811440501456
0.251142  0.740760126884
0.246622  0.715044925735

0.0877413  0.811764455317
0.250802  0.740999926815
0.246576  0.715608379569

0.0876965  0.812545466822
0.251433  0.741582268266
0.246853  0.716332799514

0.0876571  0.812406770821
0.251162  0.741646602338
0.246713  0.715988655051

0.0876128  0.812721633965
0.251398  0.741852157961
0.246779  0.715652300159

0.0875685  0.812634572895
0.25143  0.741712203632
0.246821  0.715963316939

0.0875276  0.812620770019
0.25138  0.741587659872
0.246419  0.716034154654

0.0874863  0.813360308078
0.251967  0.742310812491
0.247162  0.716236710262

0.0874474  0.813122798402
0.251819  0.742363628412
0.246966  0.716380644713

0.0874106  0.813452890849
0.251844  0.742166828738
0.247022  0.715961104216

0.0873709  0.813642645751
0.251758  0.742380782584
0.246779  0.717084351166

0.0873325  0.813877586982
0.252183  0.742160775568
0.247134  0.715931033626

0.0872944  0.814505695645
0.252556  0.742906233536
0.247713  0.71652882872

0.0872581  0.814223231049
0.252447  0.74286120131
0.247402  0.716338541191

0.0872243  0.814615380326
0.252857  0.742866400526
0.247608  0.71694556517

0.0871822  0.814295190762
0.252813  0.742711091951
0.247326  0.716796376449

0.0871447  0.815117696573
0.25306  0.743040236218
0.247574  0.716799108966

0.0871095  0.815123250839
0.252934  0.743580756105
0.247516  0.717115252463

0.087074  0.815513961477
0.253019  0.743569392365
0.247512  0.717579064706

0.0870374  0.815656435321
0.253189  0.743321265387
0.248046  0.717495541691

0.0870058  0.815648222228
0.253643  0.743419254026
0.248069  0.7171887416

0.08697  0.815559068015
0.253607  0.743549976501
0.248033  0.717284630281

0.0869411  0.815854492806
0.253549  0.74362272104
0.247867  0.71753605117

0.0869069  0.816148555909
0.253508  0.743946053132
0.248197  0.717733824859

0.0868766  0.816627003697
0.253488  0.744161394686
0.247764  0.717931431968

0.0868417  0.816426147251
0.253922  0.743812684151
0.248102  0.718070999671

0.0868088  0.81642129799
0.253649  0.74413948233
0.248148  0.718109786483

0.0867837  0.816059664905
0.253696  0.743324707
0.248065  0.717265822079

0.0867479  0.816959240975
0.253954  0.744460651785
0.248144  0.718505145669

0.0867171  0.817037765877
0.25391  0.74436331441
0.248193  0.717753341308

0.0866888  0.817708251364
0.254685  0.744564016667
0.248732  0.719037051865

0.0866537  0.817542880778
0.254485  0.744723817013
0.248569  0.718858637261

0.0866217  0.817442652842
0.254524  0.744436196687
0.248859  0.718272991737

0.0865923  0.817275551751
0.254495  0.744413022163
0.24886  0.718035588234

0.0865628  0.81720440927
0.254438  0.744206037586
0.248759  0.7183822755

0.0865311  0.817712169698
0.254809  0.744953579886
0.248733  0.718691305718

0.0865022  0.817623531795
0.254606  0.744483498123
0.248911  0.718903724199

0.0864736  0.818141393085
0.254938  0.744864576857
0.24893  0.718980334895

0.0864408  0.818043985089
0.254835  0.744346073043
0.248565  0.719354019642

0.0864115  0.818288585136
0.255181  0.744965981287
0.248938  0.719525097124

0.0863791  0.818224659122
0.255007  0.745085331102
0.249012  0.719345212314

0.086352  0.818603446079
0.254969  0.745419499695
0.24878  0.719323170743

0.08633  0.818098713207
0.254852  0.744793032058
0.248633  0.718852967674

0.0862952  0.818989550023
0.255054  0.745646651558
0.248844  0.719544532934

0.0862652  0.819133305018
0.255177  0.745572105485
0.249058  0.720243335012

0.086238  0.819084355819
0.255259  0.745442582779
0.2488  0.719578179726

0.0862098  0.818357465589
0.255362  0.745133709285
0.249109  0.719289903236

0.0861815  0.818989291154
0.255599  0.745287500927
0.249202  0.719962140615

0.0861514  0.819207496238
0.25554  0.745594555542
0.249432  0.719799804167

0.086127  0.819165995429
0.255412  0.745399829908
0.249245  0.71990686315

0.0861005  0.819821114779
0.255609  0.746092002821
0.249377  0.720068727096

0.0860717  0.820042649258
0.255969  0.746013302033
0.249593  0.720503118948

0.0860429  0.819729631727
0.255868  0.746477085037
0.249371  0.720374763935

0.0860145  0.81974173552
0.25638  0.745759843735
0.249763  0.719553095645

0.0859883  0.820066853812
0.255905  0.74610845816
0.249526  0.720237692738

0.085964  0.820328072005
0.256028  0.746365432855
0.24951  0.720539277636

0.0859322  0.819954993353
0.256348  0.746083954531
0.249797  0.719994170933

0.0859086  0.82009697752
0.256176  0.746205567802
0.249798  0.720368676672

0.0858798  0.820839535187
0.25639  0.746713765685
0.250168  0.720739720816

0.0858507  0.820184987768
0.256256  0.746124144541
0.249795  0.720114896087

0.0858301  0.820318477753
0.25635  0.74642193697
0.249934  0.719865497342

0.0858089  0.820347884611
0.256414  0.746373299583
0.249992  0.719713235013

0.085798  0.820605026392
0.256476  0.746525449859
0.24999  0.720147616094

0.0857907  0.820443866778
0.256561  0.746427267339
0.250113  0.71983543239

0.0857851  0.820311079777
0.256534  0.746220733901
0.250115  0.719595636929

0.085779  0.820613832346
0.256593  0.746668640173
0.250125  0.72014919575

0.0857742  0.820500152454
0.256603  0.74638778631
0.250183  0.720125753383

0.0857692  0.820593046638
0.256705  0.746638817341
0.250281  0.720436876986

0.0857659  0.820599850388
0.256616  0.74666219296
0.250189  0.72009748285

0.0857617  0.820669511017
0.256895  0.746678487068
0.250414  0.720147794002

0.0857576  0.820652846086
0.256734  0.746590401911
0.250226  0.720354204967

0.0857538  0.820762681504
0.256838  0.746636915697
0.250302  0.7205531699

0.0857494  0.820591400122
0.25688  0.746554621861
0.250375  0.719967429267

0.0857465  0.820547567534
0.257057  0.746506120236
0.250518  0.720139165977

0.0857428  0.820801500047
0.256959  0.746789984762
0.250457  0.720217513311

0.0857381  0.820704617003
0.256883  0.746716662518
0.250357  0.720111417867

0.0857349  0.820585533465
0.256722  0.746573233524
0.250279  0.720218333962

0.085732  0.820625910471
0.256662  0.746632917923
0.250229  0.720505285282

0.0857276  0.820683600629
0.256881  0.746689133863
0.250374  0.720284541386

0.0857249  0.820508576268
0.256921  0.74648975579
0.250441  0.719522611379

0.0857209  0.820767170407
0.25697  0.746794946034
0.250445  0.72006545996

0.0857181  0.820763067357
0.257029  0.746773742254
0.250464  0.720181569598

0.0857144  0.820785791159
0.257081  0.746737731166
0.250533  0.720412385948

0.0857114  0.820671407239
0.256931  0.746549548748
0.250402  0.720284321467

0.0857083  0.820624285765
0.257062  0.746580732934
0.250517  0.720111821339

0.0857045  0.820794314854
0.257081  0.746701114578
0.250554  0.720155469221

0.085702  0.820820056983
0.257005  0.746568330823
0.250451  0.719975711751

0.0856985  0.820855029358
0.257053  0.746629531233
0.250524  0.720139844197

0.0856956  0.820774915917
0.257003  0.746536618929
0.250518  0.720053936418

0.0856929  0.820729672082
0.256998  0.746543516612
0.250523  0.72022460129

0.085689  0.820817946364
0.256947  0.746525245703
0.250441  0.720043523647

0.0856863  0.820924659904
0.25711  0.746759502063
0.250569  0.720337260804

0.0856832  0.821005745864
0.25724  0.746689602368
0.250658  0.720295365749

0.0856799  0.820877984744
0.257067  0.74656543289
0.250529  0.720227121729

0.0856782  0.820778422974
0.257298  0.746466941696
0.250699  0.720237956781

0.0856743  0.820892729514
0.257168  0.746623162797
0.250594  0.720130294088

0.0856716  0.820947215435
0.257226  0.746613396138
0.250644  0.720052181435

0.0856687  0.821055079012
0.25727  0.746789731478
0.250671  0.72022671433

0.0856655  0.820743711611
0.257222  0.746410523832
0.250689  0.719828215636

0.0856617  0.820807733966
0.257137  0.746556595588
0.250611  0.719990973315

0.0856594  0.820977492712
0.257171  0.746692860312
0.250626  0.720296454736

0.085656  0.820850202605
0.257232  0.746576990613
0.250698  0.72014326841

0.0856529  0.820917153437
0.257213  0.74659520693
0.250596  0.720152151157

0.0856497  0.820869182334
0.257148  0.746518938214
0.250622  0.720235096144

0.0856471  0.820936886155
0.25729  0.746514438357
0.250577  0.720197701458

0.0856441  0.820916130102
0.257162  0.746712320766
0.250548  0.720105650475

0.229172  0.541592976081
0.262129  0.545526456016
0.23121  0.564371122298

0.219628  0.560100982613
0.253651  0.558636627174
0.222707  0.576174227132

0.215437  0.557423293302
0.24929  0.553152379092
0.217577  0.572675582859

0.212753  0.558347338719
0.246354  0.554486853174
0.214625  0.572384988432

0.210595  0.556327548493
0.243977  0.551595274376
0.213661  0.566623630279

0.20844  0.562288701686
0.241711  0.5578810626
0.21191  0.57325561953

0.206395  0.567875253464
0.239745  0.562435348502
0.210645  0.579565884733

0.204207  0.572646817045
0.238228  0.566412043596
0.210458  0.58418854455

0.201869  0.584695074875
0.236164  0.579436546302
0.209522  0.599243544553

0.199366  0.598157809376
0.234257  0.593864878117
0.20859  0.614089744907

0.196656  0.615350989436
0.231422  0.610710220029
0.208199  0.630044264135

0.193988  0.623023594882
0.229659  0.616430300448
0.207821  0.635922314153

0.191343  0.628937898576
0.227672  0.621952008494
0.20731  0.63844878811

0.188715  0.63020586305
0.226006  0.623334206814
0.206973  0.639898495071

0.18619  0.639172399922
0.223576  0.631924365891
0.206093  0.644112622113

0.183902  0.640367074371
0.222051  0.633096803018
0.206432  0.641087858679

0.181713  0.64250470525
0.221034  0.634619477305
0.206203  0.642690616654

0.179534  0.648506109705
0.219251  0.642466444895
0.207376  0.646059138673

0.177378  0.650830296203
0.217998  0.643879039916
0.207615  0.648519717216

0.175364  0.653233356649
0.216808  0.644589235242
0.206698  0.649907975042

0.173411  0.65747023399
0.215916  0.64920874104
0.206672  0.65383595657

0.171468  0.657600732808
0.215209  0.649421993917
0.206031  0.654460520414

0.169451  0.65960434506
0.214429  0.651032257558
0.207027  0.652394415434

0.167661  0.662532525675
0.214268  0.653785144614
0.207749  0.651796305282

0.165778  0.664565449535
0.214015  0.65526586571
0.207457  0.6552355763

0.163986  0.664416938128
0.213452  0.655526686353
0.209038  0.652515031707

0.162222  0.667946918913
0.212887  0.658407023421
0.207904  0.654760604958

0.160485  0.673171583214
0.212394  0.663195278595
0.209671  0.658833876965

0.158794  0.676708726906
0.2121  0.665981194794
0.209917  0.661234756842

0.15719  0.676780691282
0.212717  0.665837335983
0.210729  0.660983497684

0.155588  0.677407606325
0.21175  0.666832080036
0.209098  0.663528399145

0.154059  0.681810920939
0.211453  0.670853051689
0.21024  0.664888666383

0.152513  0.686288089662
0.21169  0.673890706962
0.209555  0.667763618944

0.151151  0.686500253043
0.211932  0.672895302656
0.20995  0.668337276031

0.149604  0.692454677239
0.211675  0.677921685105
0.211417  0.674208567752

0.148362  0.691475006516
0.21221  0.675630283028
0.210144  0.67293584955

0.14698  0.693607922607
0.211447  0.677298813131
0.21016  0.671338911088

0.145783  0.696312578043
0.212374  0.67982807836
0.210805  0.672474500127

0.144479  0.69940418616
0.212273  0.681162927496
0.212959  0.674162002957

0.143204  0.700238110637
0.212529  0.681977949263
0.211645  0.675142092539

0.142036  0.702469659759
0.212341  0.682933430615
0.21182  0.676761031602

0.140884  0.703689298829
0.212045  0.684458675844
0.212481  0.67548420664

0.139777  0.704828550612
0.212206  0.683972653247
0.211792  0.674273937232

0.138717  0.709145088699
0.211757  0.6884465701
0.211934  0.678177211186

0.137595  0.710827663504
0.2126  0.689485330052
0.212261  0.679021435091

0.136565  0.713294222129
0.212438  0.690273978803
0.211892  0.681916560599

0.135547  0.71282252695
0.213362  0.689720871529
0.212955  0.679560817678

0.134631  0.715204056768
0.21287  0.690076962213
0.212433  0.679391446637

0.133764  0.717103222545
0.213105  0.691975319682
0.211957  0.679865150596

0.132777  0.719463406088
0.213324  0.693510595898
0.213066  0.681059240372

0.131904  0.720278142294
0.213028  0.69450562108
0.213635  0.679686434898

0.130985  0.721685818294
0.213894  0.695481487635
0.214498  0.681617886097

0.130162  0.723858998396
0.213695  0.6976514207
0.214813  0.682591470706

0.12934  0.726768683258
0.213901  0.697961297766
0.214786  0.686010304848

0.128442  0.727379512055
0.213567  0.698904206972
0.21485  0.684493536949

0.127689  0.727567310269
0.213563  0.698096178158
0.216061  0.683650781498

0.12689  0.731350086023
0.213851  0.700381705777
0.216349  0.684814904625

0.126066  0.731765767805
0.21568  0.70014710786
0.218024  0.686976135775

0.125305  0.734206913052
0.215006  0.703771217668
0.218457  0.689475045694

0.124575  0.735637519828
0.215054  0.705023307616
0.218041  0.689177417257

0.123799  0.736884645649
0.214964  0.705476605833
0.217514  0.689213226496

0.123112  0.737850622277
0.215824  0.705272767441
0.219032  0.689484719987

0.122399  0.73813956987
0.215215  0.705843785282
0.218346  0.691425319638

0.121712  0.740918617829
0.215709  0.707779410366
0.218488  0.690781491778

0.121014  0.739480867109
0.215504  0.705802103294
0.220435  0.687926263366

0.120429  0.741050686155
0.215833  0.706688515971
0.219545  0.688466970817

0.11976  0.742402578781
0.215655  0.707436217432
0.219953  0.68908599578

0.119096  0.746167370366
0.215723  0.710440479204
0.219485  0.693668033631

0.118415  0.747538787288
0.21607  0.711582566324
0.220733  0.694598602415

0.117878  0.748507997714
0.216281  0.712253436206
0.222001  0.696235030856

0.11721  0.747442142445
0.216887  0.709810479503
0.220556  0.692438265785

0.116637  0.750132321991
0.217169  0.712254515907
0.221252  0.69427778162

0.116071  0.748984677431
0.217308  0.710465065851
0.221359  0.693077558257

0.11552  0.75221329721
0.217456  0.711782436662
0.222349  0.693332833516

0.11491  0.75330785636
0.218032  0.713651767537
0.221619  0.695516698881

0.114371  0.754387742292
0.218162  0.714228089205
0.222054  0.695815235923

0.113824  0.755910669988
0.218837  0.716067389614
0.223421  0.698993387616

0.113307  0.756087203531
0.219749  0.714949579237
0.222586  0.69694840689

0.112789  0.756549966314
0.219516  0.71492086971
0.221966  0.696728650108

0.112248  0.757497885651
0.219157  0.714946532261
0.223503  0.698164229464

0.111749  0.759888393014
0.219399  0.716397613541
0.223179  0.699122284316

0.111268  0.760514351608
0.220443  0.716588007322
0.223572  0.697849185813

0.110727  0.761904582409
0.22042  0.717400226503
0.223777  0.698748804041

0.110265  0.762314314997
0.22199  0.717421012705
0.224851  0.697659286822

0.109821  0.763741151603
0.221588  0.717758968324
0.224598  0.700314607964

0.109343  0.763122700229
0.222235  0.717352078795
0.225014  0.69863049157

0.108958  0.764260701852
0.222076  0.717871215668
0.225689  0.69880834414

0.108458  0.7671327012
0.223119  0.720463298223
0.225894  0.701449423997

0.10802  0.767773872393
0.222821  0.720832331787
0.225835  0.699393392239

0.107567  0.768649720291
0.225211  0.719913625662
0.227173  0.700610097556

0.107109  0.769366069676
0.223669  0.721406497657
0.225726  0.699808565555

0.106725  0.768429979724
0.223784  0.71961470529
0.226485  0.6973018548

0.106323  0.770944430023
0.224267  0.721788978007
0.225968  0.699249912173

0.105893  0.772590216077
0.224345  0.722345108086
0.226118  0.701075373409

0.105478  0.773230112904
0.224266  0.723098385098
0.226331  0.701715683946

0.105017  0.772283777131
0.225311  0.72199527567
0.227801  0.700014520221

0.104653  0.774725131718
0.225212  0.724057077632
0.227235  0.701404466958

0.104327  0.774211944069
0.226051  0.724067151901
0.227193  0.699740528678

0.103912  0.776811353572
0.226357  0.725284844623
0.228255  0.701328003906

0.103505  0.77672322558
0.226645  0.724609356579
0.227264  0.702124814497

0.103171  0.777782203531
0.226656  0.724731604695
0.229124  0.702152633664

0.102783  0.778722799645
0.227287  0.72583527713
0.22974  0.70217384661

0.102471  0.778211278517
0.227251  0.724888033014
0.22965  0.702018672802

0.102087  0.779944574131
0.228131  0.726134290484
0.22864  0.702311154546

0.101717  0.781226561955
0.229105  0.727365554821
0.230096  0.703569951883

0.101385  0.781946800668
0.229282  0.726044946846
0.231248  0.705445212475

0.101011  0.781486549744
0.229382  0.726653655219
0.23175  0.701844167007

0.100647  0.781691435373
0.229968  0.72636657582
0.232354  0.704089596392

0.100333  0.783126616645
0.229911  0.727938821966
0.231116  0.704386516372

0.100081  0.78377931977
0.229339  0.727605267279
0.230474  0.703911424671

0.099695  0.785463248879
0.231103  0.729367207537
0.23238  0.705048656768

0.0993346  0.784960748909
0.231246  0.728099055151
0.232716  0.703575683587

0.0990976  0.786210492268
0.232271  0.728467651471
0.234365  0.704649347665

0.0987329  0.787363457749
0.232134  0.728874722808
0.233611  0.70471332003

0.0983713  0.787669254574
0.23197  0.728436270695
0.234236  0.704066987725

0.0980995  0.788724694923
0.231846  0.730002588588
0.234259  0.706042007975

0.0977975  0.787954199429
0.232485  0.729522824876
0.233378  0.704230402168

0.0974959  0.790457512248
0.232292  0.730573836961
0.233659  0.707819586219

0.0972589  0.790232673202
0.233324  0.731373200638
0.234009  0.70874764379

0.0969352  0.790843706683
0.23257  0.730768052505
0.233083  0.706122776503

0.0966671  0.791285213422
0.234287  0.731191344486
0.234695  0.706038851902

0.0963614  0.792594215424
0.234061  0.730676067856
0.233254  0.706643724903

0.0960786  0.793755658854
0.233921  0.732821931925
0.234968  0.708797352984

0.0957838  0.793709204529
0.234639  0.732487219544
0.235126  0.707800157324

0.0954574  0.794517467205
0.235563  0.731609218747
0.236861  0.706926646022

0.0952679  0.79483498631
0.235356  0.732611179418
0.234969  0.708571473436

0.0949458  0.794344754895
0.235766  0.731652477907
0.235531  0.708015754685

0.0947566  0.794508354594
0.236095  0.732497937328
0.235992  0.708472157123

0.0944498  0.795525625406
0.236521  0.733217306629
0.235714  0.709390968354

0.0941629  0.796383053935
0.236379  0.732823171417
0.236496  0.710140024832

0.0939339  0.797662341537
0.236482  0.734976629025
0.23657  0.71150315485

0.0936789  0.797601995895
0.237247  0.734032353891
0.235574  0.709635583019

0.0934179  0.799058384044
0.23822  0.735023544741
0.23622  0.710766976073

0.0931885  0.799069443892
0.237901  0.73547350253
0.237861  0.708212179964

0.0929277  0.800854653995
0.23804  0.736778374705
0.236718  0.711884252394

0.0926985  0.799868572734
0.238892  0.734418536193
0.239192  0.711496772756

0.0924719  0.800811410004
0.238371  0.735271455251
0.23796  0.711265764946

0.0922387  0.800942914964
0.238831  0.73589533395
0.236543  0.711933935837

0.0919507  0.802876436569
0.239008  0.736646849915
0.237354  0.711728641056

0.0917109  0.802966843021
0.239345  0.73699037462
0.237512  0.712903209524

0.0914655  0.803363676604
0.240728  0.736417421195
0.238189  0.711467945704

0.091314  0.803173745469
0.240176  0.737647183662
0.239039  0.7124903867

0.0910135  0.804533106449
0.241432  0.737912087588
0.239804  0.712746177763

0.0908451  0.80494451072
0.241461  0.738458372452
0.238177  0.713896271076

0.0906666  0.80367441069
0.240812  0.737384146138
0.238744  0.71064901141

0.0903902  0.804853776246
0.242578  0.7369552854
0.241194  0.711092194

0.0901675  0.80601139746
0.242189  0.737729882785
0.238949  0.713692752032

0.0899348  0.807133817821
0.243262  0.739289220899
0.239307  0.71337322076

0.0897256  0.807239523828
0.243035  0.73914987233
0.23894  0.715443952148

0.0894628  0.807168412239
0.243482  0.739610497558
0.240386  0.714732328168

0.0890078  0.807516780409
0.245148  0.738953713199
0.241833  0.714657638711

0.0888113  0.808306796806
0.246197  0.739303993676
0.242805  0.714811840427

0.0886708  0.807950158435
0.247018  0.738578212508
0.243646  0.714717799423

0.0885582  0.808030034381
0.247268  0.73937784654
0.243822  0.714668144321

0.0884596  0.808454914692
0.248428  0.738833667215
0.244712  0.714018221532

0.0883736  0.808504449717
0.248356  0.739036193215
0.244834  0.714405550637

0.0883041  0.808880301607
0.248499  0.739486105198
0.244794  0.714555041394

