0.373046  0.789789172303
0.402968  0.74512917345
0.39156  0.756985272596

0.353126  0.799568878708
0.380926  0.757594669683
0.37469  0.76785129316

0.341503  0.802803384703
0.369238  0.759884010902
0.369445  0.767652739825

0.332703  0.81094750465
0.358882  0.770077400003
0.364689  0.774395755519

0.326275  0.814985433869
0.352049  0.774397852741
0.356306  0.778117148276

0.320455  0.814602543505
0.344615  0.774190173655
0.351904  0.777863992372

0.315058  0.816419472303
0.338714  0.776528563376
0.351174  0.777770814683

0.310535  0.817547793222
0.334495  0.77621494217
0.347236  0.779319877884

0.305413  0.819006880937
0.328792  0.778921257848
0.342174  0.781693560661

0.300014  0.821109218424
0.323862  0.781992075816
0.340721  0.779220201991

0.295145  0.822516979289
0.320355  0.783861348718
0.340939  0.778985549592

0.290592  0.827335925195
0.316404  0.789404779557
0.341072  0.784044255071

0.286597  0.830203558507
0.31232  0.7936262907
0.33987  0.784733050035

0.282956  0.831364882115
0.311458  0.794741067146
0.337247  0.787515089834

0.279695  0.834187187199
0.308924  0.79717927611
0.335764  0.789406006221

0.276387  0.835795560693
0.303692  0.801610224529
0.331577  0.791679837591

0.273773  0.835580755577
0.305083  0.798512869239
0.332773  0.788882016567

0.270925  0.838052198612
0.303002  0.801684513988
0.332841  0.791629297777

0.268468  0.839096921985
0.299523  0.805206226376
0.330709  0.791467372953

0.266519  0.840602975107
0.296996  0.807435379068
0.329745  0.792462400243

0.264046  0.841831809242
0.29588  0.807924705238
0.330274  0.790971481603

0.261646  0.843659469415
0.295441  0.809700690767
0.330747  0.794552597774

0.259463  0.844485650755
0.293557  0.811711304059
0.331758  0.793302928145

0.257292  0.845945346203
0.291412  0.813833229722
0.33123  0.794336299391

0.256262  0.846345165365
0.29318  0.812979488059
0.328516  0.792402362481

0.253658  0.84817112243
0.291891  0.815530151705
0.330869  0.794871083391

0.252186  0.847713422022
0.290311  0.814908012074
0.3311  0.795427054679

0.250575  0.84955396525
0.288145  0.818287898009
0.329841  0.795717041986

0.247985  0.850369943346
0.288488  0.818154249943
0.3334  0.795497981289

0.24627  0.850745543337
0.289002  0.817963091021
0.334285  0.794288759118

0.244255  0.853009320191
0.286326  0.82089004778
0.332704  0.793268674074

0.242399  0.852553022347
0.284955  0.821400970688
0.334455  0.792830528703

0.241041  0.853628554857
0.283356  0.822084086245
0.334719  0.792206357566

0.239097  0.854977387272
0.283751  0.822651383124
0.33728  0.794718409638

0.237363  0.85620109398
0.28393  0.823729506378
0.335463  0.79569094242

0.235619  0.857375885853
0.282845  0.825026351134
0.335986  0.795138061632

0.23399  0.858122415853
0.281957  0.826474708648
0.339844  0.794706729338

0.232243  0.858663901137
0.280128  0.826517608343
0.339067  0.795177898017

0.230547  0.859990677974
0.281316  0.827009410534
0.338858  0.795920571326

0.229064  0.860483857307
0.278904  0.82785340305
0.33911  0.79563221129

0.227802  0.8624517153
0.278613  0.830329277274
0.341297  0.797850822362

0.226226  0.863036407605
0.279482  0.830837222709
0.344768  0.797144317781

0.224962  0.863227840832
0.280305  0.830940666675
0.345492  0.796387347633

0.223238  0.862582182758
0.278175  0.829377162875
0.344222  0.796290951692

0.221419  0.864065087772
0.278755  0.830402007179
0.345482  0.795857996843

0.220417  0.864362424366
0.277641  0.831160893051
0.344778  0.795632032575

0.21855  0.866652111604
0.278618  0.83331980423
0.347974  0.798930379756

0.217249  0.866102311799
0.277596  0.8316171731
0.34914  0.796522853355

0.215901  0.868666979574
0.277774  0.834549874399
0.351989  0.79887666045

0.214268  0.868015036061
0.276397  0.833618360808
0.351291  0.796803297673

0.21324  0.867407044511
0.276738  0.831903814844
0.348258  0.798049840193

0.211785  0.869767409909
0.275808  0.834708921051
0.350615  0.796842177005

0.210449  0.870985893455
0.277582  0.83529958113
0.351292  0.799911637902

0.209081  0.87057380567
0.276183  0.835081524892
0.353433  0.801149202363

0.207783  0.872692087262
0.275746  0.836757286454
0.354461  0.800369875887

0.206487  0.872618087553
0.276543  0.835914817952
0.357709  0.799409437308

0.205264  0.872931487232
0.277812  0.83625068998
0.353672  0.798992313447

0.204046  0.87386117954
0.277209  0.836456407733
0.356003  0.798637883263

0.202925  0.874712255769
0.276437  0.837927065233
0.357396  0.798927807243

0.201777  0.873988499263
0.275884  0.835904703852
0.360699  0.798555670522

0.200604  0.875856064908
0.275367  0.837741513993
0.359527  0.799420716928

0.199416  0.875982450172
0.276802  0.836761584821
0.358737  0.799576576213

0.198191  0.876812478689
0.275479  0.837936353413
0.361251  0.797499992389

0.197184  0.878285889693
0.276419  0.83893611049
0.361903  0.801273975767

0.19607  0.878317539475
0.277118  0.838572932312
0.363866  0.800944202232

0.194929  0.878618380582
0.276456  0.839428878501
0.364857  0.802027604143

0.193908  0.878165548595
0.275216  0.837608592585
0.36456  0.798801037687

0.192976  0.879025662619
0.275591  0.838923659132
0.362398  0.798745655351

0.191749  0.88059216922
0.277353  0.839829074236
0.36771  0.801543991172

0.190742  0.881312847501
0.27723  0.839368705673
0.366381  0.801239078122

0.189835  0.882338394166
0.276295  0.840463902642
0.369304  0.802433398867

0.188684  0.881593518776
0.277472  0.839450257991
0.368951  0.801909453239

0.187749  0.882203155017
0.278397  0.839416058372
0.368458  0.801725475895

0.186893  0.883512653318
0.278299  0.840774074926
0.37376  0.79930684921

0.185941  0.883093070605
0.277  0.839712503755
0.369684  0.800229524346

0.185009  0.883804098671
0.277835  0.839506791203
0.371321  0.799245395896

0.1841  0.884415591085
0.278556  0.840544727741
0.374606  0.800783493062

0.183311  0.884821763862
0.279394  0.840734892254
0.371035  0.799022926986

0.18229  0.885127508908
0.278444  0.839760498123
0.368161  0.799735383286

0.18141  0.886138111367
0.277261  0.84075894247
0.372753  0.802197600956

0.180557  0.885862299602
0.27778  0.840217770624
0.375414  0.799882471548

0.179713  0.886857812144
0.278003  0.840729687211
0.374036  0.800629978896

0.178991  0.888094558276
0.27946  0.841727091381
0.380322  0.799525725408

0.178032  0.887514036017
0.279425  0.841163581291
0.379056  0.801206421072

0.17733  0.887962221474
0.278814  0.841287316581
0.38205  0.800881640311

0.176656  0.889151926444
0.278056  0.842526529142
0.380805  0.801499058967

0.175739  0.888009235541
0.277696  0.841020719014
0.379452  0.79971569835

