0.407067  0.61559466873
0.466413  0.60472753674

0.366349  0.69907752698
0.450408  0.665383330636

0.342463  0.735636703661
0.435406  0.684093639325

0.327897  0.748468040788
0.422781  0.690787057467

0.3194  0.751795558566
0.414718  0.690360155879

0.31379  0.761285312368
0.408821  0.693598235627

0.310769  0.769588329167
0.406556  0.700736035001

0.30713  0.771174995452
0.401678  0.699900984448

0.303723  0.771452869529
0.398538  0.702141956459

0.301762  0.772274401212
0.394982  0.700926940601

0.300229  0.778250599178
0.393862  0.705759004332

0.298467  0.7791041426
0.391797  0.705935403738

0.297906  0.784933147522
0.390764  0.71102618734

0.296546  0.782211980386
0.389541  0.708806846071

0.295439  0.780845653754
0.387876  0.707607845572

0.295037  0.786295873653
0.387501  0.711656814203

0.294014  0.785849225705
0.386864  0.710825650069

0.293793  0.788455510124
0.386164  0.713814091223

0.292833  0.786007392616
0.385247  0.712435976372

0.292502  0.788607665868
0.385502  0.713375323976

0.291736  0.786911870089
0.384186  0.712569886601

0.291315  0.788564728506
0.383693  0.714175131097

0.290926  0.788283404783
0.383023  0.714078823266

0.290515  0.787891697397
0.382163  0.714140559939

0.29034  0.790141924643
0.382704  0.715083106126

0.289614  0.78721999467
0.380901  0.713465431199

0.289292  0.787556831338
0.380609  0.714378951801

0.288902  0.788828511658
0.379901  0.715892734568

0.288529  0.78974403513
0.380166  0.71592997579

0.288094  0.789775579448
0.379871  0.715675339657

0.287575  0.786858524524
0.378087  0.714101416339

0.287384  0.789074186109
0.378691  0.71473072008

0.287201  0.790704241299
0.378988  0.716376431092

0.287019  0.792337421019
0.377772  0.717480700624

0.286124  0.78783485942
0.377089  0.715575281713

0.285807  0.789344816627
0.375994  0.715936709071

0.285851  0.790643104076
0.375287  0.717180087266

0.28553  0.790885369996
0.375222  0.717375197932

0.2851  0.790305311202
0.37515  0.716528132093

0.284624  0.790778474592
0.373937  0.717805009015

0.284029  0.788739733941
0.374058  0.715910000882

0.283855  0.790038539022
0.373923  0.716659895149

0.283768  0.789323886963
0.374477  0.715193271346

0.283222  0.788835478692
0.373579  0.715699513508

0.282946  0.789263144486
0.372208  0.716825727884

0.282781  0.789795321454
0.371275  0.717163869265

0.282288  0.789873602837
0.371539  0.716884409037

0.282069  0.791660989287
0.370026  0.719091984287

0.281404  0.787513750239
0.37008  0.715873429516

0.281426  0.791629843074
0.369059  0.7194017146

0.280919  0.790013182622
0.369989  0.717212662701

0.280907  0.794664593502
0.367226  0.723499080587

0.280116  0.791641058529
0.368243  0.719666629236

0.280394  0.796288209068
0.366716  0.725170598363

0.2801  0.792717892649
0.367432  0.720898898244

0.279445  0.792325719435
0.365758  0.72156428123

0.279491  0.794279578992
0.366047  0.724238323928

0.278718  0.794341686925
0.365083  0.725190288624

0.278444  0.796008295351
0.364496  0.7274814709

0.278483  0.794075191797
0.364537  0.725253736741

0.277838  0.795129685937
0.36411  0.726888375699

0.27768  0.79803020749
0.363827  0.731583030167

0.277431  0.800519682991
0.363721  0.736218237362

0.277232  0.798003930829
0.363001  0.733253284175

0.276861  0.797762074146
0.363127  0.732136733435

0.276849  0.800913479199
0.36169  0.738689212932

0.276823  0.799820296126
0.363217  0.735293623244

0.276607  0.801276227274
0.362373  0.736045621431

0.276412  0.801975832108
0.360746  0.739039531592

0.276351  0.798870902362
0.361853  0.73630883359

0.276378  0.806592533812
0.360675  0.7474360425

0.276127  0.800477551614
0.361303  0.7356552787

0.27586  0.800846196099
0.361097  0.737950568136

0.27578  0.804054622558
0.360403  0.739410224684

0.275471  0.799941722283
0.359714  0.738017878513

0.2756  0.800631127786
0.361749  0.737888731064

0.275393  0.803361249004
0.360775  0.741415506725

0.27526  0.801093054997
0.361166  0.738135918135

0.275469  0.798622234408
0.360899  0.735685416205

0.275043  0.806835266633
0.361069  0.746234708048

0.275071  0.79886604406
0.362177  0.734905820175

0.274769  0.804489423953
0.360193  0.742765839008

0.274755  0.803726970707
0.360577  0.742397016888

0.274583  0.805294776007
0.359342  0.745413886664

0.274356  0.802948794532
0.359923  0.7443872689

0.274575  0.801409895697
0.360643  0.743493676177

0.274228  0.803750903316
0.35923  0.744050413046

0.274391  0.807533039242
0.359248  0.747182271273

0.274369  0.801029459125
0.359474  0.73903459495

0.274018  0.802873093483
0.359716  0.740273641703

0.274001  0.802237499805
0.35983  0.740665976922

0.273772  0.802954479363
0.358412  0.741647340388

0.273786  0.804835881673
0.359053  0.744778658909

0.273554  0.805459676053
0.358833  0.745843730134

0.273515  0.806176572486
0.358733  0.744928183947

0.273358  0.805177465358
0.358505  0.743494129552

0.27346  0.805365402952
0.358739  0.745359899098

0.273293  0.806334092252
0.358462  0.745126036263

0.273441  0.807655524326
0.359532  0.74780065134

0.273418  0.807899068192
0.357797  0.749060769377

0.273168  0.807812468115
0.357731  0.750017393719

0.273005  0.807187307905
0.357881  0.74839364011

0.272973  0.807051564978
0.357713  0.748048647727

0.272926  0.807742829171
0.357936  0.749101271895

0.272881  0.805993344174
0.358063  0.746956477855

0.272873  0.805344675849
0.358021  0.745479521218

0.272808  0.805458827708
0.358361  0.745534546896

0.27272  0.806991179247
0.357928  0.748622545621

0.272742  0.806535094996
0.357827  0.746973900318

0.27268  0.807222066241
0.357698  0.748892592863

0.272642  0.80591276158
0.357729  0.746065895668

0.272616  0.807863083301
0.357601  0.748331447611

0.272633  0.80587440971
0.358034  0.745830257848

0.272558  0.805584577423
0.358055  0.746542263863

0.272549  0.806570004804
0.357971  0.747265896991

0.272489  0.808005955324
0.35785  0.749444750865

0.272537  0.805333035429
0.358371  0.746348253359

0.27253  0.805334106482
0.358022  0.746283993168

0.272443  0.808301895392
0.357784  0.749289726061

0.272572  0.811041239102
0.35764  0.753241441663

0.272453  0.807388875732
0.358045  0.748776890372

0.272433  0.808263049837
0.357686  0.749967290802

0.272517  0.805543283985
0.358236  0.745478780137

0.272363  0.807488739899
0.357685  0.749457628395

0.272402  0.805379432225
0.357707  0.746127892222

0.272333  0.808302773694
0.357529  0.751236281558

0.272292  0.806740464027
0.357924  0.748890801902

0.272311  0.808365530316
0.357973  0.749182335263

0.272315  0.807433831487
0.357611  0.748746860952

0.272339  0.807524640882
0.358115  0.748818230417

0.272283  0.806392417378
0.357792  0.747770707441

0.272284  0.80603355043
0.357768  0.746953807623

0.272248  0.808551262393
0.357605  0.749863936827

0.272253  0.80652124567
0.358176  0.746391112462

0.272184  0.809500224813
0.357533  0.751958567647

0.272252  0.805403088355
0.358306  0.746009611287

0.272206  0.808707203657
0.357354  0.750167068569

0.272181  0.807575090825
0.357784  0.748371575547

0.272177  0.80647695126
0.357576  0.747777244254

0.272129  0.807296374796
0.357233  0.748720899904

0.272177  0.806527636903
0.357587  0.747118596837

0.272134  0.808159567689
0.356979  0.750067522932

0.272137  0.806685532212
0.357186  0.747884030917

0.272086  0.80676531255
0.357502  0.748335735147

0.272134  0.807185020517
0.357894  0.748363015967

