0.218245  0.521305741866
0.290811  0.530306643965
0.249315  0.55068966509

0.206702  0.532928361825
0.274053  0.545279112435
0.236415  0.560182545426

0.201832  0.540818394791
0.267161  0.552863320221
0.230337  0.562385984438

0.199609  0.540538034442
0.263619  0.551188467223
0.228644  0.561197017957

0.19805  0.541820717734
0.260516  0.550873923778
0.227515  0.560487749459

0.19668  0.543040443719
0.257484  0.552411893126
0.225934  0.561235909142

0.195434  0.54255177556
0.256504  0.551110451985
0.224475  0.5594909804

0.194428  0.544007481057
0.254637  0.552025329433
0.223749  0.560634590036

0.193328  0.543948252998
0.253036  0.552597358849
0.222641  0.559955888957

0.192395  0.545686216091
0.251727  0.55454034374
0.221637  0.562750161403

0.191506  0.545627152193
0.251067  0.554712648625
0.221405  0.562534682742

0.190483  0.547336083645
0.249788  0.557480340853
0.221135  0.564625744442

0.189467  0.548689175308
0.248167  0.559857416814
0.220935  0.566431573704

0.188339  0.548645386285
0.246971  0.560617508254
0.220089  0.565273802881

0.18728  0.550814903474
0.246154  0.562988584055
0.22043  0.567256912035

0.186191  0.552776919147
0.245837  0.565552122273
0.219802  0.569410194062

0.185006  0.554389026596
0.245077  0.568428974603
0.220186  0.570397955367

0.183844  0.553488086055
0.245109  0.56591769644
0.219133  0.573752692823

0.182734  0.55596299112
0.243357  0.571194155043
0.219252  0.573745914145

0.181843  0.555612269799
0.243829  0.56745737417
0.218332  0.577043719552

0.180813  0.558712601672
0.242049  0.573939932731
0.219059  0.578743953328

0.179831  0.559504320096
0.242863  0.573422026026
0.217738  0.581962831337

0.179008  0.562978503798
0.241627  0.578713641005
0.218732  0.585461970454

0.178044  0.56310786609
0.241042  0.578624069682
0.217892  0.583908437885

0.177082  0.56395743749
0.240447  0.578569513148
0.218091  0.585652278873

0.176219  0.566965085125
0.238299  0.582423157475
0.217037  0.58739238164

0.175464  0.570881192607
0.237604  0.587786010768
0.217968  0.592995922738

0.17441  0.574383799446
0.236255  0.589329696287
0.217687  0.596820465405

0.173568  0.582218432846
0.2357  0.596807545101
0.217096  0.602829332978

0.172589  0.582368477987
0.235763  0.59360557773
0.216322  0.603644800628

0.171771  0.58922158759
0.234916  0.600254588811
0.216254  0.610187300329

0.170723  0.598355316639
0.234868  0.608573366246
0.216497  0.62120309936

0.169843  0.607851662906
0.232839  0.617698845257
0.215108  0.631649524087

0.168886  0.614323914672
0.232789  0.62233820366
0.215009  0.636033100765

0.167887  0.621924298207
0.231989  0.629966330206
0.214506  0.646892176201

0.16679  0.629079536224
0.231044  0.637111703827
0.214888  0.65168824795

0.16599  0.63344183943
0.230447  0.641745252117
0.214487  0.656327075752

0.165189  0.636519329491
0.229843  0.64531169443
0.213543  0.658286720458

0.164307  0.641669460328
0.229078  0.650039881034
0.213112  0.663595618009

0.163618  0.64292864927
0.228546  0.653072686099
0.213211  0.663744999648

0.162827  0.64637178805
0.227179  0.65654931413
0.212518  0.666806464235

0.162207  0.647538593791
0.227253  0.657815383877
0.213933  0.667424969029

0.161571  0.64913649189
0.225657  0.659339823357
0.21396  0.667863237152

0.160957  0.653722856041
0.227791  0.661859272691
0.213105  0.671682137703

0.160232  0.651921011245
0.227296  0.662173574704
0.212121  0.670049942225

0.159815  0.653177943478
0.225009  0.663707617167
0.211991  0.67263463575

0.159059  0.654178821705
0.225859  0.663822805223
0.212166  0.672767758317

0.15836  0.657281807044
0.226228  0.667174707517
0.211783  0.674535692242

0.158373  0.657466698694
0.224871  0.669663910886
0.211586  0.674627766642

0.157359  0.658924887013
0.225659  0.670459029239
0.212091  0.677621098349

0.15685  0.658158753892
0.225496  0.667745073885
0.21221  0.676468899583

0.156335  0.662156976998
0.225394  0.671301848986
0.212148  0.6800394362

0.155646  0.661571047996
0.225089  0.669843897538
0.212527  0.677641695314

0.155161  0.66011062903
0.223447  0.669791391281
0.211508  0.677103779038

0.154827  0.663204362181
0.223891  0.673827758619
0.2118  0.678450922699

0.154321  0.663685813964
0.224413  0.671760260322
0.212227  0.680882189909

0.153722  0.668607458922
0.223879  0.677120070097
0.21241  0.681837400114

0.153398  0.667777672582
0.222752  0.677606280675
0.212347  0.68396913713

0.152758  0.664782432428
0.222459  0.674022777152
0.212501  0.677902819593

0.152345  0.667701308906
0.222245  0.678721918116
0.212015  0.681258484371

0.151815  0.671103564699
0.221255  0.680216143763
0.211792  0.685122595459

0.151293  0.672233863885
0.22276  0.679497764197
0.21271  0.681841829042

0.151123  0.670993479107
0.221654  0.681177123132
0.211763  0.681603032267

0.150738  0.671265802431
0.221806  0.679202528887
0.212435  0.682465631409

0.150201  0.673035491746
0.220411  0.681000709286
0.212206  0.683772577376

0.149839  0.672750985615
0.219605  0.68337027543
0.212266  0.683981010293

0.149337  0.676188690044
0.220247  0.685366424686
0.211639  0.685296161805

0.14922  0.675069024125
0.220719  0.684741402004
0.212064  0.68614606124

0.148562  0.677081568486
0.21966  0.685294006193
0.211947  0.684601690238

0.148258  0.67681414825
0.220863  0.685558277195
0.213551  0.685754039683

0.147842  0.680195876047
0.219649  0.688590397193
0.212559  0.690444293573

0.147222  0.678745588352
0.219963  0.686547568372
0.21167  0.685089009268

0.147059  0.678874376736
0.21982  0.687404384681
0.211782  0.686045664636

0.146688  0.682501241452
0.220148  0.690372075508
0.213259  0.689926489003

0.146289  0.677581446827
0.219447  0.686411064416
0.212296  0.683478403851

0.1461  0.680079185063
0.21908  0.689216234619
0.211778  0.687661818856

0.145619  0.682687261387
0.219055  0.690856170587
0.211859  0.688176620345

0.14527  0.681542929801
0.219212  0.689175460502
0.212975  0.689087630545

0.145192  0.681369091201
0.219506  0.690176791036
0.212416  0.688851623709

0.144869  0.683756594799
0.217032  0.693603223586
0.210843  0.690709428892

0.144467  0.684969767857
0.219856  0.693935015963
0.212168  0.691994567115

0.143966  0.68831191504
0.218093  0.695082936533
0.212001  0.694402847616

0.143718  0.685672972192
0.217209  0.693506960521
0.211801  0.689338391719

0.143414  0.68518377521
0.218997  0.69245029501
0.212892  0.690121266944

0.143152  0.688889518413
0.219022  0.694210418656
0.212128  0.692681306962

0.142928  0.687162940295
0.21759  0.696221392799
0.212657  0.692363497258

0.142628  0.686947866024
0.217531  0.694375932237
0.213672  0.692304935064

0.142341  0.688919892481
0.218371  0.697808801698
0.212591  0.693084080999

0.142051  0.68893532494
0.216136  0.698603106692
0.212948  0.694056317925

0.141641  0.692381813314
0.217616  0.700465443971
0.214322  0.694782712734

0.141497  0.688322717418
0.219126  0.69608315045
0.212828  0.69237536679

0.141  0.690548450046
0.217695  0.696874380465
0.211281  0.693907666264

0.141325  0.691547449627
0.215264  0.700417935005
0.210748  0.696815383549

0.140873  0.692050595262
0.216357  0.701944467072
0.210511  0.695836615063

0.140364  0.693921703276
0.216299  0.70082235593
0.211475  0.697107458265

0.139989  0.692943377033
0.216893  0.70000805592
0.210889  0.697145526501

0.139912  0.693919795079
0.216698  0.703448361016
0.210937  0.698830822168

0.139574  0.699107066409
0.218223  0.705793664792
0.211618  0.701590438662

0.139249  0.697119111364
0.217199  0.703836770477
0.21165  0.69900241015

0.138898  0.695198808437
0.216567  0.703384678982
0.210852  0.698643497743

0.138698  0.696118260967
0.214679  0.703554080867
0.211285  0.700131639829

0.138462  0.697604621659
0.215794  0.705269451683
0.212314  0.701840244437

0.138404  0.695361254878
0.215026  0.702808924705
0.212102  0.699602951708

0.137779  0.699549494555
0.216354  0.707077399716
0.211865  0.703066104686

0.137721  0.700590999354
0.21787  0.707828016518
0.212017  0.704270180106

0.137483  0.699416722728
0.215886  0.707376028499
0.212112  0.703023926092

0.137202  0.70189403991
0.215562  0.709432154593
0.210842  0.704097778395

0.137209  0.69930620459
0.216127  0.706893508638
0.211335  0.700580390441

0.136813  0.701134289283
0.215967  0.708633362021
0.211404  0.704547262828

0.136586  0.699643663465
0.215342  0.707347259531
0.211364  0.699811098245

0.136422  0.701346608612
0.216392  0.707959907951
0.212141  0.700200014118

0.136255  0.701927720858
0.216647  0.709331770057
0.211973  0.703812193889

0.135837  0.703507989498
0.216368  0.710825595689
0.211827  0.703183348999

0.135516  0.704177020515
0.216848  0.709529500812
0.211187  0.703347300199

0.13534  0.704767003862
0.217719  0.710886164762
0.212089  0.705820822057

0.135066  0.704476353987
0.215378  0.710848736198
0.21296  0.704085779532

0.135011  0.702531929737
0.215007  0.709669255156
0.212406  0.701258631941

0.134641  0.706297400015
0.217602  0.710816727709
0.21245  0.705222271346

0.134373  0.706581222103
0.215752  0.712092217645
0.211601  0.705304513111

0.134329  0.702570177587
0.21587  0.709410980767
0.213003  0.701635356404

0.134062  0.706659596744
0.216769  0.710336068007
0.211661  0.701044582363

0.13382  0.706142665232
0.216024  0.71150563992
0.212272  0.705580719147

0.133748  0.704704990784
0.214006  0.71078564799
0.211663  0.704211374248

0.133648  0.706287379346
0.2155  0.712006256884
0.211117  0.702361126309

0.133326  0.709853401503
0.214766  0.714555839754
0.210735  0.706786657918

0.133061  0.707879435795
0.214491  0.714543987122
0.211931  0.701993664868

0.133019  0.708925745547
0.215479  0.71549670601
0.211786  0.704809881979

0.1327  0.711009741301
0.21342  0.716651252572
0.211543  0.707078433006

0.132411  0.711887719565
0.214805  0.71762834201
0.212157  0.707920361661

0.132266  0.71040554692
0.213049  0.715459346172
0.212366  0.706060502684

0.132013  0.70995340536
0.215144  0.714063846917
0.213201  0.706831095095

0.131874  0.710430684104
0.214852  0.714676732749
0.213014  0.706030502717

0.131888  0.711147548562
0.214725  0.715972901084
0.212045  0.707039768196

0.131518  0.710956485421
0.213457  0.716129578781
0.211605  0.706709652823

