0.18684  0.82138085893
0.222846  0.769662542555
0.218244  0.748815158721

0.185716  0.823209852523
0.222991  0.773225620818
0.218737  0.752048779881

0.184831  0.823826181854
0.222351  0.77460548972
0.218042  0.752057290336

0.183594  0.826078786128
0.222369  0.778320371684
0.217819  0.756242464396

0.182638  0.824111932645
0.222128  0.773730954389
0.216604  0.752344189663

0.181513  0.824934451945
0.220752  0.775364545657
0.215544  0.754704238067

0.180516  0.827257229035
0.220601  0.778120503232
0.216713  0.757939512367

0.179512  0.8266297067
0.21939  0.778117464929
0.215395  0.75595823792

0.178517  0.827814653665
0.220925  0.778936376248
0.216363  0.756735743637

0.177802  0.827963823416
0.218955  0.779473471139
0.21522  0.756301285743

0.176608  0.832569218404
0.219989  0.785260634068
0.216666  0.761442352463

0.175707  0.830567927648
0.219889  0.782946185039
0.21538  0.757646851079

0.17475  0.83081840866
0.218564  0.783911527364
0.215081  0.758918011204

0.173937  0.830923386611
0.218346  0.783561662397
0.215564  0.760730771259

0.17304  0.832248181147
0.218686  0.784558077084
0.215515  0.760117941751

0.172163  0.831905871459
0.217631  0.784055174648
0.215231  0.762545897704

0.171296  0.833495241992
0.218404  0.785620119776
0.214339  0.763136085183

0.170402  0.83537814586
0.218186  0.78754968761
0.215272  0.763779107715

0.169621  0.835299308542
0.217743  0.787948487468
0.215981  0.763690077427

0.168796  0.83528082125
0.218019  0.787248656345
0.21504  0.763414778513

0.167954  0.835766890051
0.217392  0.787881376989
0.215305  0.764157516601

0.167096  0.837020216268
0.216883  0.788879201666
0.215168  0.764789947602

0.166297  0.837847433595
0.21803  0.789368777488
0.216465  0.763228931956

0.165597  0.836886071893
0.217438  0.788212830779
0.216024  0.764556534475

0.164771  0.838451994392
0.217479  0.790576643473
0.217454  0.766057873948

0.16403  0.839682935066
0.218039  0.790945315183
0.217599  0.766117915523

0.163311  0.839896671141
0.218051  0.791242532112
0.217128  0.768682869162

0.162466  0.840486779934
0.217307  0.791145618616
0.218021  0.765755130786

0.161735  0.841333992116
0.216828  0.790999734918
0.217164  0.766513156174

0.161064  0.840480370755
0.217269  0.789923588131
0.217188  0.764410058755

0.160317  0.841579797511
0.216564  0.791685815712
0.218594  0.766880760838

0.159632  0.842524004727
0.216542  0.791990046465
0.217786  0.767278117637

0.158934  0.843388716366
0.21695  0.792914266725
0.217726  0.768057376678

0.158254  0.844151419446
0.216529  0.793291689366
0.218666  0.767751615148

0.157528  0.844664221693
0.217871  0.792503309309
0.218319  0.768376190193

0.156923  0.845287401221
0.217677  0.794178713718
0.218059  0.770204300541

0.156287  0.845936485243
0.21787  0.794031569024
0.219326  0.769807143079

0.155571  0.847516848709
0.218908  0.795891211878
0.220874  0.771556386695

0.154929  0.848915856075
0.218356  0.796324324202
0.220215  0.772433519306

0.154216  0.847961401246
0.218104  0.795681209629
0.219622  0.771890953376

0.15362  0.848866054831
0.218602  0.796283940084
0.220171  0.772674277334

0.153008  0.849385025394
0.218205  0.797636905743
0.219591  0.774319756113

0.152395  0.848674461655
0.218267  0.795184353912
0.218346  0.771473134968

0.151792  0.851062613573
0.218011  0.797616043674
0.22043  0.774632667814

0.151171  0.851412487313
0.218514  0.797840897554
0.219212  0.77383277798

0.15059  0.852305370628
0.218753  0.797595662774
0.221011  0.774075075766

0.150002  0.851204735665
0.219198  0.796804904825
0.220892  0.773404530963

0.149469  0.851127356701
0.219117  0.795811141805
0.219783  0.77393135663

0.148913  0.851674608398
0.219581  0.795716357596
0.220806  0.773159409996

0.148332  0.851877651894
0.220277  0.796060274615
0.220064  0.773524677787

0.147882  0.851267395661
0.219713  0.796118123455
0.219216  0.774239896126

0.14721  0.85358157602
0.219895  0.79773959148
0.220475  0.775133371185

0.146703  0.854548227154
0.219982  0.79830427152
0.219922  0.774395911305

0.146178  0.854963452586
0.220036  0.797823094708
0.220339  0.774669521505

0.145603  0.855185244743
0.22002  0.797807289621
0.220433  0.774019917973

0.145109  0.855504850378
0.219888  0.798495684661
0.220207  0.773776385332

0.144573  0.85579950303
0.2204  0.798671503921
0.220679  0.773259889734

0.144038  0.856163689653
0.2206  0.798402588054
0.220221  0.773297061216

0.143554  0.857197187716
0.221094  0.799319416649
0.220114  0.775562979024

0.143086  0.858161932971
0.221357  0.800005669135
0.220064  0.77683311021

0.142613  0.858620795824
0.221602  0.799871460353
0.221853  0.77505426418

0.142111  0.860231088174
0.22143  0.801606314559
0.221137  0.777350366738

0.141635  0.858354514095
0.221942  0.798757797502
0.222267  0.773478380317

0.141141  0.859304873595
0.221344  0.799934501949
0.220456  0.774100487913

0.140719  0.859651407818
0.221227  0.800511390421
0.22079  0.774633596073

0.140248  0.860302651269
0.221499  0.800579304485
0.220253  0.775199342092

0.139799  0.860337088841
0.221582  0.80012253463
0.220511  0.774342696555

0.139375  0.861149229485
0.221544  0.800864373956
0.221419  0.776219177813

0.138935  0.861427005321
0.221376  0.801117044125
0.22151  0.776411486722

0.138535  0.861264871307
0.222121  0.800732678793
0.221933  0.775092065922

0.138078  0.862405310805
0.222757  0.800738607757
0.222167  0.774811714813

0.137637  0.863267516506
0.222584  0.802156810894
0.222005  0.776602242828

0.13721  0.862811046253
0.222441  0.801779999267
0.221559  0.775855846673

0.136797  0.863236403669
0.222388  0.801318323854
0.221035  0.77625633158

0.136377  0.864604351881
0.222945  0.802805668682
0.221343  0.777404160187

0.135974  0.864850267331
0.223484  0.802640841823
0.223513  0.777262841844

0.135577  0.865517835024
0.223156  0.803031012901
0.222451  0.775650511306

0.135132  0.864395574298
0.223635  0.801772660771
0.223015  0.776528100668

0.134743  0.866334489014
0.224563  0.80305966212
0.223474  0.777691851673

0.134372  0.865427211276
0.224254  0.801913168368
0.222942  0.776038305991

0.133967  0.865340663404
0.224474  0.801626993961
0.224663  0.775502435748

0.133565  0.866079625357
0.223929  0.802731036311
0.224082  0.776800312311

