0.635635  0.682671148955
0.696354  0.666395726412

0.634946  0.684896582845
0.695514  0.668042492701

0.635653  0.682013832478
0.696103  0.667194351369

0.636374  0.679283255557
0.696105  0.664394556047

0.63476  0.684188047846
0.696008  0.667172598329

0.63628  0.679961427034
0.694826  0.666016269245

0.635175  0.682056128725
0.696521  0.665793920096

0.635231  0.681534424331
0.696001  0.665238636893

0.634662  0.683211372314
0.695159  0.66677112761

0.634256  0.684590874141
0.695222  0.668259657452

0.634428  0.68448711563
0.694695  0.668731174209

0.633786  0.685149609278
0.694317  0.66692092666

0.633427  0.685525303576
0.693809  0.667727934143

0.633785  0.682334821173
0.695452  0.665894290749

0.630873  0.689734759419
0.694152  0.670812976472

0.632556  0.683225532813
0.694366  0.666629130575

0.630432  0.688585168262
0.693905  0.669290143434

0.630561  0.688285674809
0.693306  0.67060314694

0.631244  0.68595694945
0.693953  0.668471969213

0.629278  0.692337963871
0.693117  0.672364216823

0.631191  0.685813063752
0.693022  0.668817695064

0.629279  0.690980310113
0.693369  0.670965159766

0.629242  0.691635326394
0.692875  0.673001659173

0.630474  0.686362857097
0.693777  0.668699952697

0.62978  0.688253565974
0.693119  0.669047424767

0.628486  0.693194057829
0.693082  0.672771615771

0.629879  0.687525114553
0.69418  0.669777534998

0.629026  0.690726078296
0.693153  0.672187782971

0.628947  0.690788370712
0.693182  0.672538302953

0.628728  0.69080137693
0.693839  0.671399965339

0.628756  0.690656894617
0.692876  0.672232435679

0.630007  0.686796044537
0.69326  0.668464996965

0.627559  0.694931878047
0.693003  0.676706867219

0.626521  0.693661530876
0.692558  0.674315345204

0.627805  0.689203062632
0.690841  0.671352702665

0.625971  0.692437085131
0.691417  0.671796137561

0.626691  0.690333188664
0.691119  0.671448260182

0.62638  0.690651083515
0.691598  0.670909343733

0.625385  0.693702487621
0.691545  0.673949630018

0.625956  0.69099884507
0.691765  0.670949005467

0.625054  0.693738123366
0.691356  0.672979745398

0.624312  0.696569062247
0.690661  0.674838938252

0.624539  0.696456384141
0.690055  0.676130568167

0.625284  0.692443116283
0.691446  0.673406551962

0.624973  0.692773470726
0.690906  0.672697230029

0.625309  0.691748627524
0.691067  0.673203092768

0.624541  0.694271024474
0.691151  0.674780577796

0.624713  0.69286454135
0.691471  0.672993782384

0.624459  0.695114396973
0.689949  0.675421144182

0.624403  0.693223910149
0.691338  0.671685413727

0.623599  0.696914497505
0.690499  0.675696304261

0.625288  0.691305382735
0.69042  0.670237625254

0.624277  0.69184321124
0.690137  0.669550045276

0.62416  0.690166661359
0.69175  0.669298579835

0.623007  0.693445267583
0.689708  0.671955460939

0.622346  0.6956817586
0.688336  0.674774653699

0.621061  0.699413708276
0.689685  0.675194226431

0.622128  0.696891746779
0.689462  0.675077520035

0.621385  0.698015291166
0.688766  0.675226599602

0.621021  0.698285053125
0.688403  0.67474706113

0.621324  0.697010958942
0.688483  0.676146806836

0.620269  0.700682115756
0.688486  0.677514944081

0.620264  0.700471175738
0.688329  0.678335478234

0.621482  0.695576903034
0.688438  0.674209551703

0.619903  0.701285340602
0.687996  0.677334062112

0.620138  0.700042628913
0.688282  0.677067110041

0.620406  0.700410006023
0.68849  0.67869726998

0.621071  0.695613847895
0.689175  0.673958092687

0.620851  0.696633260763
0.688329  0.67523216302

0.620028  0.699277848965
0.688743  0.676571282097

0.621432  0.694247462564
0.688912  0.673732375102

0.620415  0.699144547239
0.688995  0.677932221072

0.618643  0.701319639225
0.688227  0.675845649983

0.618713  0.701483503935
0.687762  0.676044048684

0.618118  0.701626184786
0.687584  0.677257151772

0.619205  0.697343257984
0.687534  0.67440391902

0.618604  0.69969563178
0.687213  0.678113037803

0.616913  0.70454074971
0.686624  0.680082655851

0.617368  0.701722341238
0.687132  0.678591420006

0.617079  0.70203104714
0.687612  0.677348653615

0.616487  0.704362141252
0.686551  0.678632751485

0.617533  0.700454234693
0.687006  0.6779179142

0.61637  0.703831280304
0.68637  0.677349902817

0.616866  0.702340731888
0.686834  0.677758636435

0.616438  0.703162267655
0.686719  0.678352407998

0.616779  0.702522020811
0.686436  0.678526092998

0.616559  0.702962540781
0.686941  0.677600186193

0.616718  0.702230610176
0.686947  0.678817932637

0.616326  0.702678627295
0.686479  0.678105438722

0.616197  0.703488999512
0.686403  0.679469950775

0.616063  0.703242241571
0.686282  0.678105903095

0.615874  0.707746763451
0.686901  0.682818269896

0.614795  0.707691989069
0.685102  0.682290399001

0.616078  0.703665591824
0.685412  0.681015947123

0.614679  0.704341167508
0.685618  0.680358855921

0.613103  0.708173781156
0.68517  0.680857891811

0.613425  0.707460893928
0.685494  0.680592112434

0.613181  0.708214951236
0.685216  0.681453314084

0.61411  0.703726217832
0.685338  0.678041555346

0.614167  0.703469183212
0.684977  0.67961340934

0.614699  0.702508930419
0.684153  0.679714533054

0.613513  0.705013361331
0.685219  0.679052179112

0.612971  0.707293428756
0.685252  0.680627548816

0.613646  0.704227586312
0.685127  0.679229092638

0.612638  0.710449344032
0.68464  0.683516750286

0.61306  0.705332409164
0.684345  0.679440926168

0.612203  0.709451428173
0.685324  0.682532242023

0.613049  0.705638212261
0.685051  0.67993536889

0.613195  0.70532733604
0.684729  0.680806138359

0.613399  0.704942630072
0.684538  0.681075752908

0.612844  0.705513202405
0.684477  0.680154170641

0.611964  0.709635466445
0.684173  0.682903349497

0.612268  0.7067172143
0.684686  0.682395920608

0.612513  0.704946722477
0.684161  0.681078443035

0.611475  0.706565846644
0.685174  0.680334653332

0.611902  0.704197605962
0.684165  0.678730735138

0.610217  0.710476345717
0.682348  0.682955858628

0.610682  0.708039446623
0.683688  0.681268847057

0.610499  0.708564546827
0.683193  0.680820907983

0.611935  0.703117608265
0.68322  0.679253425058

0.610293  0.707637483917
0.683286  0.680493667742

0.61122  0.704461031038
0.68479  0.678249822636

0.610029  0.708852260208
0.683374  0.681747873168

0.610361  0.707712110861
0.683163  0.681115379721

0.609661  0.709960755433
0.682528  0.682839786998

0.610014  0.709924047719
0.682705  0.682956585757

0.610014  0.708892402764
0.683077  0.682108384239

0.610067  0.708416369655
0.683255  0.682295725624

0.609862  0.709883514233
0.68325  0.682443444165

0.60972  0.709438390956
0.683307  0.681800045603

0.609703  0.709703087237
0.683239  0.683058541883

