0.528351  0.787652557129
0.712158  0.742266569829

0.525613  0.793795664085
0.711111  0.746169452563

0.525074  0.794110915723
0.709396  0.748287276666

0.524221  0.796835795567
0.709868  0.750603351126

0.522859  0.799213504864
0.708827  0.75385975258

0.523457  0.798066296148
0.709806  0.752391481599

0.522213  0.800299307568
0.709444  0.754380897398

0.521121  0.802745780108
0.70962  0.756157585973

0.523108  0.799133469735
0.70993  0.753553082438

0.525697  0.793872793919
0.70997  0.747839075165

0.523454  0.797681772656
0.70964  0.749807013246

0.522202  0.799988479387
0.708966  0.753104403574

0.522126  0.800532601094
0.709086  0.754591703753

0.520493  0.803036320944
0.708661  0.756448593306

0.520842  0.803098542807
0.708436  0.758260217393

0.52189  0.800631825288
0.709016  0.754969565685

0.52033  0.80416535797
0.708206  0.758074718874

0.521386  0.802023942587
0.708606  0.756234761714

0.520584  0.802714790593
0.708163  0.75638427833

0.521724  0.802116669645
0.7088  0.755405530477

0.52174  0.802560274835
0.709013  0.755734465119

0.523428  0.79547685366
0.708579  0.74666848099

0.520292  0.801284749612
0.70787  0.753705721884

0.521173  0.800757411746
0.708601  0.750955061145

0.519444  0.801275494025
0.707067  0.751079901415

0.519302  0.804032610037
0.707027  0.753082847899

0.520744  0.801713777153
0.707798  0.753925164005

0.51818  0.806336770642
0.707181  0.757903161503

0.518554  0.80629238522
0.707792  0.75846203931

0.519152  0.803042596812
0.707127  0.753071939018

0.520041  0.801756327624
0.707097  0.751266507413

0.519212  0.803420284042
0.707182  0.754066350123

0.519106  0.805130224153
0.707227  0.756718141312

0.519227  0.804856183312
0.707272  0.757158436028

0.518543  0.806527739235
0.707181  0.757575080469

0.517347  0.807826648107
0.706849  0.759171840354

0.518323  0.805806310917
0.706865  0.758832180274

0.519293  0.804075846957
0.707281  0.755940685503

0.519154  0.803504448391
0.706735  0.756165110757

0.518458  0.805541577593
0.706999  0.755950375092

0.518661  0.805310142685
0.706773  0.755591831132

0.518166  0.804223635733
0.70657  0.75524694112

0.519246  0.800237751723
0.706298  0.749870153097

0.517878  0.803972846043
0.70535  0.753904081168

0.517387  0.804886328742
0.705325  0.751885623191

0.518131  0.803049821989
0.706103  0.750639420258

0.51729  0.804955835272
0.705038  0.753357781428

0.517659  0.803725918394
0.705079  0.75293568022

0.517149  0.801894837041
0.705066  0.749385332115

0.519188  0.79857326476
0.705815  0.746244793398

0.518597  0.79978561835
0.705065  0.747303744529

0.518011  0.802484543601
0.705535  0.749356948789

0.517439  0.803455199312
0.705208  0.750777267499

0.517527  0.8017874769
0.705032  0.747351914645

0.518066  0.802234320742
0.705035  0.749862690182

0.516775  0.804291924439
0.70481  0.751876148805

0.516321  0.806166470929
0.704935  0.753574357954

0.516573  0.804941038877
0.705052  0.752651566721

0.516767  0.804839981036
0.705174  0.753263507466

0.516333  0.806653165262
0.705006  0.755101924597

0.515934  0.806505874764
0.70492  0.75408828453

0.518312  0.804000690959
0.705065  0.754882000013

0.516004  0.808227198195
0.705063  0.756933696814

