0.0947583  0.732583726802
0.0856844  0.701837399234

0.0947284  0.733679053967
0.0856697  0.702407414612

0.0947131  0.734295311226
0.0856593  0.703125705145

0.094699  0.735001170893
0.0856494  0.703267880188

0.0947015  0.735519559473
0.0856288  0.703414005991

0.0946753  0.735965279594
0.0856286  0.703509811893

0.0946682  0.736205571998
0.0856208  0.703685709043

0.0946629  0.736299153874
0.0855956  0.703782775586

0.0946419  0.736495647539
0.0855886  0.703933907759

0.094628  0.736544701037
0.085579  0.703653254856

0.0946115  0.73635148052
0.0855664  0.703442659384

0.0945905  0.736183725324
0.0855645  0.70310147581

0.0945752  0.735983125705
0.0855514  0.702384247532

0.0945579  0.735425272628
0.0855339  0.701936019256

0.0945299  0.735049460558
0.0855278  0.701700750469

0.0945047  0.734591028668
0.0855218  0.701119241326

0.0944884  0.73394059395
0.0854964  0.700951612047

0.0944491  0.733419627915
0.085497  0.700482097087

0.0944381  0.732803415737
0.0854626  0.69980848044

0.0943995  0.732230505626
0.0854545  0.698918387029

0.0943711  0.731490231001
0.0854301  0.698300479292

0.0943387  0.730818157166
0.0854077  0.697616254819

0.0942984  0.730081319937
0.0854008  0.696686006063

0.0942753  0.72923002723
0.085367  0.695712607525

0.0942316  0.728338652275
0.0853512  0.694669046657

0.0941927  0.727220285773
0.0853268  0.693976974796

0.094156  0.726371192166
0.0853139  0.693063142709

0.0941236  0.725336516535
0.0852837  0.692513559076

0.0940751  0.724243089312
0.0852742  0.69212698168

0.0940467  0.723310262072
0.0852454  0.690651833347

0.094005  0.72218615459
0.085236  0.689800337358

0.093976  0.721062608554
0.0852132  0.688772019248

0.0939332  0.719781183508
0.0852155  0.687926525202

0.0939123  0.718547192654
0.0851696  0.686990371096

0.0938751  0.717363216589
0.0851571  0.685360343739

0.0938464  0.716084482202
0.0851287  0.683633628247

0.0938158  0.714818736572
0.085117  0.682140232176

0.0937857  0.713295979055
0.0851048  0.681235861886

0.0937632  0.711957041285
0.0850938  0.680062699665

0.093735  0.710470178321
0.0850941  0.679129092551

