0.644348  0.710228444113
0.758904  0.668457753755

0.643847  0.712270751651
0.759146  0.668173770533

0.644341  0.709953672665
0.759633  0.667852516496

0.643418  0.711880723079
0.758139  0.668531079685

0.643254  0.711868696793
0.758047  0.668890159951

0.642752  0.712553682043
0.757766  0.669890500894

0.643045  0.712234268786
0.758671  0.669101039443

0.643585  0.71000675377
0.758338  0.667580827699

0.643097  0.712116459792
0.758434  0.669578431489

0.642373  0.714323885038
0.758455  0.670647653212

0.642422  0.713693048318
0.758964  0.670701060527

0.640642  0.718083789097
0.758902  0.672564681908

0.641379  0.714548979498
0.757223  0.671783695367

0.642113  0.708184368997
0.756075  0.668055616933

0.639326  0.718036008411
0.757778  0.673612324759

0.63988  0.712922142946
0.756118  0.670517519334

0.637507  0.719393653738
0.756825  0.674448959311

0.638926  0.716903920553
0.757899  0.673730069869

0.638819  0.716224157415
0.7568  0.673376558256

0.637762  0.719351407859
0.757724  0.675102489683

0.637591  0.717532283223
0.756619  0.674171243795

0.637667  0.719397833348
0.756662  0.674868295068

0.638059  0.716968861354
0.75723  0.674746455186

0.637486  0.717392059723
0.756656  0.67428998429

0.637271  0.718884342573
0.756894  0.674843973726

0.637179  0.719531762371
0.756975  0.67540918555

0.637159  0.717585959118
0.756502  0.674982034614

0.637148  0.718110327416
0.756079  0.67450909962

0.637401  0.717587581673
0.756266  0.674572936103

0.636946  0.71972613605
0.757233  0.675738478644

0.636484  0.719317417719
0.756419  0.675699580199

0.635901  0.721827473265
0.757027  0.675049738327

0.635595  0.721609578193
0.75793  0.678220521269

0.634522  0.720850426267
0.756054  0.677002837189

0.634088  0.721867687147
0.756407  0.676697173718

0.632768  0.724156314661
0.755142  0.676733168558

0.632945  0.722054636725
0.755039  0.676312932868

0.634315  0.718106834451
0.754357  0.674409236729

0.632786  0.722562835587
0.755056  0.677452822961

0.632687  0.721188940031
0.754563  0.677191988514

0.632456  0.723204554316
0.754851  0.677556782651

0.632154  0.724140320511
0.755497  0.678449592357

0.632066  0.72437092694
0.755288  0.678854218225

0.632286  0.72546559957
0.756308  0.680361629004

0.632433  0.722486124869
0.755101  0.678221531303

0.6331  0.720822462755
0.755467  0.677603820664

0.632223  0.723184188693
0.755545  0.67921207135

0.632463  0.721582697051
0.754686  0.677838763643

0.632037  0.723307597735
0.755264  0.679032367748

0.632431  0.721594076962
0.754927  0.677561038158

0.631863  0.724589364777
0.7559  0.680091333319

0.632284  0.722042817532
0.753941  0.678066434659

0.6306  0.724689892029
0.754492  0.678841252469

0.630712  0.723016133989
0.753291  0.677204523221

0.630072  0.723447183745
0.754183  0.677773884051

0.629508  0.724257347961
0.753464  0.679495552198

0.629092  0.726165689405
0.754609  0.680120355739

0.628663  0.725907710005
0.754691  0.679248585046

0.627754  0.727824220797
0.753821  0.680684024906

0.62782  0.727035645272
0.753673  0.681113131517

0.62756  0.727963321892
0.753814  0.681548265563

0.626893  0.730011942924
0.754032  0.682483823287

0.627257  0.728580550605
0.754324  0.682342504451

0.627115  0.727730763728
0.753659  0.680979532328

0.626535  0.729370777072
0.753542  0.681843369789

0.626969  0.729088945619
0.754433  0.682497560421

0.627102  0.729336363354
0.754433  0.682869429146

0.626375  0.729540823255
0.753801  0.68306906915

0.626911  0.728938280234
0.754222  0.68331062849

0.626823  0.72806539624
0.753758  0.683174077467

0.627377  0.726041084067
0.753333  0.681398547101

0.627052  0.728529377696
0.754648  0.684297395456

0.624005  0.733531769781
0.753595  0.685880674957

0.624703  0.733357271686
0.752295  0.684018391979

0.624318  0.731824693869
0.752674  0.684464235974

0.624213  0.731788879794
0.752814  0.684087084075

0.623587  0.732958625385
0.753092  0.686244970303

0.623602  0.733955298682
0.753445  0.686048813229

0.62364  0.732506634262
0.753094  0.684634866488

0.623216  0.733316580691
0.753193  0.685145116076

0.622517  0.735396256637
0.752866  0.686524691065

0.623461  0.731752269503
0.751596  0.684590970308

0.623036  0.732936887722
0.752119  0.684943474437

0.623297  0.73318089383
0.752958  0.685362305708

0.622927  0.732768070991
0.752365  0.684716720867

0.62241  0.734667299751
0.752382  0.686000613815

0.622951  0.732737172795
0.751806  0.68495067901

0.622483  0.733787054752
0.752409  0.685929240293

0.62183  0.734824034931
0.7518  0.686111296609

0.622113  0.734266850581
0.752487  0.686569537082

0.622672  0.732542151786
0.752278  0.684887502989

0.622997  0.735882316653
0.75537  0.687507830702

0.620212  0.737367019368
0.752312  0.688848846922

0.621653  0.734569978336
0.753512  0.688350145155

0.620498  0.735128969308
0.751365  0.687850309118

0.619432  0.737261425251
0.7512  0.689061317536

0.619305  0.739075856482
0.752959  0.68974619199

0.619007  0.738271274934
0.751771  0.688953063032

0.618841  0.737038048011
0.751222  0.6878581889

0.618856  0.737330219887
0.751495  0.688473915517

0.620297  0.733691791279
0.750808  0.686414168145

0.619117  0.736669333726
0.750495  0.688336368955

0.618739  0.737638823193
0.750954  0.688927767822

0.619125  0.736956382039
0.750815  0.688341911618

0.618998  0.737794484878
0.751974  0.688892547137

0.618683  0.736875090154
0.750853  0.68815443476

0.618069  0.739687207539
0.752395  0.689731718812

0.618545  0.737323831116
0.750839  0.688442972799

0.618955  0.736113804871
0.750939  0.688252492666

0.618879  0.736296755348
0.750633  0.6877758508

0.618491  0.736791491822
0.750576  0.688396766653

0.617238  0.741512580504
0.75053  0.691587953634

0.616623  0.740662054307
0.750469  0.691142745233

0.617871  0.738227717743
0.751128  0.691366334916

0.616912  0.738306395549
0.750089  0.688892141896

0.616547  0.738524376173
0.74958  0.689222443408

0.615231  0.742454928169
0.750037  0.69184932493

0.614976  0.74193683092
0.749586  0.691710406649

0.615567  0.738631919021
0.748107  0.68948514184

0.615956  0.738109592555
0.74845  0.689311643618

0.61539  0.739214426348
0.748083  0.689381339243

0.615084  0.740007970397
0.748588  0.690361521231

0.615274  0.739974146409
0.74863  0.690393929501

0.614656  0.740201517284
0.747919  0.690550036748

0.614319  0.741039236717
0.747968  0.691218545494

0.614415  0.740921346849
0.747971  0.691481419028

0.614118  0.741388535492
0.747971  0.691862237511

0.613967  0.741248281594
0.747757  0.691848386026

0.614251  0.740770090774
0.748054  0.691121456264

0.61397  0.741174241746
0.747662  0.691131982097

0.613787  0.741347831024
0.747735  0.692399005105

