0.0156905  0.499587969747
0.0174913  0.499718120303
0.0177323  0.499822751776

0.0156898  0.499587969747
0.0174911  0.499718120303
0.0177363  0.499822751776

0.015689  0.499587969747
0.0174885  0.499718120303
0.0177344  0.499822751776

0.0156881  0.499587969747
0.0174886  0.499718120303
0.0177358  0.499822751776

0.0156869  0.499587969747
0.0174865  0.499718120303
0.0177385  0.499822751776

0.0156859  0.499587969747
0.0174829  0.499718120303
0.0177348  0.499822751776

0.0156841  0.499587969747
0.0174834  0.499718120303
0.0177408  0.499822751776

0.0156824  0.499587969747
0.0174843  0.499718120303
0.0177463  0.499822751776

0.0156802  0.499587969747
0.0174806  0.49971802356
0.0177482  0.499822751776

0.0156779  0.499587969747
0.0174796  0.49971802356
0.017749  0.499822751776

0.0156753  0.499587969747
0.0174791  0.499718120303
0.0177523  0.499822751776

