0.10061  0.798222702878
0.223035  0.744764672258
0.242338  0.722992420913

0.100571  0.79827182495
0.223441  0.744025544809
0.242453  0.7228385458

0.100538  0.798764788295
0.223626  0.744657058698
0.242662  0.722894115259

0.100501  0.798564305707
0.223316  0.744844203509
0.242545  0.723193238494

0.100464  0.79883721618
0.223603  0.744679501406
0.242406  0.723815910145

0.100431  0.798597615781
0.22378  0.744612497802
0.24268  0.722060500221

0.100394  0.798608132445
0.223762  0.744465678242
0.242634  0.722220393739

0.100358  0.799424558482
0.223726  0.745457998663
0.242708  0.723546730885

0.100331  0.798730606977
0.224036  0.744607931555
0.242972  0.722058049264

0.100292  0.799746291292
0.224006  0.745860673462
0.242785  0.723951144707

0.100261  0.79971788077
0.224077  0.746053866733
0.242948  0.723105708317

0.100226  0.799416392609
0.224032  0.745363561398
0.242789  0.723247141474

0.100192  0.799760202525
0.224068  0.74588388393
0.243124  0.723468979303

0.100164  0.799977791982
0.223762  0.745761008757
0.242858  0.723529470333

0.10013  0.799972332796
0.223947  0.745713798693
0.24299  0.722960660003

0.100094  0.799981222004
0.22421  0.746074194565
0.243239  0.723337828138

0.100068  0.800140498358
0.224228  0.746047797551
0.243449  0.722976561783

0.100034  0.800562405694
0.224493  0.74633285739
0.243341  0.724238312733

0.100003  0.80053978937
0.224815  0.746049511347
0.24358  0.723578164774

0.0999719  0.800505063048
0.224589  0.745946797996
0.243612  0.724494263842

0.0999434  0.800858704896
0.224418  0.746234603426
0.243248  0.723830003269

0.0999101  0.800754053358
0.225057  0.746602200668
0.2439  0.723718502946

0.0998862  0.800637702057
0.225081  0.74629662951
0.243882  0.724380493262

0.0998538  0.801069345803
0.225022  0.746835319857
0.243746  0.724286737062

0.0998175  0.801153548181
0.224846  0.746386150658
0.243923  0.724251313186

0.0997916  0.801254169245
0.224811  0.74632577596
0.243843  0.724219781262

0.0997671  0.80136795943
0.224829  0.74657643983
0.243551  0.723916652625

0.0997355  0.800981942282
0.225189  0.74669453611
0.2441  0.723181555415

0.0997056  0.801424421045
0.225333  0.746598143056
0.244031  0.724276426417

0.0996726  0.801332769581
0.225348  0.746543053315
0.244169  0.724140838302

0.099644  0.801607211457
0.225446  0.746727965839
0.244296  0.724037028222

0.0996166  0.801737414069
0.225611  0.747050406707
0.244424  0.724212632606

0.0995902  0.801607286237
0.225755  0.7469289029
0.244706  0.724189089375

0.0995563  0.801629040114
0.225598  0.746702904708
0.244489  0.724738220643

0.0995333  0.801909171369
0.225551  0.747097526535
0.244469  0.724677654307

0.0995004  0.80149226556
0.225459  0.746452229566
0.244542  0.723510906689

0.0994737  0.80168986908
0.225427  0.747002815149
0.244331  0.724260526231

0.0994471  0.802311512959
0.225884  0.747552388226
0.244544  0.724609496895

0.0994167  0.802194882219
0.225667  0.747086461361
0.244535  0.725076963256

0.0993939  0.802382458695
0.225409  0.74705372468
0.244059  0.725279882019

0.0993626  0.801899902171
0.226046  0.746487921912
0.244855  0.724874096554

0.0993337  0.802192390255
0.226103  0.747469144901
0.244817  0.7250054901

0.0993066  0.802655158632
0.226142  0.747478938491
0.244855  0.724950200654

0.0992865  0.802230565347
0.22605  0.747210115373
0.24484  0.724066423385

0.0992508  0.801906085346
0.225882  0.747058810923
0.245155  0.724351220957

0.0992292  0.803126238389
0.226063  0.747656817538
0.244628  0.725878041765

0.0991945  0.80284597954
0.226451  0.747605658509
0.245001  0.725202719528

0.0991701  0.802850565383
0.226542  0.747672481136
0.245061  0.724783332798

0.0991448  0.803312466995
0.226648  0.747983815182
0.245479  0.725543078465

0.0991172  0.802447499757
0.226341  0.746491215246
0.245318  0.72440040322

0.0990883  0.802934740674
0.226288  0.747238939906
0.245324  0.725214153472

0.0990617  0.802779714152
0.22656  0.747246231418
0.245571  0.724982539985

0.0990383  0.803399312242
0.226911  0.747922099516
0.245555  0.725703138099

0.0990084  0.803529556086
0.226476  0.748533097943
0.244882  0.725152512329

0.0989835  0.803045020921
0.226618  0.747532274869
0.245049  0.724694865383

0.0989556  0.803159392263
0.226825  0.747802836387
0.245268  0.724445142935

0.098934  0.803565758151
0.226986  0.748017624287
0.245326  0.72485319078

0.0989036  0.80359894502
0.226589  0.747850561632
0.245333  0.724843764211

0.0988825  0.8038101674
0.226875  0.74821024056
0.245368  0.724889312439

0.0988512  0.80344257459
0.227131  0.748030268257
0.245578  0.724623072136

0.0988373  0.803439700913
0.227089  0.748290002402
0.245653  0.724371798701

0.0988285  0.803927709377
0.227244  0.748488791736
0.245686  0.725432708691

0.0988208  0.803587346289
0.227176  0.74794327822
0.245597  0.724898056545

0.0988166  0.803656621857
0.227146  0.748170071891
0.245525  0.724578576932

0.0988118  0.803445313938
0.227169  0.748191540553
0.245758  0.724221808584

0.0988073  0.803495330109
0.227175  0.748077320832
0.245777  0.724655981488

0.0988038  0.803503134104
0.227242  0.748071429166
0.245914  0.724733376333

0.0987994  0.803530554559
0.227288  0.747867635083
0.245881  0.724215814504

0.0987977  0.803555889585
0.227228  0.747821613084
0.245709  0.724275330793

0.0987953  0.803735247916
0.227387  0.748346327372
0.246052  0.724639938428

0.0987879  0.803619869003
0.227269  0.74798307267
0.245803  0.724181742817

0.0987847  0.803669642791
0.2273  0.748115721035
0.245792  0.72444114039

0.0987821  0.803668121657
0.227137  0.747854311719
0.245724  0.724555347162

0.0987782  0.803372099154
0.227276  0.747724813029
0.245862  0.723970427257

0.0987753  0.803639787297
0.227171  0.747981502294
0.245765  0.724763360102

0.0987719  0.80378234663
0.227156  0.748071150787
0.245684  0.724541644596

0.0987687  0.803701380529
0.227224  0.74823658986
0.245781  0.724089942031

0.0987661  0.80356283689
0.227061  0.747869578547
0.245652  0.72402766404

0.0987641  0.803697594457
0.22737  0.748310497256
0.2461  0.724902066226

0.0987593  0.803830849632
0.227251  0.748325123946
0.245882  0.724877718739

0.0987579  0.803414903901
0.227389  0.748000712268
0.246162  0.723691286693

0.0987529  0.803640356831
0.227227  0.748160095389
0.245957  0.724568064137

0.0987495  0.803646013576
0.227249  0.748006779168
0.245871  0.724430978124

0.0987472  0.803754538013
0.227261  0.748412621409
0.245853  0.724793845529

0.0987434  0.803655942081
0.227364  0.748093711525
0.246012  0.724385718111

0.0987408  0.803675846693
0.227511  0.748279772941
0.246019  0.724156598006

0.0987381  0.803770627404
0.227492  0.748312036988
0.245967  0.724773454216

0.0987344  0.803694885717
0.227533  0.748128771862
0.245902  0.724346492

0.098732  0.803549216041
0.227537  0.748216627188
0.246098  0.724060617313

0.0987291  0.803577690312
0.22744  0.747961884154
0.245971  0.724226398231

0.0987278  0.803717358791
0.227371  0.747935562344
0.245858  0.724635067859

0.0987227  0.803670844977
0.227455  0.747753369769
0.246021  0.724429806002

0.0987198  0.803638915037
0.227536  0.747968945155
0.246112  0.724590604898

0.0987178  0.803663124926
0.227627  0.747873501924
0.246274  0.724510136783

0.0987141  0.80358025733
0.22758  0.747844289192
0.246193  0.724335431895

0.0987111  0.803735341129
0.227635  0.748261584538
0.2462  0.724513948052

0.098709  0.803752112758
0.227532  0.748087268703
0.246009  0.724581821542

0.0987059  0.803605997725
0.227543  0.747940859629
0.246113  0.724303114444

0.098703  0.803657237459
0.22755  0.747845559513
0.246091  0.724266471418

0.0986999  0.803887915843
0.227623  0.748328330834
0.246142  0.724673634016

0.0986968  0.80390436499
0.227579  0.748247407421
0.246219  0.72463313284

0.0986946  0.803696725206
0.227534  0.747951041318
0.246167  0.724322465687

0.0986922  0.803934983073
0.227709  0.748207008098
0.246301  0.724598832102

0.0986881  0.803828096754
0.227659  0.747964914306
0.246191  0.724495062323

0.0986861  0.803995476606
0.227642  0.748161602557
0.246122  0.724835853688

0.0986828  0.803905968358
0.227656  0.748334034507
0.246233  0.72449211226

0.0986807  0.804088094807
0.227673  0.748236338979
0.246218  0.724607824797

0.0986778  0.804001847333
0.227635  0.748103595418
0.246122  0.724412637689

0.0986749  0.804086292631
0.227717  0.748196492547
0.24618  0.724589926541

0.0986718  0.803896044303
0.227593  0.748006223024
0.246186  0.724324997085

0.0986694  0.804005820745
0.227636  0.748384533159
0.24622  0.724378962987

0.0986667  0.803939362795
0.227722  0.748072088277
0.246334  0.724376206578

0.0986641  0.80400006356
0.227645  0.748402220285
0.246301  0.724358199394

0.0986616  0.803987332041
0.227684  0.7482216518
0.246279  0.723949982508

0.0986591  0.80395247659
0.22758  0.747917001671
0.246245  0.724431017515

0.0986573  0.804290591408
0.227649  0.748463865283
0.246201  0.724571735141

0.0986529  0.803996581765
0.227677  0.747949393057
0.246337  0.724576031589

0.0986503  0.804141836234
0.227675  0.748193444267
0.246311  0.724750642784

0.0986483  0.803937371928
0.227718  0.748172061307
0.246469  0.724444364763

0.0986452  0.803889914778
0.22776  0.748244406952
0.246493  0.723880317267

0.0986424  0.804194409999
0.227662  0.748467490241
0.246315  0.724738754636

