0.212451  0.524513028943
0.269616  0.542346720451
0.237567  0.561534706122

0.201472  0.529568188047
0.256882  0.543864683545
0.223713  0.559036173031

0.197786  0.535818793114
0.251849  0.548176342181
0.218897  0.56368212749

0.195588  0.535411168794
0.249173  0.545310397521
0.216273  0.559319295782

0.193918  0.539164157507
0.246803  0.548630658169
0.214891  0.562112564973

0.192513  0.542174044743
0.245239  0.551482457185
0.213725  0.564294475268

0.191206  0.543524372536
0.243276  0.552499907739
0.212583  0.566353101973

0.189983  0.54273122157
0.242119  0.551479918214
0.212194  0.565119322412

0.188813  0.54422591822
0.240477  0.552424192722
0.211463  0.566598108702

0.187651  0.545700722889
0.239563  0.553537283096
0.211076  0.565814934163

0.186512  0.547160584489
0.238265  0.555475688678
0.210502  0.568623237208

0.185374  0.550538938352
0.23704  0.559206448
0.210324  0.570341403672

0.184187  0.551656565768
0.236061  0.560986267422
0.209277  0.571397784081

0.182829  0.556849056674
0.23485  0.566301991567
0.208663  0.579502884004

0.181522  0.557530481038
0.233809  0.566656451121
0.209176  0.578163459913

0.179958  0.564720154392
0.232705  0.574091309977
0.208358  0.58686834923

0.178269  0.575503525606
0.231099  0.585446987402
0.207486  0.599760199162

0.176467  0.586017900232
0.230198  0.595377152239
0.208042  0.612199987937

0.174553  0.594369493864
0.227884  0.603098939022
0.207157  0.620764434151

0.172604  0.604825589592
0.226838  0.611678317092
0.207108  0.630721726286

0.170746  0.609238096289
0.226058  0.615701764044
0.206876  0.632472601393

0.16889  0.615642737277
0.224061  0.621614731589
0.206134  0.640662035522

0.167134  0.624355276575
0.222466  0.629707133739
0.205752  0.648370539882

0.165465  0.62887854835
0.221306  0.635222801625
0.20547  0.654079500993

0.163884  0.633539971327
0.219556  0.639860415941
0.206117  0.658962787307

0.162332  0.635666943247
0.218646  0.642213714401
0.20588  0.659949141486

0.160844  0.639177003086
0.21755  0.646708393183
0.205199  0.663987749163

0.159391  0.642557960114
0.217215  0.648857818715
0.205003  0.666868836482

0.158009  0.646026832622
0.215914  0.652976967662
0.204718  0.671092381584

0.156585  0.650159909749
0.215163  0.657842974205
0.205372  0.67383196087

0.155233  0.653351577976
0.214425  0.660398332532
0.204677  0.676199355142

0.153935  0.654472342325
0.213718  0.661621709607
0.205352  0.677425164398

0.152629  0.660757131846
0.213338  0.667311843117
0.20441  0.68227134872

0.151347  0.658829985044
0.212876  0.665499002218
0.204471  0.679404396893

0.150195  0.660169701346
0.212394  0.666493185651
0.204233  0.678702881501

0.148845  0.666593958118
0.212021  0.672021089818
0.205452  0.683531830032

0.147728  0.667179822166
0.211466  0.673292099119
0.20439  0.682327362815

0.146562  0.669497691101
0.211395  0.674566629528
0.204392  0.682988115289

0.145436  0.670903843146
0.211059  0.676497026056
0.205726  0.687544607996

0.1443  0.673671258395
0.211524  0.67826764456
0.205762  0.686817605639

0.14323  0.672738703063
0.211266  0.676973133668
0.205465  0.68566332861

0.142136  0.676551500588
0.211046  0.679963073754
0.205686  0.687581165682

0.141113  0.677924447684
0.210966  0.680807615811
0.205718  0.68890407788

0.140076  0.678287511635
0.210688  0.68106237522
0.206531  0.68794575888

0.139078  0.681860444603
0.211041  0.684176668119
0.205962  0.689332599514

0.138109  0.683728843249
0.211355  0.684816761719
0.206737  0.691958655588

0.137149  0.687864315213
0.211202  0.688607117719
0.206824  0.692517835419

0.136166  0.686664722814
0.211524  0.688255699634
0.207632  0.691473541117

0.135274  0.690366218336
0.211016  0.690398476828
0.207276  0.691009258338

0.13441  0.692280416556
0.211971  0.691812873116
0.208813  0.693373319732

0.133436  0.691860420259
0.212069  0.691152451751
0.209536  0.692763658792

0.132592  0.693953083936
0.212041  0.692644781216
0.209378  0.69577253725

0.131739  0.695057818477
0.211847  0.692784601151
0.210212  0.694703064813

0.130867  0.697523776387
0.21235  0.69517945093
0.211472  0.697255678051

0.130046  0.697070219455
0.21244  0.694340903852
0.211398  0.693804261978

0.129233  0.699033732754
0.213112  0.696249226073
0.212121  0.695696860197

0.12844  0.700928907261
0.212181  0.697227869611
0.212116  0.69835637672

0.127666  0.701531941329
0.212791  0.696360517316
0.21187  0.697763345798

0.126915  0.703214165839
0.213372  0.697582123592
0.213626  0.696232824987

0.126153  0.704681331062
0.213292  0.700065291889
0.213833  0.699083884541

0.125505  0.703177896024
0.214121  0.697534414838
0.214661  0.696109715716

0.12486  0.705640551652
0.213602  0.699233603733
0.213535  0.696042961562

0.123993  0.709034166067
0.214325  0.70141891157
0.214234  0.700901539049

0.123301  0.709302103712
0.215124  0.701048926889
0.215463  0.699806678502

0.122611  0.712179333635
0.215016  0.703299975979
0.214817  0.701432463004

0.121927  0.712098823126
0.216154  0.70344096988
0.215173  0.700599971898

0.121272  0.713417148002
0.216782  0.703216980644
0.216954  0.69888109852

0.120641  0.715615165888
0.21629  0.705292264642
0.215875  0.702609429586

0.119945  0.716717393314
0.216718  0.7062275462
0.217245  0.703917834851

0.119372  0.717110097947
0.216273  0.706776602838
0.217059  0.703936754101

0.118719  0.717742289542
0.217161  0.705786181587
0.218541  0.702759257447

0.118147  0.719346688922
0.217083  0.707090110904
0.218905  0.703474803102

0.117538  0.719107196355
0.21778  0.706841013651
0.219541  0.703736118231

0.116978  0.72115009815
0.217917  0.708697459484
0.220082  0.70475567598

0.116378  0.721892009774
0.218834  0.70860417772
0.22139  0.703319495154

0.115817  0.724159455096
0.218505  0.710295376765
0.221531  0.703689733401

0.11527  0.724971410092
0.218417  0.710478144255
0.220275  0.703304429156

0.11473  0.723892608413
0.219242  0.709272346589
0.220702  0.704623240996

0.114218  0.726468680215
0.21983  0.711000098209
0.221924  0.703503831791

0.113713  0.725537129133
0.219366  0.70952321451
0.221427  0.703078293186

0.1132  0.729050768136
0.22027  0.712829884902
0.222894  0.706071774195

0.112739  0.726743719744
0.220137  0.71073003089
0.222808  0.70161842474

0.112191  0.729245952204
0.22052  0.712984239126
0.223643  0.70622542857

0.111714  0.729772384555
0.221186  0.712789978459
0.224911  0.704782157441

0.111191  0.730569706297
0.220867  0.713931322308
0.223619  0.704947117189

0.110721  0.732037896746
0.221484  0.714603812516
0.224865  0.705619741645

0.110276  0.732919389019
0.221848  0.715392226701
0.22519  0.706509125416

0.109798  0.733119230833
0.221943  0.715117302361
0.226196  0.707319778729

0.109366  0.733790162979
0.222556  0.715446531124
0.225895  0.70589921293

0.108913  0.735287476672
0.222825  0.716466684488
0.225796  0.706833546054

0.108478  0.737459314461
0.223224  0.71849897916
0.227139  0.709284628772

0.10803  0.736673338072
0.222639  0.717731266257
0.227365  0.707393828127

0.10761  0.737016984987
0.222054  0.717098087298
0.226617  0.707962372842

0.107148  0.736289820441
0.223399  0.716638868349
0.227988  0.704768962479

0.106756  0.736595733017
0.223655  0.71586093561
0.228196  0.705042183325

0.10634  0.737484247736
0.224021  0.716190865863
0.228747  0.706821774642

0.105915  0.738765235387
0.224647  0.718169664466
0.229536  0.706914508294

0.105496  0.73959615136
0.225169  0.71870318649
0.229838  0.707265560513

0.105132  0.740195272533
0.225764  0.719492883599
0.231167  0.708463122819

0.104712  0.740660442822
0.225982  0.719235648543
0.230626  0.706612794

0.104362  0.741579827778
0.225836  0.718976684358
0.230623  0.708600264063

0.103961  0.742984578781
0.226847  0.71996733588
0.231332  0.708438953627

0.103595  0.743435721251
0.227481  0.719991464847
0.233109  0.707221529306

0.103203  0.743434122471
0.2265  0.719865457394
0.231656  0.710204089457

0.102859  0.744215454038
0.227441  0.720483797506
0.231683  0.709776854736

0.102461  0.743997623737
0.227934  0.719927160456
0.233541  0.708798607256

0.102155  0.745989296403
0.227979  0.721784967439
0.233242  0.711439192771

0.101788  0.747742515853
0.227617  0.72373211403
0.232744  0.710149488347

0.101448  0.746943881152
0.228177  0.722689163124
0.232933  0.710343602699

0.101086  0.747458967332
0.228927  0.722691996699
0.234849  0.708835030899

0.100797  0.747074230409
0.227941  0.722879136897
0.234217  0.708950279816

0.100438  0.748430546316
0.228334  0.723725135573
0.234215  0.709403882715

0.100134  0.74733327013
0.229388  0.722031968845
0.235562  0.706983716047

0.0997679  0.749389808382
0.230038  0.723454472671
0.234952  0.707579351506

