0.239236  0.530564001241
0.296302  0.526291906008
0.251688  0.544646097071

0.226881  0.541750123427
0.276882  0.543940548585
0.239303  0.563609923855

0.220265  0.554323835822
0.269157  0.553947816072
0.232558  0.568058593407

0.217317  0.553631871201
0.264655  0.553127510583
0.228994  0.566036471766

0.215573  0.553852932381
0.261958  0.551524644267
0.227567  0.564264112608

0.214042  0.555463088689
0.25913  0.553295619159
0.226089  0.563737645692

0.212693  0.555871452855
0.257296  0.553096389182
0.22574  0.562334484977

0.211493  0.556011139506
0.256184  0.552078936252
0.225246  0.561684684048

0.210386  0.558068095341
0.253467  0.554501318395
0.224646  0.563821566534

0.209302  0.557403911343
0.252942  0.55279697297
0.223744  0.562380868306

0.20831  0.557297941197
0.252142  0.552816061825
0.223474  0.561922012116

0.207401  0.557458538091
0.251173  0.552880367422
0.223704  0.562605529445

0.206483  0.559078238341
0.250167  0.554393224578
0.22321  0.563252303194

0.205623  0.560789142265
0.248909  0.557523138115
0.222626  0.56536806194

0.20469  0.561401673621
0.248358  0.557834769479
0.221978  0.566198506704

0.203693  0.56209010187
0.247325  0.560339690177
0.222307  0.566528223284

0.20284  0.5641860608
0.246734  0.563450979039
0.221985  0.568218454924

0.201726  0.565775608841
0.24585  0.565989140917
0.22152  0.570616014325

0.200743  0.566156209087
0.245309  0.566500642216
0.220591  0.571093329056

0.199698  0.567065718226
0.245037  0.567762906301
0.220759  0.572752629945

0.198819  0.569480821723
0.244201  0.57142264208
0.220483  0.578023053388

0.197757  0.568450869984
0.243525  0.569475328065
0.219726  0.577127539611

0.196848  0.569949212715
0.242827  0.572220695947
0.219593  0.577834896832

0.196175  0.57270019666
0.240867  0.576161701277
0.219347  0.582250104667

0.195196  0.573079957667
0.240399  0.575481236905
0.218338  0.582630956335

0.194111  0.572889268243
0.240699  0.575740221599
0.219574  0.582441109113

0.193509  0.575011721056
0.239788  0.578920428438
0.219123  0.583356735204

0.192502  0.575575504382
0.239484  0.578879984315
0.218488  0.584185574115

0.191716  0.577688311373
0.237547  0.581717696599
0.218611  0.586374446283

0.190854  0.579201371024
0.237268  0.583020504428
0.218364  0.588499597742

0.190034  0.580031727129
0.236248  0.583816404139
0.219048  0.588065017894

0.189241  0.581817187383
0.235369  0.585440587479
0.218016  0.589803050464

0.188598  0.585452480454
0.233961  0.589646623541
0.218273  0.593926270999

0.187596  0.587578871605
0.233017  0.591628706127
0.217787  0.594374974692

0.186908  0.592181891364
0.23102  0.596253594801
0.218357  0.599606923364

0.186163  0.593277453265
0.230914  0.597253748532
0.217221  0.601559157067

0.185176  0.598685321694
0.230735  0.602484564096
0.217388  0.608531202535

0.184356  0.600922145993
0.22983  0.604447680661
0.217323  0.609311003803

0.183304  0.609635689941
0.227959  0.61168867447
0.217836  0.620756077246

0.182636  0.615031364603
0.227727  0.616491702376
0.217045  0.624740329641

0.181708  0.622123973294
0.226732  0.621479865778
0.217757  0.632513120014

0.180759  0.629207352988
0.226295  0.626559855492
0.216452  0.63890802308

0.179856  0.63476512101
0.224601  0.632986231372
0.21803  0.643986484145

0.17903  0.641388002605
0.224392  0.63941951275
0.217686  0.650643465277

0.178387  0.643028147346
0.224704  0.640756035104
0.216849  0.649469488238

0.177392  0.648697903929
0.223018  0.645356573022
0.216316  0.654801119282

0.17711  0.653792191919
0.22196  0.651538804752
0.21671  0.659864715848

0.175993  0.656098426533
0.222132  0.652726498729
0.216555  0.661739949111

0.175792  0.655515942805
0.221628  0.654754723288
0.216808  0.662347851781

0.175228  0.655337068955
0.22085  0.653704431128
0.216488  0.662912811793

0.174201  0.659724036418
0.221425  0.656527596213
0.216656  0.6637229313

0.17369  0.657347170463
0.220218  0.655789966418
0.214646  0.662111305952

0.173017  0.662653999335
0.220493  0.660184425167
0.215393  0.665077493046

0.172626  0.662064442727
0.219181  0.66124887165
0.216641  0.664872822382

0.17188  0.664285410302
0.219017  0.663826289802
0.216534  0.66435593155

0.171221  0.666497674044
0.218911  0.665520432578
0.216394  0.666330533884

0.170751  0.663905184472
0.21847  0.662746781348
0.216144  0.663988647112

0.170201  0.66884482976
0.21765  0.667621529034
0.214898  0.671709116952

0.169872  0.666745128793
0.218286  0.66557164638
0.215584  0.665257502492

0.17051  0.667083672208
0.217988  0.665074266702
0.217006  0.664723592303

0.168947  0.672163350647
0.217421  0.670304420092
0.216194  0.673974871948

0.168232  0.673791087456
0.216904  0.671659693363
0.215572  0.674481775682

0.16794  0.673755280665
0.215722  0.672480711924
0.214859  0.674567215221

0.167335  0.675050613987
0.215264  0.672676288649
0.216069  0.67338546011

0.166867  0.673602761599
0.216175  0.671646861586
0.216419  0.672175841844

0.166397  0.679076126961
0.215362  0.676252974541
0.215652  0.676241075386

0.166  0.677810616481
0.215834  0.676208359088
0.214883  0.674691981164

0.165425  0.678010272688
0.215272  0.675477408071
0.213786  0.673958043212

0.165285  0.681703962998
0.214986  0.678370491806
0.21501  0.676573546364

0.164885  0.679206260834
0.214375  0.67584986137
0.214666  0.676332055361

0.164373  0.680330921702
0.213937  0.67797166256
0.214263  0.674629996683

0.1639  0.681893707062
0.213537  0.678101857643
0.214423  0.676695572002

0.163744  0.683983351381
0.214509  0.682666820159
0.215037  0.681279116655

0.16336  0.684291026894
0.212992  0.682644438183
0.214906  0.680765591513

0.162677  0.685313799784
0.21299  0.68236549604
0.214424  0.680542734724

0.162287  0.688120972703
0.213022  0.685601137178
0.215649  0.681355808803

0.162028  0.688115296624
0.211625  0.686751926813
0.213556  0.684579203008

0.161811  0.689788207804
0.212689  0.687120520473
0.213828  0.686271041265

0.161185  0.689623249816
0.212922  0.685918612199
0.214149  0.68397493454

0.16103  0.688627073339
0.211802  0.685798052506
0.214473  0.68221855507

0.160315  0.687909078137
0.212241  0.683597460212
0.214709  0.680853460809

0.160038  0.691155081451
0.211635  0.687413899223
0.215306  0.684356807193

0.160033  0.693778007418
0.210466  0.688834886283
0.214354  0.686238263032

0.159276  0.693413077495
0.211716  0.688665653846
0.215906  0.684286193205

0.159179  0.693645957818
0.211067  0.68907690538
0.21588  0.684883880282

0.158749  0.693023288312
0.209539  0.688870499639
0.21455  0.683645692415

0.158457  0.693807505971
0.211091  0.688682156002
0.214651  0.68515764341

0.158184  0.697108244341
0.210747  0.692492661437
0.215068  0.686057629937

0.15776  0.696683001296
0.209718  0.691317200907
0.215448  0.687942176579

0.15747  0.696378990721
0.209871  0.691987214589
0.215881  0.686695442035

0.156959  0.696878647399
0.209976  0.690352659683
0.215561  0.686395562763

0.156818  0.698313346319
0.209255  0.693807132015
0.214244  0.688778470984

0.156475  0.700618395999
0.208987  0.696028135056
0.214597  0.690932509481

0.15607  0.701410624005
0.209059  0.696990772583
0.215671  0.690590888866

0.155897  0.701672457806
0.209856  0.69540899247
0.214738  0.689175123937

0.155533  0.700881174756
0.209122  0.696603524199
0.216398  0.687943844059

0.155027  0.70273101737
0.20946  0.695692895127
0.215354  0.690625861973

0.155036  0.70359564666
0.209834  0.695228298469
0.215929  0.690245991895

0.154509  0.702841337418
0.208256  0.697213025736
0.214537  0.68917510908

0.154282  0.703156402675
0.208719  0.696107894811
0.215594  0.691340110857

0.153883  0.706090103506
0.208658  0.699221196366
0.215875  0.69546873186

0.15379  0.706051003761
0.208965  0.69947511717
0.21557  0.692776506364

0.153583  0.706686296018
0.209624  0.70003007121
0.215073  0.693118593283

0.153041  0.70669989799
0.209156  0.699257141858
0.214832  0.692167015371

0.153017  0.705086206025
0.208422  0.69841763239
0.215374  0.690671461646

0.152563  0.709493288378
0.209007  0.703323229544
0.21569  0.693617065144

0.152229  0.708922484819
0.207827  0.702506002344
0.215347  0.694898916265

0.152108  0.710457580771
0.208461  0.702142615105
0.215349  0.696411629961

0.151878  0.710334237371
0.208055  0.702052806211
0.215632  0.69532352097

0.151479  0.711030016855
0.209294  0.702478070876
0.216874  0.696989375237

0.151211  0.710579859605
0.209068  0.701472354352
0.2162  0.696741079894

0.151003  0.710127224234
0.207428  0.699905243411
0.215765  0.694172048976

0.150787  0.711794332845
0.208577  0.703031815825
0.21598  0.69319201099

0.150547  0.710424133003
0.208014  0.701428394995
0.215551  0.693456750935

0.150344  0.711740759892
0.208329  0.702735163924
0.216132  0.694655638682

0.150444  0.714229121641
0.208762  0.7059230603
0.217105  0.696851562457

0.149767  0.712915272288
0.208627  0.704543547781
0.216221  0.696251982499

0.150057  0.713870559801
0.208786  0.7063597818
0.217715  0.694529316966

0.149463  0.715052203611
0.208383  0.705295127977
0.216935  0.696772497548

0.148903  0.715844785715
0.208898  0.705283289853
0.217372  0.697455244807

0.14883  0.716794976895
0.207237  0.707094808691
0.217902  0.698140091379

0.14858  0.716714629082
0.207075  0.707283713029
0.21699  0.699775814015

0.1482  0.717172746612
0.207366  0.707235009877
0.217535  0.697315822051

0.148063  0.719397198202
0.208056  0.709471654072
0.218692  0.699716177133

0.147748  0.721943370132
0.208394  0.710708803814
0.21817  0.701120056386

0.147674  0.716589001126
0.206786  0.706148293146
0.218558  0.694279201319

0.147442  0.721038601385
0.20703  0.710016891554
0.217383  0.700041713945

0.147243  0.72273978322
0.207018  0.711073425414
0.21852  0.701146633086

0.146975  0.721219095849
0.208241  0.710367615333
0.220449  0.698902847288

0.146732  0.724307486652
0.207253  0.71344740211
0.21941  0.701559004782

0.146249  0.722534022686
0.207209  0.711502955629
0.218623  0.700386026266

0.146266  0.722545448271
0.207523  0.710733794979
0.218985  0.701545478826

0.145895  0.721002999342
0.206008  0.709939202736
0.218688  0.698662339863

0.145778  0.724616624639
0.206372  0.712961487087
0.21982  0.700931752455

0.145715  0.725780134892
0.207617  0.713899584311
0.220255  0.701771762647

0.145453  0.723299831524
0.206931  0.710628002913
0.22073  0.699591446877

0.145185  0.725234047996
0.206066  0.714912537899
0.220098  0.702250695227

0.144712  0.726660452932
0.206445  0.714612121151
0.219807  0.702414306228

0.14496  0.723767690925
0.205396  0.712926130626
0.220058  0.700236709981

0.14435  0.72621808801
0.206252  0.714489804306
0.221183  0.700308502426

0.144106  0.727906723153
0.205533  0.717158296147
0.219907  0.70223570027

0.143996  0.729289884011
0.206561  0.71775255216
0.220001  0.703359074327

0.143617  0.728731491575
0.205363  0.715558620378
0.220693  0.702756039427

0.143801  0.728978970901
0.205842  0.717881808357
0.220483  0.704231876255

0.14364  0.730830497916
0.206869  0.717560054385
0.219652  0.70536624489

0.143081  0.731556815718
0.205575  0.717720957822
0.219964  0.704886088929

0.143034  0.731784014195
0.207294  0.717117508657
0.219992  0.704205300755

0.143173  0.72952429484
0.206401  0.716919987283
0.221217  0.703755619044

0.14265  0.734046516855
0.205497  0.719667844849
0.221063  0.7067711982

0.142228  0.73136238476
0.205751  0.717839769283
0.222988  0.702447657362

0.142334  0.732259730601
0.205579  0.719217541055
0.222489  0.704274004254

0.14211  0.733366423157
0.205668  0.719467021734
0.221949  0.704961543492

0.14222  0.733328364628
0.205819  0.720135989152
0.222532  0.705635821267

0.142139  0.733091743782
0.205786  0.719189486922
0.222623  0.705312168079

0.141799  0.734517147947
0.20572  0.720660384314
0.221957  0.705874710653

0.141885  0.734033595137
0.206208  0.720001275661
0.223024  0.705391475707

0.141894  0.734190152656
0.206581  0.719739401646
0.222713  0.705992159578

0.141754  0.733996946817
0.206443  0.719896825443
0.222953  0.703868536902

0.14192  0.735093617229
0.20616  0.720465155743
0.222804  0.705265264197

0.141817  0.736328831807
0.206195  0.721933507712
0.222916  0.706762352344

0.141644  0.735233776392
0.205884  0.72059043281
0.222606  0.70625403381

0.141793  0.735139105232
0.206254  0.720707039507
0.223082  0.705763659328

0.141588  0.735642792338
0.206288  0.72067703758
0.222709  0.704643100822

0.141539  0.736096874707
0.206944  0.720876690881
0.222577  0.706330090746

