0.0863975  0.550133200133
0.240611  0.410411823582

0.195582  0.374666637488
0.135505  0.432756743792

0.0584356  0.571041790124
0.098108  0.524428683246

0.333912  0.451308255082
0.0839863  0.525650781645

0.0524407  0.53535577359
0.0763748  0.583177893356

0.152585  0.394219317357
0.0710782  0.58124740887

0.0805017  0.624653721572
0.0764271  0.559598983658

0.0739354  0.786804074864
0.0683071  0.619650382293

0.0504277  0.591637045064
0.0653001  0.657508078919

0.041981  0.784807256236
0.0629414  0.681268732533

0.111905  0.715300969498
0.0634179  0.682303179153

0.0669546  0.727248677249
0.0608931  0.755325513532

0.123361  0.397045313179
0.0617718  0.736700962701

0.0516569  0.874061913696
0.0608371  0.757722041454

0.0503673  0.889630469091
0.0604051  0.783758298223

0.0518968  0.940445499949
0.0605131  0.781901762702

0.231974  0.335873015873
0.0611884  0.792190150657

0.0432544  0.469030912934
0.0606585  0.793219653777

0.0731121  0.71041576117
0.0602295  0.786248088385

0.0965134  0.754350280563
0.0602371  0.79532135825

0.0571509  0.93671957672
0.0605471  0.799645035031

0.081151  0.784879801928
0.0602785  0.795616379042

0.0561333  0.667245138526
0.0603259  0.795729507145

0.0691835  0.848525636516
0.060224  0.792810149232

0.0753168  0.859363947599
0.0602525  0.795655720593

0.104208  0.518613692089
0.0603303  0.7927001237

0.0815094  0.918428184282
0.0601611  0.798099732527

0.0820221  0.807144100622
0.0598506  0.795660603758

0.0642786  0.863693245752
0.0602265  0.791736089412

0.0464254  0.714928177005
0.0601329  0.796585417703

0.0635832  0.784144563006
0.0600724  0.787643618802

0.063975  0.912042846596
0.060392  0.79263412781

0.0638234  0.852415149816
0.0595261  0.791211687139

0.0564207  0.860731585865
0.0599108  0.791482132574

0.0689048  0.860536121206
0.0602553  0.792115347088

0.0783035  0.84603640771
0.0601155  0.786031007254

0.0839076  0.860892819189
0.0601032  0.785694513193

0.0581891  0.911766387129
0.0595226  0.787489659081

0.0403901  0.768028148961
0.0593341  0.791528842771

0.0443261  0.818245725401
0.060008  0.784195571145

0.111102  0.468869835353
0.0600815  0.781712023795

0.070322  0.90245508792
0.0597838  0.782106053752

0.0497974  0.858325286533
0.0600493  0.79209703653

0.096161  0.768719166819
0.0600987  0.787264116713

0.0502014  0.895108254793
0.0601697  0.781615419651

0.0764393  0.481323075073
0.0600456  0.776213719809

0.0585121  0.905564736256
0.0598648  0.767693899924

0.0738817  0.777333574848
0.0596584  0.784250884385

0.0537811  0.720226156256
0.0599638  0.790763387065

0.0602633  0.856048137909
0.0600596  0.801329600936

0.0906898  0.341642458978
0.0597543  0.792248029459

0.0954269  0.621688105817
0.0601487  0.792678623159

0.0500132  0.776030355629
0.0600509  0.803751676647

0.0560931  0.931576514101
0.0602369  0.799286843024

0.132067  0.625719081945
0.0603309  0.789798173193

0.0578567  0.709149354408
0.0601819  0.796125016549

0.0692737  0.791191594008
0.0606765  0.792813507286

0.0679029  0.772232373565
0.0605284  0.80138630799

0.0778111  0.80590937536
0.0609436  0.801769398753

