0.098538  0.797769627279
0.241897  0.739327237152
0.250643  0.721755630859

0.0985061  0.797823784223
0.241641  0.739771882891
0.250183  0.722197510329

0.098473  0.797643838817
0.242011  0.739338949668
0.250743  0.722058022048

0.0984405  0.797960328169
0.242067  0.739535322474
0.250656  0.722449320133

0.0984101  0.79816982635
0.242218  0.739651299167
0.250885  0.722478322387

0.0983745  0.797753582447
0.241933  0.739491259825
0.250819  0.72158553906

0.0983424  0.798662474662
0.24185  0.74019542953
0.250755  0.722865085971

0.0983076  0.798425081245
0.242143  0.73999712554
0.2511  0.721894044176

0.0982793  0.797848048504
0.242488  0.739265941514
0.251505  0.721525032696

0.0982449  0.798918369981
0.242234  0.740375150918
0.250893  0.722713652869

0.0982125  0.798975276614
0.242613  0.740404213537
0.251459  0.722371234399

0.0981823  0.799175049809
0.242511  0.740367408891
0.251422  0.722748220526

0.0981583  0.799189160668
0.242635  0.740630041445
0.251456  0.722816073721

0.09812  0.798747808593
0.24263  0.740186755536
0.251709  0.722022913677

0.0980895  0.798878351746
0.242436  0.740107440199
0.250986  0.722104050052

0.0980603  0.798906410211
0.242706  0.739982673195
0.251302  0.721851932316

0.0980286  0.799180489031
0.242898  0.740182473968
0.251419  0.722658744685

0.0979979  0.799652090562
0.242752  0.740570813706
0.251297  0.722748742698

0.0979669  0.799445573867
0.242685  0.740243537412
0.251265  0.722624999461

0.0979389  0.799563612613
0.242713  0.740266221549
0.25133  0.722656091976

0.0979038  0.799916288779
0.243219  0.740754132366
0.251807  0.722580775833

0.0978805  0.799673735887
0.24287  0.740544625161
0.251508  0.72306909935

0.0978467  0.799960037128
0.243203  0.74071721196
0.251902  0.722132240916

0.0978159  0.799401623149
0.243235  0.740091272106
0.252137  0.721881313701

0.0977837  0.800020373041
0.243251  0.74063021826
0.25213  0.722141572579

0.0977599  0.800143724318
0.243106  0.74086448039
0.251728  0.722675810918

0.0977282  0.800194267776
0.243312  0.740672582881
0.251829  0.723737184268

0.0976991  0.800447763907
0.243322  0.741006418984
0.252003  0.723016649432

0.0976716  0.800582548691
0.243794  0.74088113196
0.252664  0.722963553887

0.0976418  0.800473524592
0.243849  0.740780789486
0.252651  0.722853122016

0.097612  0.800602174223
0.24329  0.74111100526
0.252245  0.722971301317

0.0975851  0.800344076893
0.243508  0.740687793821
0.252142  0.722713737287

0.0975544  0.800485196736
0.243495  0.740819996404
0.252123  0.722967276905

0.0975276  0.800377889992
0.244038  0.740750101138
0.252554  0.722925512148

0.097501  0.800815453437
0.244044  0.741081544702
0.252589  0.723570844807

0.0974818  0.800967985499
0.243311  0.741234840407
0.251893  0.723258862533

0.0974498  0.800757337936
0.243993  0.741067757463
0.252835  0.722720779316

0.0974213  0.801014720782
0.243816  0.740991353631
0.252425  0.72313009333

0.0973893  0.801545659733
0.244193  0.741591465921
0.252857  0.723266015276

0.0973623  0.801309649447
0.243905  0.741507032785
0.252689  0.723295889673

0.0973369  0.80125790917
0.244318  0.740901263677
0.253007  0.722994413911

0.0973084  0.80106889125
0.24411  0.741275658069
0.252978  0.722947889634

0.0972815  0.801125417488
0.243866  0.740937275096
0.252263  0.722580021135

0.0972576  0.801616226399
0.24404  0.741500935317
0.252451  0.722941117963

0.0972313  0.80085644287
0.244449  0.740651893966
0.2531  0.722617522946

0.0971951  0.801737476282
0.24448  0.741610157885
0.253032  0.723775309119

0.0971677  0.801341897024
0.244455  0.741362557283
0.253085  0.723413018002

0.0971432  0.801639578847
0.244305  0.741746472919
0.252854  0.724015887303

0.0971134  0.801558832016
0.244778  0.741623108935
0.253337  0.723417460606

0.0970989  0.80154399382
0.24475  0.74143865247
0.253344  0.72318587719

0.097091  0.801728937124
0.244596  0.74145097873
0.253056  0.723614481491

0.0970837  0.801695317954
0.244767  0.741570866361
0.253352  0.723356863237

0.0970772  0.80169091604
0.244707  0.741508345943
0.253295  0.723142356419

0.0970723  0.801902989014
0.244713  0.741766598333
0.253255  0.723612765899

0.0970682  0.80161945721
0.244809  0.741424796925
0.25334  0.723272173976

0.097064  0.801578745049
0.244759  0.741493996613
0.253317  0.723470746532

0.0970598  0.801810453511
0.244784  0.741666337619
0.253307  0.723596227794

0.0970563  0.801873966646
0.244821  0.741741526428
0.253319  0.723603941207

0.0970527  0.801688417333
0.244739  0.741523595218
0.253226  0.723219484154

0.0970478  0.801861750383
0.244806  0.741722732282
0.253356  0.723330062467

0.0970446  0.801852218905
0.244802  0.741703656873
0.25341  0.723499274533

0.0970407  0.801863489883
0.244837  0.741743280842
0.253329  0.72340703264

0.0970377  0.801890394156
0.244821  0.741685769759
0.253312  0.723460245746

0.0970339  0.801876333654
0.244948  0.741749025367
0.253488  0.723638557346

0.0970311  0.801699231274
0.245025  0.741458287238
0.253598  0.723442828326

0.0970275  0.801768195272
0.244995  0.741601071325
0.253596  0.723437678979

0.097025  0.801679258742
0.244922  0.741299052383
0.253506  0.723402711546

0.0970211  0.80173059623
0.244948  0.741529462266
0.253587  0.72356494024

0.0970208  0.802023381966
0.245231  0.741790877346
0.253803  0.72382461628

0.0970149  0.801717360435
0.244891  0.741429190836
0.253513  0.723329685997

0.0970111  0.801826890569
0.245024  0.741735769832
0.253612  0.723257521819

0.0970096  0.801668337438
0.244947  0.741408291128
0.253531  0.723297328876

0.097007  0.801680232299
0.244875  0.741154454049
0.253442  0.723130127471

0.0970015  0.80206590919
0.245023  0.74179788145
0.253518  0.723683563278

0.096999  0.802029921716
0.24501  0.741721335145
0.253581  0.723854511059

0.0969959  0.801945521983
0.245043  0.741663762103
0.253606  0.723488922259

0.0969941  0.801983145033
0.244828  0.741566593113
0.253316  0.723583085217

0.0969897  0.802016114084
0.245081  0.74176127057
0.253662  0.723449762996

0.0969868  0.801974429402
0.244934  0.741619964362
0.253441  0.723554369566

0.0969861  0.802097636013
0.24515  0.741818374598
0.253711  0.723697579924

