0.237831  0.522218300637
0.297767  0.520182188145
0.256355  0.524560396266

0.222934  0.529166833109
0.281827  0.523787923899
0.242159  0.535155093187

0.212073  0.54086693396
0.266347  0.533942610761
0.231469  0.546426051356

0.20724  0.547656590611
0.259595  0.540118208329
0.226207  0.55059331051

0.204579  0.548460065811
0.256262  0.540404258161
0.223811  0.552784301071

0.202715  0.550068417551
0.254188  0.541528157506
0.221962  0.552534489941

0.201253  0.554650964972
0.251894  0.545001422921
0.220651  0.557349250332

0.200043  0.554609126529
0.250358  0.545088168532
0.219387  0.554241381429

0.198901  0.556641114891
0.248807  0.546115550528
0.21919  0.557554468933

0.198026  0.559982182657
0.247782  0.549339461099
0.218123  0.561960798566

0.197076  0.555740795974
0.24739  0.545233340669
0.21762  0.555439979754

0.196178  0.557708825542
0.246365  0.54731247003
0.217941  0.557717732811

0.195336  0.55791008727
0.244488  0.547212146903
0.217588  0.556492074046

0.194566  0.55749670091
0.244135  0.546868309508
0.217741  0.555237581245

0.193738  0.561359077016
0.242326  0.550315551353
0.217117  0.559608304044

0.192988  0.561135531591
0.241432  0.550220516264
0.217163  0.558894683992

0.192226  0.559688389698
0.240742  0.549367095211
0.217505  0.554996674716

0.191495  0.562253340182
0.239673  0.551251279825
0.217045  0.557085884742

0.19083  0.558069537168
0.23906  0.547445231036
0.217279  0.551404862067

0.190113  0.563076790561
0.238615  0.552212280975
0.216873  0.556644885743

0.189495  0.561840643591
0.23822  0.550151108607
0.216619  0.55630160573

0.188754  0.56322589993
0.236789  0.552139765059
0.216493  0.555941900586

0.188701  0.56330515828
0.236725  0.55289828056
0.216304  0.55774203189

0.187408  0.563717468596
0.235563  0.552346708604
0.215842  0.554594502667

0.186685  0.568748880239
0.23445  0.557939050992
0.215326  0.559263043778

0.186092  0.565389232824
0.23396  0.554167363686
0.216416  0.555573469788

0.185414  0.567333662829
0.233412  0.556133680593
0.215383  0.557903835654

0.184712  0.56711079121
0.232204  0.5557931184
0.215115  0.557516614524

0.184139  0.568825281949
0.232816  0.558004751353
0.215901  0.560127595918

0.183357  0.568327500983
0.231649  0.557426078733
0.2149  0.55723497588

0.182673  0.569189922118
0.231029  0.558378819016
0.215254  0.558030150124

0.181962  0.571475942479
0.230362  0.560935933011
0.214433  0.560687156453

0.181332  0.570622673024
0.230526  0.559958845262
0.213916  0.56173739509

0.18059  0.574842383655
0.230074  0.565398101413
0.214687  0.563710331508

0.179938  0.574212431243
0.229059  0.565013618819
0.214321  0.560922455639

0.179225  0.573505183277
0.228665  0.5644503658
0.213815  0.561880147948

0.178525  0.576424565663
0.228547  0.567908625776
0.214111  0.564384940339

0.177857  0.57476685635
0.227899  0.565969782647
0.214032  0.56089875606

0.177286  0.576512533035
0.227057  0.568215165212
0.213637  0.563709502097

0.176744  0.577405884119
0.227161  0.568895695603
0.213286  0.564758212783

0.176  0.579588667125
0.226305  0.571448657419
0.212533  0.567211824447

0.175356  0.578974421068
0.226362  0.571445911176
0.213414  0.565953072533

0.174585  0.583019783362
0.225568  0.574860431056
0.213759  0.569643705981

0.17404  0.580575618451
0.225889  0.571667365415
0.213097  0.567782083887

0.173374  0.582102054574
0.225865  0.574747208594
0.214114  0.567810250099

0.172767  0.580890045005
0.225188  0.574760388103
0.213729  0.567738945804

0.172056  0.581845964059
0.22519  0.575353265069
0.214195  0.567559073829

0.171349  0.58506863968
0.223888  0.579091105327
0.214604  0.571827836557

0.170663  0.584911830369
0.223889  0.578363413583
0.213181  0.571803381782

0.170042  0.58701053447
0.223709  0.580267208208
0.214097  0.574941033322

0.169342  0.588399834848
0.223395  0.581303815541
0.214741  0.572752363451

0.168759  0.588284031931
0.22336  0.582234990365
0.214921  0.574572745807

0.168129  0.590884727734
0.221205  0.584557572429
0.213945  0.577204954051

0.167694  0.585737389125
0.222284  0.578262364401
0.214089  0.571026640789

0.167196  0.589390002953
0.221938  0.583195383666
0.213392  0.575366691138

0.1663  0.590936835076
0.221189  0.586200543808
0.214816  0.576955187876

0.165766  0.591346546682
0.220651  0.588051026339
0.214474  0.575906664515

0.165056  0.590908660676
0.220174  0.586787894718
0.214697  0.572668245303

