0.109  0.536805073194
0.0953778  0.518903441191

0.0976745  0.624049550901
0.0878178  0.593030234469

0.0926986  0.673343434936
0.0830108  0.634414736922

0.0905482  0.718439312877
0.0804672  0.676268269989

0.0896219  0.738072396349
0.0795092  0.691162485311

0.0895088  0.752568579526
0.0793308  0.704607764523

0.0892504  0.763493425509
0.0792209  0.716762304089

0.0885834  0.778523770557
0.0786102  0.7340730865

0.0885189  0.7904062146
0.078174  0.752842008359

0.0880347  0.802342706626
0.0777633  0.765204588639

0.0877303  0.804825837168
0.0772332  0.768668602119

0.0873753  0.812209896697
0.0767988  0.776436622205

0.0868174  0.819526541347
0.0762056  0.785115073566

0.0864467  0.830502391151
0.0757835  0.798690160782

0.0863179  0.834798715935
0.0756223  0.804521236141

0.0858828  0.837522606156
0.075313  0.805277329728

0.0856404  0.841478993242
0.0751881  0.808990352249

0.0854176  0.845200335928
0.0750336  0.809634997032

0.0851178  0.847812838019
0.0747321  0.811947277771

0.084765  0.847868766407
0.0745186  0.811561329536

0.0848188  0.851585428425
0.07451  0.814319924935

0.0848192  0.851131273091
0.0745901  0.813536178684

0.0846345  0.850663479863
0.0744529  0.81182100263

0.0843114  0.853080169513
0.0741912  0.815095071691

0.0845414  0.854922989178
0.0744408  0.816391273888

0.0846755  0.854989904475
0.0744701  0.815406070799

0.0844827  0.854716677172
0.0743016  0.814069467028

0.0841788  0.847975963861
0.0742325  0.807421378997

0.0840044  0.854877941629
0.0740095  0.813619650383

0.0841436  0.855823415379
0.0741582  0.815404909863

0.0841707  0.855362577692
0.0742088  0.81437622428

0.0840259  0.857284511016
0.0740486  0.816571872939

0.0838543  0.854508426169
0.0740532  0.813305524499

0.0837933  0.85889906913
0.0740435  0.817743082659

0.0841302  0.858724342125
0.0742325  0.817119856121

0.0838406  0.86236485471
0.0740093  0.821133260378

0.0836479  0.862849310727
0.0738879  0.820886126375

0.0837846  0.857643389414
0.0740264  0.814818870521

0.0839258  0.86169052236
0.0740111  0.818659546041

0.0837046  0.862844454262
0.0739777  0.818808391487

0.0836958  0.863854835994
0.0737964  0.820345093449

0.0840018  0.857152723279
0.0741631  0.812842530991

0.083561  0.858083167666
0.0738561  0.812673405094

0.0837385  0.857851595272
0.0740138  0.812495296136

0.0835198  0.859343346162
0.0738216  0.812986151038

0.0835678  0.861804933664
0.0737523  0.816119371837

0.0834886  0.859663954249
0.0736559  0.813647967014

0.083497  0.856265594948
0.0738632  0.808825989964

0.0838468  0.857525766424
0.0741606  0.809098841276

0.0834092  0.86752190146
0.0736578  0.821138637284

0.0832787  0.864959976914
0.0736654  0.817437704406

0.0833227  0.855497030542
0.0737988  0.80766764869

0.0833056  0.867639943969
0.0736686  0.819455284438

0.0836281  0.864373059103
0.0739148  0.81563180014

0.0836863  0.868817608941
0.0739464  0.819609748679

0.0834202  0.866764627876
0.0737827  0.818234688505

0.0830448  0.869444846097
0.0734621  0.820674038192

0.0834202  0.868590961786
0.0737113  0.819049768127

0.0832143  0.871418914641
0.0735932  0.821622004595

0.0836657  0.871560951644
0.0739338  0.822070128115

0.0833901  0.866844640315
0.0737908  0.816629924041

0.0834004  0.867593655492
0.0738354  0.816953050294

0.0837658  0.869064156426
0.0740365  0.81893883697

0.0832046  0.864705066318
0.0735346  0.814444043245

0.0830576  0.869053921266
0.0735514  0.818344230875

0.0828779  0.863166939216
0.0734413  0.812593438979

0.0832749  0.860748582447
0.0736802  0.808240355587

0.0835892  0.864074131402
0.0738892  0.811796747536

0.0835501  0.865772647062
0.0738876  0.812462986665

0.0830008  0.865278987609
0.0734637  0.812430396392

0.0832281  0.867409630711
0.0736471  0.81413901073

0.0830107  0.869879988446
0.0733185  0.817463792972

0.0833021  0.86680688732
0.0737793  0.812368520024

0.0830359  0.861040015954
0.0736318  0.805996938557

0.0827134  0.862664886796
0.0733566  0.809166019576

0.0829504  0.867770822125
0.0734203  0.814003154547

0.0828143  0.861472701981
0.0733293  0.807918814915

0.0832167  0.867292441139
0.0736809  0.812970120259

0.083114  0.866526061393
0.0735804  0.812284545095

0.0830617  0.863115449339
0.0735987  0.806937703981

0.0827981  0.869176140962
0.0733118  0.81343229423

0.0826395  0.866476515888
0.0732286  0.811214277695

0.0828177  0.8691302681
0.0733716  0.814377556279

0.0830429  0.861980906001
0.0735646  0.807299657984

0.0830648  0.863781718665
0.073531  0.808487913897

0.0825606  0.864401035776
0.0732983  0.809351244447

0.0831381  0.864323485164
0.073504  0.808674674109

0.0825885  0.853769443074
0.0733926  0.797327375648

0.0831669  0.862274415134
0.0737103  0.80605256101

0.0828404  0.859484153208
0.0735646  0.803728474092

