0.3471  0.67925646742
0.416897  0.653394552666
0.372995  0.668094344652

0.331253  0.699496954606
0.402999  0.671443706944
0.35912  0.691003012778

0.320448  0.714007990323
0.390234  0.685860779979
0.348592  0.705344563767

0.314329  0.712069507188
0.383519  0.685416191936
0.34374  0.706095661425

0.310269  0.705199474955
0.38007  0.679610645505
0.340546  0.700061773968

0.307115  0.701184412002
0.377695  0.677088693322
0.338446  0.697425232152

0.304458  0.702480551286
0.373141  0.678162827351
0.336387  0.700812084076

0.30214  0.70083781358
0.370721  0.676815167572
0.334005  0.700361171001

0.299899  0.697939244109
0.369508  0.674009877671
0.333675  0.698721691618

0.297985  0.70028252231
0.365812  0.676805010893
0.332529  0.701279566395

0.296011  0.695283389071
0.3645  0.673013436257
0.330771  0.697428864122

0.293731  0.696141296742
0.363575  0.673606829239
0.329463  0.699353945335

0.291696  0.696108221231
0.361512  0.673651351189
0.329542  0.699442615501

0.28912  0.696090512713
0.35943  0.674486652304
0.329699  0.69837155188

0.28628  0.699685515309
0.354559  0.679138602439
0.328123  0.701155486897

0.283393  0.701887597241
0.350877  0.683195538539
0.326816  0.702647724957

0.280514  0.700839750108
0.348775  0.682102904634
0.326808  0.698270581699

0.27752  0.70441733
0.344161  0.686940714063
0.325994  0.699763851788

0.274796  0.702679743348
0.341883  0.684962191878
0.325273  0.697152538069

0.271778  0.707305047046
0.337945  0.689054004414
0.324848  0.700732498116

0.269238  0.709734589687
0.336831  0.690926446521
0.325727  0.70239967939

0.266494  0.711513195612
0.333467  0.693398829747
0.322907  0.704764553552

0.263804  0.714715153472
0.331973  0.695365472982
0.32239  0.703680490766

0.26152  0.717031426009
0.328879  0.698048318382
0.323247  0.706859015034

0.258751  0.722283641492
0.328832  0.70276272699
0.32282  0.710780927799

0.256468  0.720853510011
0.325236  0.702672983948
0.322594  0.707785321479

0.25422  0.724080855621
0.32306  0.704059088732
0.321007  0.713385949463

0.251987  0.730501353362
0.3231  0.709180948613
0.321589  0.718333943328

0.249882  0.731430307538
0.318686  0.711847183489
0.319954  0.720761539197

0.248036  0.732956069552
0.31855  0.712621339739
0.321792  0.718695969832

0.245965  0.736588279462
0.317275  0.715779505731
0.319941  0.724416412093

0.243917  0.739559708692
0.31446  0.718477496482
0.320593  0.727825166732

0.242139  0.744250654615
0.314125  0.722573405442
0.319893  0.728708328886

0.240002  0.74290977074
0.313722  0.721189815782
0.322214  0.728535244234

0.23861  0.745595915562
0.311999  0.724023383552
0.317928  0.731444603382

0.236682  0.75005247718
0.312298  0.729968506831
0.3224  0.734227061234

0.235098  0.751690990631
0.309076  0.731150361874
0.320448  0.735497200815

0.233934  0.751279675538
0.30855  0.730848006243
0.319151  0.733365969408

0.231905  0.754720719777
0.30902  0.733279672267
0.321437  0.736529438521

0.230333  0.754479628922
0.306047  0.733602318143
0.318452  0.736922929269

0.229625  0.758369623495
0.304375  0.738492685985
0.318057  0.738652009164

0.227853  0.759985972513
0.3059  0.739344541103
0.319327  0.740602929047

0.226499  0.761446863142
0.305074  0.740517701885
0.3208  0.742145376247

0.224982  0.763137737041
0.304512  0.742062608828
0.321824  0.741833087458

0.223503  0.764866887336
0.303302  0.74377731328
0.321996  0.743095398624

0.22204  0.766667470751
0.302311  0.7453466264
0.321589  0.742162342916

0.220796  0.76771627524
0.303216  0.745942543797
0.322663  0.744012032884

0.219848  0.768570011197
0.300962  0.746653920279
0.322148  0.743988556325

0.218397  0.770457954155
0.300752  0.748465003571
0.321315  0.744708225128

0.217013  0.773043574741
0.301069  0.749992990047
0.322811  0.746833669065

0.216716  0.774078368409
0.299983  0.751859595333
0.321084  0.74659458465

0.215171  0.773939623807
0.298964  0.750959410755
0.322233  0.747947248501

0.213801  0.77504206768
0.298441  0.752044332125
0.323825  0.746316624153

0.21315  0.775567456834
0.29606  0.752865832826
0.322903  0.742456904148

0.211631  0.776734275829
0.298235  0.753354143596
0.325449  0.747361073324

0.210378  0.779527137871
0.296736  0.755944922014
0.322729  0.749183994667

0.209162  0.779346302009
0.297055  0.755962579547
0.327171  0.746812532557

0.208036  0.780755653827
0.297035  0.756165337754
0.324137  0.747583374254

0.207284  0.782761438856
0.296871  0.757734542943
0.323652  0.747929725405

0.205984  0.78251324127
0.296618  0.757611929218
0.323751  0.748510808065

0.204883  0.784671302156
0.298181  0.758699691915
0.325594  0.750682995786

0.203997  0.785286278472
0.297953  0.758666828319
0.325154  0.749560193936

0.202945  0.786700796287
0.296918  0.759846315296
0.325237  0.74880888398

0.201931  0.787899490019
0.296921  0.761833030159
0.326827  0.750195692658

0.200957  0.788256763578
0.296823  0.761147750876
0.329265  0.750553890278

0.199972  0.788588814659
0.296153  0.760195310977
0.327614  0.749321072361

0.199089  0.789270364328
0.296889  0.761538944062
0.32644  0.749210564915

0.198181  0.788317609293
0.296957  0.760711002587
0.331421  0.748445275324

0.197221  0.792420408509
0.296643  0.763416583008
0.328575  0.751003375959

0.196318  0.792757470018
0.296967  0.762821232712
0.329458  0.749999999429

0.19538  0.791748470675
0.296489  0.762554886747
0.329846  0.748868244427

0.194465  0.793859403629
0.296965  0.763711843997
0.330885  0.751157700831

0.19356  0.795327004274
0.295954  0.76612363215
0.330546  0.751176269156

0.192742  0.797502419127
0.296821  0.766845561964
0.332453  0.750710079096

0.191856  0.797903507515
0.297171  0.767112543395
0.333858  0.751543578684

0.190987  0.798169215304
0.297298  0.766761368392
0.336535  0.752743997499

0.190124  0.799395568677
0.296425  0.768653202965
0.335629  0.752691381202

0.189339  0.798827652341
0.297068  0.766910870271
0.336533  0.75015284499

0.188525  0.800286584681
0.296199  0.768756979895
0.336183  0.751904068992

0.187651  0.801682634915
0.296967  0.768535753523
0.336451  0.752942635447

0.186996  0.800382589027
0.296889  0.76792693387
0.336335  0.750155760031

0.186191  0.802345785858
0.297437  0.768933183077
0.337273  0.752783381882

0.185369  0.801886600971
0.296745  0.768692137515
0.337121  0.751403787018

0.184562  0.802168546422
0.297463  0.76803135575
0.341832  0.749647855815

0.183819  0.803888723227
0.296757  0.770280896482
0.340856  0.752073271991

0.183143  0.805033849853
0.297472  0.770254305235
0.342051  0.752302508064

0.182402  0.805350667974
0.298161  0.770457661146
0.341932  0.752476912117

0.181692  0.80650987001
0.296922  0.771433140603
0.34198  0.751848745738

0.180948  0.805731977837
0.29783  0.770769886777
0.344081  0.750776794252

0.180248  0.809502226764
0.297444  0.773735318563
0.341997  0.755092835357

0.179495  0.809306870772
0.297733  0.773255755454
0.344214  0.754479965123

0.178901  0.808917942878
0.297515  0.772656928094
0.344086  0.752470101407

0.178242  0.808876422837
0.29815  0.771217833107
0.346256  0.751702672361

0.177775  0.809453292569
0.299043  0.772866614485
0.34665  0.752467667444

0.17699  0.809633401681
0.298465  0.772134898933
0.348215  0.752098672556

0.176281  0.811374041689
0.298754  0.773865576541
0.348677  0.75409189741

0.175554  0.813435817644
0.298554  0.774802308992
0.350907  0.75542843585

0.175027  0.812781547612
0.298363  0.774204109644
0.352317  0.753829078643

0.174266  0.814507158202
0.299592  0.775277024556
0.349317  0.754034545261

