0.125059  0.668455460417
0.228589  0.635292481687
0.232567  0.62826885365

0.125026  0.668635039398
0.228824  0.635621323541
0.232692  0.62827248353

0.125001  0.668279905858
0.228498  0.635266824905
0.232757  0.627176739897

0.124975  0.667077642603
0.228803  0.634691992268
0.232902  0.626446189406

0.124942  0.667829754656
0.228751  0.63517321913
0.232477  0.626325654433

0.124913  0.669229394638
0.22854  0.636188278296
0.232119  0.628227017983

0.124883  0.66917481429
0.228908  0.636188772986
0.232468  0.628320679338

0.124862  0.668517961763
0.228989  0.635513449896
0.232887  0.627057033801

0.124826  0.668634202092
0.228612  0.635931413651
0.232472  0.627489705788

0.124794  0.670818900599
0.22895  0.637250555544
0.232797  0.62948599005

0.124775  0.669541465947
0.228659  0.636418450839
0.232432  0.628759078857

0.124737  0.669504010392
0.228854  0.636193062196
0.232452  0.628502367593

0.124709  0.669402325114
0.228951  0.636190176845
0.232894  0.628523878413

0.124684  0.668730951525
0.229032  0.635434389536
0.232839  0.628035900239

0.12465  0.669372628326
0.229081  0.636111438542
0.232714  0.628651404515

0.124637  0.669833377996
0.229011  0.636388918108
0.232677  0.629192971627

0.12463  0.670034244321
0.229028  0.636548129415
0.232739  0.629484247456

0.124625  0.669743303532
0.229102  0.63621941748
0.232777  0.628966369441

0.124621  0.669979365455
0.229157  0.636461315952
0.232956  0.629415233349

0.124618  0.670990838001
0.228956  0.637474124573
0.232639  0.630710923355

0.124611  0.670445149165
0.229068  0.636929761197
0.232797  0.629812165138

0.124608  0.670291215625
0.229181  0.636719847991
0.232853  0.629412640846

0.124603  0.670242034522
0.22908  0.636612675952
0.232785  0.629785066039

0.1246  0.670259266616
0.229169  0.636797069315
0.232897  0.629284442125

0.124596  0.670248725902
0.22907  0.636752667821
0.23275  0.629233655741

0.124592  0.669928393411
0.229043  0.636546736995
0.232675  0.629051443158

0.124589  0.670092551585
0.229031  0.636639582675
0.232629  0.629315069306

0.124586  0.670169524366
0.229133  0.636513382652
0.232894  0.629465643807

0.124582  0.67024595246
0.229092  0.636730926009
0.232825  0.62929960982

0.124579  0.670169990392
0.229049  0.636622676545
0.232813  0.629435828053

0.124576  0.670311837363
0.229125  0.636770336889
0.232902  0.629612522488

0.124574  0.670173336774
0.229239  0.636800607025
0.232984  0.628767190476

0.124569  0.670548180426
0.229168  0.636867639359
0.232767  0.629349984486

0.124567  0.670904644723
0.229286  0.637069236898
0.232915  0.629681877606

0.124563  0.670776008972
0.229307  0.637033279313
0.232939  0.629811022737

0.124562  0.670480386428
0.229279  0.636735850068
0.233004  0.629475709753

0.124558  0.670278623509
0.229308  0.636574053314
0.232961  0.629502246388

0.124555  0.670424981583
0.229273  0.636758389266
0.232851  0.629449345481

0.124551  0.670750381566
0.229274  0.636975802779
0.232845  0.629624831593

0.124548  0.670330310132
0.229369  0.636635720027
0.233029  0.62899677645

0.124544  0.670244851465
0.229259  0.636701816497
0.232972  0.629894622547

0.124541  0.670402429988
0.229216  0.636885654625
0.232967  0.62959823727

0.124539  0.670135576218
0.229283  0.63648720673
0.232961  0.629213644862

0.124537  0.670389488704
0.229346  0.63662892325
0.232999  0.629345507154

0.124532  0.670250237206
0.229338  0.636559586966
0.232907  0.629167707051

0.124529  0.670319136453
0.22927  0.636666394201
0.232834  0.629588562034

0.124526  0.670722859782
0.229277  0.636926341855
0.232871  0.630020526715

0.124523  0.670543221294
0.22926  0.636901812836
0.232968  0.629906838864

0.124521  0.670800740438
0.229368  0.636874435417
0.233053  0.629723884319

0.124518  0.670460036061
0.229327  0.636557142041
0.233086  0.629224632369

0.124514  0.670445403836
0.229266  0.636650136565
0.233012  0.628843968681

0.124511  0.670507917459
0.229123  0.636859149186
0.232829  0.629373072221

0.124509  0.67018175508
0.229184  0.636545623862
0.23283  0.628781074853

0.124506  0.670383641639
0.229325  0.636537846378
0.233188  0.629115962581

0.124502  0.670488748367
0.229216  0.636729548801
0.23296  0.629478290928

0.124499  0.670563613939
0.229241  0.636719346807
0.233027  0.62929189828

0.124497  0.670369446016
0.229305  0.636511328198
0.233001  0.629042516111

0.124493  0.670354056487
0.229337  0.63656381136
0.233143  0.62943257319

0.12449  0.67015706315
0.22929  0.636357582688
0.233094  0.629197514599

0.124487  0.670396582449
0.229184  0.636752330609
0.232963  0.629289637576

0.124484  0.670349339347
0.229293  0.636584743492
0.233001  0.629094800701

0.124481  0.670716882053
0.229336  0.636894695562
0.233001  0.629559356024

0.124477  0.670205741274
0.229221  0.636605925595
0.23286  0.629095703049

0.124474  0.670350010838
0.229214  0.636578707837
0.232959  0.629228746246

0.124472  0.670616046605
0.229287  0.63690008708
0.233074  0.630024011535

0.124469  0.670805688505
0.229338  0.637039871009
0.233064  0.62993940788

0.124466  0.671228761654
0.229234  0.637224468073
0.233026  0.630100013649

0.124464  0.671137972058
0.229138  0.6371145695
0.232828  0.630119030233

0.12446  0.670593351261
0.229216  0.636788628143
0.232856  0.629455425464

0.124457  0.670517231413
0.229293  0.636662829024
0.233076  0.629585800144

0.124454  0.670764183692
0.229241  0.636977201717
0.232953  0.629746457489

0.124452  0.671146210688
0.229197  0.637033037239
0.233028  0.629880949226

0.124448  0.670185122672
0.229228  0.636471012738
0.233073  0.629207255874

0.124446  0.670034215457
0.229241  0.636487012459
0.233076  0.629265245674

0.124442  0.670837118185
0.229315  0.636895522401
0.23305  0.629780116897

0.12444  0.670599000407
0.229308  0.636790336727
0.233123  0.629771355775

0.124438  0.671076677872
0.229296  0.637127359173
0.233115  0.630101531141

0.124435  0.670722266722
0.229331  0.636767984038
0.233131  0.629688895565

0.124431  0.67049475762
0.229236  0.636862186751
0.233042  0.629442889753

0.124429  0.670514072055
0.229343  0.636623831359
0.233223  0.629662893568

0.124424  0.670532488262
0.229301  0.636730842094
0.233095  0.629509141615

0.124423  0.670679911791
0.229341  0.636958892236
0.232957  0.63003224861

0.12442  0.670578963712
0.229325  0.636679852362
0.233153  0.629717118987

0.124417  0.670968187395
0.229255  0.636938612683
0.233015  0.630007832726

0.124413  0.670446987483
0.229286  0.636520566078
0.233029  0.629513594968

0.12441  0.670628960188
0.229347  0.636680340298
0.233047  0.629677797312

0.124408  0.670474718078
0.229311  0.636663959274
0.232955  0.629910032959

0.124405  0.670487972368
0.229416  0.63642772589
0.233212  0.629842445617

0.124402  0.670314904755
0.229399  0.636342304112
0.233224  0.629487712515

0.124399  0.670113372217
0.229307  0.636270397481
0.233118  0.629334773404

