0.212111  0.524449109213
0.28695  0.537069915938
0.24235  0.553678100918

0.202645  0.533934268032
0.274561  0.545058510242
0.231204  0.55448004871

0.199317  0.537378795458
0.27005  0.546761525007
0.22737  0.555809136382

0.197178  0.537750193249
0.266704  0.546045468862
0.225046  0.554874673993

0.195413  0.540593583886
0.26333  0.547933676082
0.224102  0.557317889648

0.193821  0.543517702033
0.260727  0.550768481607
0.223068  0.559543586971

0.192405  0.544048887034
0.259426  0.55028549321
0.222182  0.561481648118

0.191041  0.547041074073
0.256722  0.553763465279
0.220984  0.563661546187

0.189675  0.54799855099
0.255486  0.553981191262
0.220162  0.565456081943

0.188357  0.550798854334
0.253882  0.558389706112
0.219325  0.567215558572

0.18697  0.553290428548
0.253102  0.561464362271
0.218854  0.570048058819

0.185501  0.557940193686
0.252117  0.56494261589
0.218687  0.57409334132

0.183824  0.56322080453
0.250938  0.570853114527
0.217856  0.578947587217

0.181997  0.571763613792
0.24859  0.577884725615
0.217274  0.590088841432

0.179995  0.583251583667
0.248065  0.588635264505
0.217138  0.604713375222

0.177795  0.595805476188
0.246457  0.600950196477
0.216  0.618518462519

0.175739  0.606949714555
0.244973  0.612905935569
0.214819  0.626195868757

0.173639  0.611910839104
0.243491  0.616926377279
0.213489  0.631620918006

0.171771  0.620888283099
0.241894  0.625609480662
0.21304  0.640894008668

0.169895  0.623398902098
0.240994  0.628679585813
0.212836  0.639799708159

0.168197  0.630844749823
0.23883  0.636969798223
0.212217  0.64792036574

0.166729  0.634371930358
0.238036  0.640536741858
0.212273  0.652611935059

0.165009  0.638959661669
0.235909  0.645625476753
0.212188  0.651368924662

0.163543  0.63886391305
0.234648  0.646318839809
0.211458  0.658134313953

0.162025  0.646350250921
0.233362  0.655103624056
0.211405  0.65974070326

0.160499  0.646985762221
0.232353  0.65548429616
0.211499  0.661586133633

0.15905  0.654746833669
0.232046  0.660709850596
0.211465  0.66664415886

0.157564  0.65299075756
0.231557  0.659969612684
0.211361  0.664950921222

0.15628  0.657307705471
0.230668  0.664189466753
0.211816  0.66652684673

0.154946  0.659431307479
0.230378  0.665364171583
0.211891  0.666876894183

0.153721  0.659739738184
0.229021  0.666545146678
0.21075  0.669150742491

0.152437  0.6639106666
0.230268  0.670162578854
0.211796  0.666898020519

0.151134  0.669336426641
0.229549  0.672555638996
0.211109  0.674681819289

0.149976  0.666604682836
0.228636  0.67171917592
0.211397  0.670693509008

0.148719  0.67178139615
0.228914  0.675561453512
0.211482  0.67506478729

0.147627  0.673639557704
0.22956  0.677260007981
0.211722  0.675053343581

0.14653  0.674335427319
0.229098  0.679030590028
0.212425  0.6758624952

0.14543  0.674859862276
0.229335  0.678104819831
0.211956  0.674140336853

0.144446  0.677229256544
0.230677  0.681730697346
0.212483  0.676176455029

0.143397  0.677870104845
0.230307  0.682139924441
0.211905  0.674245774848

0.142423  0.677890884721
0.230909  0.68050034074
0.212198  0.674254256724

0.141379  0.682107465259
0.230939  0.684697166982
0.212932  0.677379526025

0.140418  0.68151871403
0.23202  0.683629095477
0.213334  0.676102407426

0.139498  0.685103200343
0.231533  0.685722232066
0.212775  0.678316821627

0.138549  0.685337585675
0.230902  0.68655981881
0.214232  0.679573675802

0.13768  0.688222121835
0.231445  0.689201103888
0.214218  0.680321363233

0.136816  0.686574316494
0.231077  0.687617462088
0.213946  0.678969843984

0.135957  0.689984747795
0.231702  0.689796169087
0.21477  0.680589080273

0.135053  0.691109099362
0.232685  0.688998412349
0.214844  0.680818123199

0.134221  0.692725571817
0.23182  0.691961570847
0.215713  0.680688003046

